[2024-05-09T08:35:26.546+0000] {local_task_job_runner.py:120} INFO - ::group::Pre task execution logs
[2024-05-09T08:35:26.618+0000] {taskinstance.py:2076} INFO - Dependencies all met for dep_context=non-requeueable deps ti=<TaskInstance: scheduler_crontab_v3.hello_world scheduled__2024-05-03T00:00:00+00:00 [queued]>
[2024-05-09T08:35:26.636+0000] {taskinstance.py:2076} INFO - Dependencies all met for dep_context=requeueable deps ti=<TaskInstance: scheduler_crontab_v3.hello_world scheduled__2024-05-03T00:00:00+00:00 [queued]>
[2024-05-09T08:35:26.636+0000] {taskinstance.py:2306} INFO - Starting attempt 1 of 6
[2024-05-09T08:35:26.680+0000] {taskinstance.py:2330} INFO - Executing <Task(PythonOperator): hello_world> on 2024-05-03 00:00:00+00:00
[2024-05-09T08:35:26.694+0000] {logging_mixin.py:188} WARNING - /home/***/.local/lib/python3.12/site-packages/***/task/task_runner/standard_task_runner.py:61 DeprecationWarning: This process (pid=6703) is multi-threaded, use of fork() may lead to deadlocks in the child.
[2024-05-09T08:35:26.697+0000] {standard_task_runner.py:63} INFO - Started process 6708 to run task
[2024-05-09T08:35:26.704+0000] {standard_task_runner.py:90} INFO - Running: ['***', 'tasks', 'run', 'scheduler_crontab_v3', 'hello_world', 'scheduled__2024-05-03T00:00:00+00:00', '--job-id', '55', '--raw', '--subdir', 'DAGS_FOLDER/scheduler_crontab.py', '--cfg-path', '/tmp/tmpjrrmrycl']
[2024-05-09T08:35:26.710+0000] {standard_task_runner.py:91} INFO - Job 55: Subtask hello_world
[2024-05-09T08:35:26.832+0000] {task_command.py:426} INFO - Running <TaskInstance: scheduler_crontab_v3.hello_world scheduled__2024-05-03T00:00:00+00:00 [running]> on host dab92a57e2e4
[2024-05-09T08:35:27.063+0000] {taskinstance.py:2648} INFO - Exporting env vars: AIRFLOW_CTX_DAG_OWNER='myself' AIRFLOW_CTX_DAG_ID='scheduler_crontab_v3' AIRFLOW_CTX_TASK_ID='hello_world' AIRFLOW_CTX_EXECUTION_DATE='2024-05-03T00:00:00+00:00' AIRFLOW_CTX_TRY_NUMBER='1' AIRFLOW_CTX_DAG_RUN_ID='scheduled__2024-05-03T00:00:00+00:00'
[2024-05-09T08:35:27.064+0000] {taskinstance.py:430} INFO - ::endgroup::
[2024-05-09T08:35:27.094+0000] {logging_mixin.py:188} INFO - 
****************************************************************
Hello World ! .. . . . . . . . . 
****************************************************************
[2024-05-09T08:35:27.094+0000] {python.py:237} INFO - Done. Returned value was: None
[2024-05-09T08:35:27.104+0000] {taskinstance.py:441} INFO - ::group::Post task execution logs
[2024-05-09T08:35:27.131+0000] {taskinstance.py:1206} INFO - Marking task as SUCCESS. dag_id=scheduler_crontab_v3, task_id=hello_world, run_id=scheduled__2024-05-03T00:00:00+00:00, execution_date=20240503T000000, start_date=20240509T083526, end_date=20240509T083527
[2024-05-09T08:35:27.209+0000] {local_task_job_runner.py:240} INFO - Task exited with return code 0
[2024-05-09T08:35:27.252+0000] {taskinstance.py:3498} INFO - 0 downstream tasks scheduled from follow-on schedule check
[2024-05-09T08:35:27.260+0000] {local_task_job_runner.py:222} INFO - ::endgroup::
