[2024-05-09T06:41:10.614+0000] {local_task_job_runner.py:120} INFO - ::group::Pre task execution logs
[2024-05-09T06:41:11.172+0000] {taskinstance.py:2076} INFO - Dependencies all met for dep_context=non-requeueable deps ti=<TaskInstance: python_operator_v5.Welcome scheduled__2024-05-07T00:00:00+00:00 [queued]>
[2024-05-09T06:41:11.270+0000] {taskinstance.py:2076} INFO - Dependencies all met for dep_context=requeueable deps ti=<TaskInstance: python_operator_v5.Welcome scheduled__2024-05-07T00:00:00+00:00 [queued]>
[2024-05-09T06:41:11.272+0000] {taskinstance.py:2306} INFO - Starting attempt 1 of 6
[2024-05-09T06:41:11.404+0000] {taskinstance.py:2330} INFO - Executing <Task(PythonOperator): Welcome> on 2024-05-07 00:00:00+00:00
[2024-05-09T06:41:11.504+0000] {logging_mixin.py:188} WARNING - /home/***/.local/lib/python3.12/site-packages/***/task/task_runner/standard_task_runner.py:61 DeprecationWarning: This process (pid=2039) is multi-threaded, use of fork() may lead to deadlocks in the child.
[2024-05-09T06:41:11.513+0000] {standard_task_runner.py:63} INFO - Started process 2043 to run task
[2024-05-09T06:41:11.506+0000] {standard_task_runner.py:90} INFO - Running: ['***', 'tasks', 'run', 'python_operator_v5', 'Welcome', 'scheduled__2024-05-07T00:00:00+00:00', '--job-id', '51', '--raw', '--subdir', 'DAGS_FOLDER/python_operator.py', '--cfg-path', '/tmp/tmp1qfn24_n']
[2024-05-09T06:41:11.516+0000] {standard_task_runner.py:91} INFO - Job 51: Subtask Welcome
[2024-05-09T06:41:11.833+0000] {task_command.py:426} INFO - Running <TaskInstance: python_operator_v5.Welcome scheduled__2024-05-07T00:00:00+00:00 [running]> on host dab92a57e2e4
[2024-05-09T06:41:12.580+0000] {taskinstance.py:2648} INFO - Exporting env vars: AIRFLOW_CTX_DAG_OWNER='myself' AIRFLOW_CTX_DAG_ID='python_operator_v5' AIRFLOW_CTX_TASK_ID='Welcome' AIRFLOW_CTX_EXECUTION_DATE='2024-05-07T00:00:00+00:00' AIRFLOW_CTX_TRY_NUMBER='1' AIRFLOW_CTX_DAG_RUN_ID='scheduled__2024-05-07T00:00:00+00:00'
[2024-05-09T06:41:12.584+0000] {taskinstance.py:430} INFO - ::endgroup::
[2024-05-09T06:41:12.751+0000] {logging_mixin.py:188} INFO - 
****************************************************************
Hello World! My name is Rachii Ravindra, and I am 21 years old!
****************************************************************
[2024-05-09T06:41:12.753+0000] {python.py:237} INFO - Done. Returned value was: None
[2024-05-09T06:41:12.754+0000] {taskinstance.py:441} INFO - ::group::Post task execution logs
[2024-05-09T06:41:12.802+0000] {taskinstance.py:1206} INFO - Marking task as SUCCESS. dag_id=python_operator_v5, task_id=Welcome, run_id=scheduled__2024-05-07T00:00:00+00:00, execution_date=20240507T000000, start_date=20240509T064111, end_date=20240509T064112
[2024-05-09T06:41:12.904+0000] {local_task_job_runner.py:240} INFO - Task exited with return code 0
[2024-05-09T06:41:12.966+0000] {taskinstance.py:3498} INFO - 0 downstream tasks scheduled from follow-on schedule check
[2024-05-09T06:41:12.973+0000] {local_task_job_runner.py:222} INFO - ::endgroup::
