[2024-05-09T08:36:12.144+0000] {local_task_job_runner.py:120} INFO - ::group::Pre task execution logs
[2024-05-09T08:36:12.213+0000] {taskinstance.py:2076} INFO - Dependencies all met for dep_context=non-requeueable deps ti=<TaskInstance: scheduler_crontab_v4.hello_world scheduled__2024-05-04T00:00:00+00:00 [queued]>
[2024-05-09T08:36:12.228+0000] {taskinstance.py:2076} INFO - Dependencies all met for dep_context=requeueable deps ti=<TaskInstance: scheduler_crontab_v4.hello_world scheduled__2024-05-04T00:00:00+00:00 [queued]>
[2024-05-09T08:36:12.228+0000] {taskinstance.py:2306} INFO - Starting attempt 1 of 6
[2024-05-09T08:36:12.301+0000] {taskinstance.py:2330} INFO - Executing <Task(PythonOperator): hello_world> on 2024-05-04 00:00:00+00:00
[2024-05-09T08:36:12.312+0000] {logging_mixin.py:188} WARNING - /home/***/.local/lib/python3.12/site-packages/***/task/task_runner/standard_task_runner.py:61 DeprecationWarning: This process (pid=6747) is multi-threaded, use of fork() may lead to deadlocks in the child.
[2024-05-09T08:36:12.313+0000] {standard_task_runner.py:63} INFO - Started process 6752 to run task
[2024-05-09T08:36:12.318+0000] {standard_task_runner.py:90} INFO - Running: ['***', 'tasks', 'run', 'scheduler_crontab_v4', 'hello_world', 'scheduled__2024-05-04T00:00:00+00:00', '--job-id', '63', '--raw', '--subdir', 'DAGS_FOLDER/scheduler_crontab.py', '--cfg-path', '/tmp/tmp1g0y2pdf']
[2024-05-09T08:36:12.322+0000] {standard_task_runner.py:91} INFO - Job 63: Subtask hello_world
[2024-05-09T08:36:12.421+0000] {task_command.py:426} INFO - Running <TaskInstance: scheduler_crontab_v4.hello_world scheduled__2024-05-04T00:00:00+00:00 [running]> on host dab92a57e2e4
[2024-05-09T08:36:12.561+0000] {taskinstance.py:2648} INFO - Exporting env vars: AIRFLOW_CTX_DAG_OWNER='myself' AIRFLOW_CTX_DAG_ID='scheduler_crontab_v4' AIRFLOW_CTX_TASK_ID='hello_world' AIRFLOW_CTX_EXECUTION_DATE='2024-05-04T00:00:00+00:00' AIRFLOW_CTX_TRY_NUMBER='1' AIRFLOW_CTX_DAG_RUN_ID='scheduled__2024-05-04T00:00:00+00:00'
[2024-05-09T08:36:12.562+0000] {taskinstance.py:430} INFO - ::endgroup::
[2024-05-09T08:36:12.585+0000] {logging_mixin.py:188} INFO - 
****************************************************************
Hello World ! .. . . . . . . . . 
****************************************************************
[2024-05-09T08:36:12.585+0000] {python.py:237} INFO - Done. Returned value was: None
[2024-05-09T08:36:12.586+0000] {taskinstance.py:441} INFO - ::group::Post task execution logs
[2024-05-09T08:36:12.599+0000] {taskinstance.py:1206} INFO - Marking task as SUCCESS. dag_id=scheduler_crontab_v4, task_id=hello_world, run_id=scheduled__2024-05-04T00:00:00+00:00, execution_date=20240504T000000, start_date=20240509T083612, end_date=20240509T083612
[2024-05-09T08:36:12.654+0000] {local_task_job_runner.py:240} INFO - Task exited with return code 0
[2024-05-09T08:36:12.687+0000] {taskinstance.py:3498} INFO - 0 downstream tasks scheduled from follow-on schedule check
[2024-05-09T08:36:12.689+0000] {local_task_job_runner.py:222} INFO - ::endgroup::
