[2024-05-09T06:39:13.813+0000] {local_task_job_runner.py:120} INFO - ::group::Pre task execution logs
[2024-05-09T06:39:13.975+0000] {taskinstance.py:2076} INFO - Dependencies all met for dep_context=non-requeueable deps ti=<TaskInstance: python_operator_v4.Welcome scheduled__2024-05-07T00:00:00+00:00 [queued]>
[2024-05-09T06:39:14.015+0000] {taskinstance.py:2076} INFO - Dependencies all met for dep_context=requeueable deps ti=<TaskInstance: python_operator_v4.Welcome scheduled__2024-05-07T00:00:00+00:00 [queued]>
[2024-05-09T06:39:14.016+0000] {taskinstance.py:2306} INFO - Starting attempt 1 of 6
[2024-05-09T06:39:14.075+0000] {taskinstance.py:2330} INFO - Executing <Task(PythonOperator): Welcome> on 2024-05-07 00:00:00+00:00
[2024-05-09T06:39:14.102+0000] {standard_task_runner.py:90} INFO - Running: ['***', 'tasks', 'run', 'python_operator_v4', 'Welcome', 'scheduled__2024-05-07T00:00:00+00:00', '--job-id', '31', '--raw', '--subdir', 'DAGS_FOLDER/python_operator.py', '--cfg-path', '/tmp/tmpunwoui8f']
[2024-05-09T06:39:14.111+0000] {standard_task_runner.py:91} INFO - Job 31: Subtask Welcome
[2024-05-09T06:39:14.125+0000] {logging_mixin.py:188} WARNING - /home/***/.local/lib/python3.12/site-packages/***/task/task_runner/standard_task_runner.py:61 DeprecationWarning: This process (pid=1929) is multi-threaded, use of fork() may lead to deadlocks in the child.
[2024-05-09T06:39:14.129+0000] {standard_task_runner.py:63} INFO - Started process 1931 to run task
[2024-05-09T06:39:14.293+0000] {task_command.py:426} INFO - Running <TaskInstance: python_operator_v4.Welcome scheduled__2024-05-07T00:00:00+00:00 [running]> on host dab92a57e2e4
[2024-05-09T06:39:14.603+0000] {taskinstance.py:2648} INFO - Exporting env vars: AIRFLOW_CTX_DAG_OWNER='myself' AIRFLOW_CTX_DAG_ID='python_operator_v4' AIRFLOW_CTX_TASK_ID='Welcome' AIRFLOW_CTX_EXECUTION_DATE='2024-05-07T00:00:00+00:00' AIRFLOW_CTX_TRY_NUMBER='1' AIRFLOW_CTX_DAG_RUN_ID='scheduled__2024-05-07T00:00:00+00:00'
[2024-05-09T06:39:14.606+0000] {taskinstance.py:430} INFO - ::endgroup::
[2024-05-09T06:39:14.762+0000] {logging_mixin.py:188} INFO - 
****************************************************************
Hello World! My name is Rachii Ravindra, and I am 21 years old!
****************************************************************
[2024-05-09T06:39:14.763+0000] {python.py:237} INFO - Done. Returned value was: None
[2024-05-09T06:39:14.764+0000] {taskinstance.py:441} INFO - ::group::Post task execution logs
[2024-05-09T06:39:14.796+0000] {taskinstance.py:1206} INFO - Marking task as SUCCESS. dag_id=python_operator_v4, task_id=Welcome, run_id=scheduled__2024-05-07T00:00:00+00:00, execution_date=20240507T000000, start_date=20240509T063913, end_date=20240509T063914
[2024-05-09T06:39:14.869+0000] {local_task_job_runner.py:240} INFO - Task exited with return code 0
[2024-05-09T06:39:14.932+0000] {taskinstance.py:3498} INFO - 0 downstream tasks scheduled from follow-on schedule check
[2024-05-09T06:39:14.939+0000] {local_task_job_runner.py:222} INFO - ::endgroup::
