[2024-05-10T03:00:00.797+0000] {local_task_job_runner.py:120} INFO - ::group::Pre task execution logs
[2024-05-10T03:00:00.828+0000] {taskinstance.py:2076} INFO - Dependencies all met for dep_context=non-requeueable deps ti=<TaskInstance: scheduler_crontab_v5.hello_world scheduled__2024-05-09T03:00:00+00:00 [queued]>
[2024-05-10T03:00:00.836+0000] {taskinstance.py:2076} INFO - Dependencies all met for dep_context=requeueable deps ti=<TaskInstance: scheduler_crontab_v5.hello_world scheduled__2024-05-09T03:00:00+00:00 [queued]>
[2024-05-10T03:00:00.837+0000] {taskinstance.py:2306} INFO - Starting attempt 1 of 6
[2024-05-10T03:00:00.851+0000] {taskinstance.py:2330} INFO - Executing <Task(PythonOperator): hello_world> on 2024-05-09 03:00:00+00:00
[2024-05-10T03:00:00.858+0000] {logging_mixin.py:188} WARNING - /home/***/.local/lib/python3.12/site-packages/***/task/task_runner/standard_task_runner.py:61 DeprecationWarning: This process (pid=73345) is multi-threaded, use of fork() may lead to deadlocks in the child.
[2024-05-10T03:00:00.859+0000] {standard_task_runner.py:63} INFO - Started process 73346 to run task
[2024-05-10T03:00:00.858+0000] {standard_task_runner.py:90} INFO - Running: ['***', 'tasks', 'run', 'scheduler_crontab_v5', 'hello_world', 'scheduled__2024-05-09T03:00:00+00:00', '--job-id', '139', '--raw', '--subdir', 'DAGS_FOLDER/scheduler_crontab.py', '--cfg-path', '/tmp/tmp2d5vhb4r']
[2024-05-10T03:00:00.860+0000] {standard_task_runner.py:91} INFO - Job 139: Subtask hello_world
[2024-05-10T03:00:00.908+0000] {task_command.py:426} INFO - Running <TaskInstance: scheduler_crontab_v5.hello_world scheduled__2024-05-09T03:00:00+00:00 [running]> on host dab92a57e2e4
[2024-05-10T03:00:00.989+0000] {taskinstance.py:2648} INFO - Exporting env vars: AIRFLOW_CTX_DAG_OWNER='myself' AIRFLOW_CTX_DAG_ID='scheduler_crontab_v5' AIRFLOW_CTX_TASK_ID='hello_world' AIRFLOW_CTX_EXECUTION_DATE='2024-05-09T03:00:00+00:00' AIRFLOW_CTX_TRY_NUMBER='1' AIRFLOW_CTX_DAG_RUN_ID='scheduled__2024-05-09T03:00:00+00:00'
[2024-05-10T03:00:00.989+0000] {taskinstance.py:430} INFO - ::endgroup::
[2024-05-10T03:00:01.001+0000] {logging_mixin.py:188} INFO - 
****************************************************************
Hello World ! .. . . . . . . . . 
****************************************************************
[2024-05-10T03:00:01.001+0000] {python.py:237} INFO - Done. Returned value was: None
[2024-05-10T03:00:01.002+0000] {taskinstance.py:441} INFO - ::group::Post task execution logs
[2024-05-10T03:00:01.009+0000] {taskinstance.py:1206} INFO - Marking task as SUCCESS. dag_id=scheduler_crontab_v5, task_id=hello_world, run_id=scheduled__2024-05-09T03:00:00+00:00, execution_date=20240509T030000, start_date=20240510T030000, end_date=20240510T030001
[2024-05-10T03:00:01.032+0000] {local_task_job_runner.py:240} INFO - Task exited with return code 0
[2024-05-10T03:00:01.052+0000] {taskinstance.py:3498} INFO - 0 downstream tasks scheduled from follow-on schedule check
[2024-05-10T03:00:01.056+0000] {local_task_job_runner.py:222} INFO - ::endgroup::
