[2024-05-09T08:40:49.865+0000] {local_task_job_runner.py:120} INFO - ::group::Pre task execution logs
[2024-05-09T08:40:49.920+0000] {taskinstance.py:2076} INFO - Dependencies all met for dep_context=non-requeueable deps ti=<TaskInstance: scheduler_crontab_v5.hello_world scheduled__2024-05-01T03:00:00+00:00 [queued]>
[2024-05-09T08:40:49.935+0000] {taskinstance.py:2076} INFO - Dependencies all met for dep_context=requeueable deps ti=<TaskInstance: scheduler_crontab_v5.hello_world scheduled__2024-05-01T03:00:00+00:00 [queued]>
[2024-05-09T08:40:49.935+0000] {taskinstance.py:2306} INFO - Starting attempt 1 of 6
[2024-05-09T08:40:49.960+0000] {taskinstance.py:2330} INFO - Executing <Task(PythonOperator): hello_world> on 2024-05-01 03:00:00+00:00
[2024-05-09T08:40:49.972+0000] {logging_mixin.py:188} WARNING - /home/***/.local/lib/python3.12/site-packages/***/task/task_runner/standard_task_runner.py:61 DeprecationWarning: This process (pid=6965) is multi-threaded, use of fork() may lead to deadlocks in the child.
[2024-05-09T08:40:49.974+0000] {standard_task_runner.py:63} INFO - Started process 6969 to run task
[2024-05-09T08:40:49.972+0000] {standard_task_runner.py:90} INFO - Running: ['***', 'tasks', 'run', 'scheduler_crontab_v5', 'hello_world', 'scheduled__2024-05-01T03:00:00+00:00', '--job-id', '68', '--raw', '--subdir', 'DAGS_FOLDER/scheduler_crontab.py', '--cfg-path', '/tmp/tmpvy7pcajo']
[2024-05-09T08:40:49.975+0000] {standard_task_runner.py:91} INFO - Job 68: Subtask hello_world
[2024-05-09T08:40:50.042+0000] {task_command.py:426} INFO - Running <TaskInstance: scheduler_crontab_v5.hello_world scheduled__2024-05-01T03:00:00+00:00 [running]> on host dab92a57e2e4
[2024-05-09T08:40:50.231+0000] {taskinstance.py:2648} INFO - Exporting env vars: AIRFLOW_CTX_DAG_OWNER='myself' AIRFLOW_CTX_DAG_ID='scheduler_crontab_v5' AIRFLOW_CTX_TASK_ID='hello_world' AIRFLOW_CTX_EXECUTION_DATE='2024-05-01T03:00:00+00:00' AIRFLOW_CTX_TRY_NUMBER='1' AIRFLOW_CTX_DAG_RUN_ID='scheduled__2024-05-01T03:00:00+00:00'
[2024-05-09T08:40:50.232+0000] {taskinstance.py:430} INFO - ::endgroup::
[2024-05-09T08:40:50.264+0000] {logging_mixin.py:188} INFO - 
****************************************************************
Hello World ! .. . . . . . . . . 
****************************************************************
[2024-05-09T08:40:50.265+0000] {python.py:237} INFO - Done. Returned value was: None
[2024-05-09T08:40:50.267+0000] {taskinstance.py:441} INFO - ::group::Post task execution logs
[2024-05-09T08:40:50.284+0000] {taskinstance.py:1206} INFO - Marking task as SUCCESS. dag_id=scheduler_crontab_v5, task_id=hello_world, run_id=scheduled__2024-05-01T03:00:00+00:00, execution_date=20240501T030000, start_date=20240509T084049, end_date=20240509T084050
[2024-05-09T08:40:50.354+0000] {local_task_job_runner.py:240} INFO - Task exited with return code 0
[2024-05-09T08:40:50.392+0000] {local_task_job_runner.py:222} INFO - ::endgroup::
