[2024-05-09T06:12:56.263+0000] {local_task_job_runner.py:120} INFO - ::group::Pre task execution logs
[2024-05-09T06:12:56.424+0000] {taskinstance.py:2076} INFO - Dependencies all met for dep_context=non-requeueable deps ti=<TaskInstance: our_first_dag_v3.second_task scheduled__2024-05-08T00:00:00+00:00 [queued]>
[2024-05-09T06:12:56.457+0000] {taskinstance.py:2076} INFO - Dependencies all met for dep_context=requeueable deps ti=<TaskInstance: our_first_dag_v3.second_task scheduled__2024-05-08T00:00:00+00:00 [queued]>
[2024-05-09T06:12:56.458+0000] {taskinstance.py:2306} INFO - Starting attempt 1 of 6
[2024-05-09T06:12:56.501+0000] {taskinstance.py:2330} INFO - Executing <Task(BashOperator): second_task> on 2024-05-08 00:00:00+00:00
[2024-05-09T06:12:56.524+0000] {standard_task_runner.py:90} INFO - Running: ['***', 'tasks', 'run', 'our_first_dag_v3', 'second_task', 'scheduled__2024-05-08T00:00:00+00:00', '--job-id', '7', '--raw', '--subdir', 'DAGS_FOLDER/first_dag.py', '--cfg-path', '/tmp/tmpkcx3zzsb']
[2024-05-09T06:12:56.533+0000] {standard_task_runner.py:91} INFO - Job 7: Subtask second_task
[2024-05-09T06:12:56.546+0000] {logging_mixin.py:188} WARNING - /home/***/.local/lib/python3.12/site-packages/***/task/task_runner/standard_task_runner.py:61 DeprecationWarning: This process (pid=573) is multi-threaded, use of fork() may lead to deadlocks in the child.
[2024-05-09T06:12:56.548+0000] {standard_task_runner.py:63} INFO - Started process 576 to run task
[2024-05-09T06:12:56.701+0000] {task_command.py:426} INFO - Running <TaskInstance: our_first_dag_v3.second_task scheduled__2024-05-08T00:00:00+00:00 [running]> on host dab92a57e2e4
[2024-05-09T06:12:57.050+0000] {taskinstance.py:2648} INFO - Exporting env vars: AIRFLOW_CTX_DAG_OWNER='coder2j' AIRFLOW_CTX_DAG_ID='our_first_dag_v3' AIRFLOW_CTX_TASK_ID='second_task' AIRFLOW_CTX_EXECUTION_DATE='2024-05-08T00:00:00+00:00' AIRFLOW_CTX_TRY_NUMBER='1' AIRFLOW_CTX_DAG_RUN_ID='scheduled__2024-05-08T00:00:00+00:00'
[2024-05-09T06:12:57.052+0000] {taskinstance.py:430} INFO - ::endgroup::
[2024-05-09T06:12:57.113+0000] {subprocess.py:63} INFO - Tmp dir root location: /tmp
[2024-05-09T06:12:57.115+0000] {subprocess.py:75} INFO - Running command: ['/usr/bin/bash', '-c', 'echo hey, I am task2 and will be running after task1!']
[2024-05-09T06:12:57.143+0000] {subprocess.py:86} INFO - Output:
[2024-05-09T06:12:57.151+0000] {subprocess.py:93} INFO - hey, I am task2 and will be running after task1!
[2024-05-09T06:12:57.153+0000] {subprocess.py:97} INFO - Command exited with return code 0
[2024-05-09T06:12:57.156+0000] {taskinstance.py:441} INFO - ::group::Post task execution logs
[2024-05-09T06:12:57.244+0000] {taskinstance.py:1206} INFO - Marking task as SUCCESS. dag_id=our_first_dag_v3, task_id=second_task, run_id=scheduled__2024-05-08T00:00:00+00:00, execution_date=20240508T000000, start_date=20240509T061256, end_date=20240509T061257
[2024-05-09T06:12:57.367+0000] {local_task_job_runner.py:240} INFO - Task exited with return code 0
[2024-05-09T06:12:57.399+0000] {local_task_job_runner.py:222} INFO - ::endgroup::
