[2024-05-09T08:40:50.045+0000] {local_task_job_runner.py:120} INFO - ::group::Pre task execution logs
[2024-05-09T08:40:50.101+0000] {taskinstance.py:2076} INFO - Dependencies all met for dep_context=non-requeueable deps ti=<TaskInstance: scheduler_crontab_v5.hello_world scheduled__2024-05-03T03:00:00+00:00 [queued]>
[2024-05-09T08:40:50.113+0000] {taskinstance.py:2076} INFO - Dependencies all met for dep_context=requeueable deps ti=<TaskInstance: scheduler_crontab_v5.hello_world scheduled__2024-05-03T03:00:00+00:00 [queued]>
[2024-05-09T08:40:50.114+0000] {taskinstance.py:2306} INFO - Starting attempt 1 of 6
[2024-05-09T08:40:50.143+0000] {taskinstance.py:2330} INFO - Executing <Task(PythonOperator): hello_world> on 2024-05-03 03:00:00+00:00
[2024-05-09T08:40:50.153+0000] {logging_mixin.py:188} WARNING - /home/***/.local/lib/python3.12/site-packages/***/task/task_runner/standard_task_runner.py:61 DeprecationWarning: This process (pid=6967) is multi-threaded, use of fork() may lead to deadlocks in the child.
[2024-05-09T08:40:50.155+0000] {standard_task_runner.py:63} INFO - Started process 6972 to run task
[2024-05-09T08:40:50.153+0000] {standard_task_runner.py:90} INFO - Running: ['***', 'tasks', 'run', 'scheduler_crontab_v5', 'hello_world', 'scheduled__2024-05-03T03:00:00+00:00', '--job-id', '70', '--raw', '--subdir', 'DAGS_FOLDER/scheduler_crontab.py', '--cfg-path', '/tmp/tmp8lhwxqfg']
[2024-05-09T08:40:50.156+0000] {standard_task_runner.py:91} INFO - Job 70: Subtask hello_world
[2024-05-09T08:40:50.240+0000] {task_command.py:426} INFO - Running <TaskInstance: scheduler_crontab_v5.hello_world scheduled__2024-05-03T03:00:00+00:00 [running]> on host dab92a57e2e4
[2024-05-09T08:40:50.500+0000] {taskinstance.py:2648} INFO - Exporting env vars: AIRFLOW_CTX_DAG_OWNER='myself' AIRFLOW_CTX_DAG_ID='scheduler_crontab_v5' AIRFLOW_CTX_TASK_ID='hello_world' AIRFLOW_CTX_EXECUTION_DATE='2024-05-03T03:00:00+00:00' AIRFLOW_CTX_TRY_NUMBER='1' AIRFLOW_CTX_DAG_RUN_ID='scheduled__2024-05-03T03:00:00+00:00'
[2024-05-09T08:40:50.501+0000] {taskinstance.py:430} INFO - ::endgroup::
[2024-05-09T08:40:50.540+0000] {logging_mixin.py:188} INFO - 
****************************************************************
Hello World ! .. . . . . . . . . 
****************************************************************
[2024-05-09T08:40:50.542+0000] {python.py:237} INFO - Done. Returned value was: None
[2024-05-09T08:40:50.544+0000] {taskinstance.py:441} INFO - ::group::Post task execution logs
[2024-05-09T08:40:50.565+0000] {taskinstance.py:1206} INFO - Marking task as SUCCESS. dag_id=scheduler_crontab_v5, task_id=hello_world, run_id=scheduled__2024-05-03T03:00:00+00:00, execution_date=20240503T030000, start_date=20240509T084050, end_date=20240509T084050
[2024-05-09T08:40:50.618+0000] {local_task_job_runner.py:240} INFO - Task exited with return code 0
[2024-05-09T08:40:50.638+0000] {local_task_job_runner.py:222} INFO - ::endgroup::
