[2024-05-14T04:46:33.688+0000] {local_task_job_runner.py:120} INFO - ::group::Pre task execution logs
[2024-05-14T04:46:33.745+0000] {taskinstance.py:2076} INFO - Dependencies all met for dep_context=non-requeueable deps ti=<TaskInstance: python_operator_v5.Welcome scheduled__2024-05-13T00:00:00+00:00 [queued]>
[2024-05-14T04:46:33.758+0000] {taskinstance.py:2076} INFO - Dependencies all met for dep_context=requeueable deps ti=<TaskInstance: python_operator_v5.Welcome scheduled__2024-05-13T00:00:00+00:00 [queued]>
[2024-05-14T04:46:33.759+0000] {taskinstance.py:2306} INFO - Starting attempt 1 of 6
[2024-05-14T04:46:33.781+0000] {taskinstance.py:2330} INFO - Executing <Task(PythonOperator): Welcome> on 2024-05-13 00:00:00+00:00
[2024-05-14T04:46:33.792+0000] {standard_task_runner.py:90} INFO - Running: ['***', 'tasks', 'run', 'python_operator_v5', 'Welcome', 'scheduled__2024-05-13T00:00:00+00:00', '--job-id', '189', '--raw', '--subdir', 'DAGS_FOLDER/python_operator.py', '--cfg-path', '/tmp/tmp3fz_b0m9']
[2024-05-14T04:46:33.795+0000] {standard_task_runner.py:91} INFO - Job 189: Subtask Welcome
[2024-05-14T04:46:33.797+0000] {logging_mixin.py:188} WARNING - /home/***/.local/lib/python3.12/site-packages/***/task/task_runner/standard_task_runner.py:61 DeprecationWarning: This process (pid=205) is multi-threaded, use of fork() may lead to deadlocks in the child.
[2024-05-14T04:46:33.798+0000] {standard_task_runner.py:63} INFO - Started process 208 to run task
[2024-05-14T04:46:33.869+0000] {task_command.py:426} INFO - Running <TaskInstance: python_operator_v5.Welcome scheduled__2024-05-13T00:00:00+00:00 [running]> on host dab92a57e2e4
[2024-05-14T04:46:34.084+0000] {taskinstance.py:2648} INFO - Exporting env vars: AIRFLOW_CTX_DAG_OWNER='myself' AIRFLOW_CTX_DAG_ID='python_operator_v5' AIRFLOW_CTX_TASK_ID='Welcome' AIRFLOW_CTX_EXECUTION_DATE='2024-05-13T00:00:00+00:00' AIRFLOW_CTX_TRY_NUMBER='1' AIRFLOW_CTX_DAG_RUN_ID='scheduled__2024-05-13T00:00:00+00:00'
[2024-05-14T04:46:34.085+0000] {taskinstance.py:430} INFO - ::endgroup::
[2024-05-14T04:46:34.169+0000] {logging_mixin.py:188} INFO - 
****************************************************************
Hello World! My name is Rachii Ravindra, and I am 21 years old!
****************************************************************
[2024-05-14T04:46:34.169+0000] {python.py:237} INFO - Done. Returned value was: None
[2024-05-14T04:46:34.169+0000] {taskinstance.py:441} INFO - ::group::Post task execution logs
[2024-05-14T04:46:34.185+0000] {taskinstance.py:1206} INFO - Marking task as SUCCESS. dag_id=python_operator_v5, task_id=Welcome, run_id=scheduled__2024-05-13T00:00:00+00:00, execution_date=20240513T000000, start_date=20240514T044633, end_date=20240514T044634
[2024-05-14T04:46:34.234+0000] {local_task_job_runner.py:240} INFO - Task exited with return code 0
[2024-05-14T04:46:34.262+0000] {taskinstance.py:3498} INFO - 0 downstream tasks scheduled from follow-on schedule check
[2024-05-14T04:46:34.265+0000] {local_task_job_runner.py:222} INFO - ::endgroup::
