[2024-05-14T04:46:32.457+0000] {local_task_job_runner.py:120} INFO - ::group::Pre task execution logs
[2024-05-14T04:46:32.505+0000] {taskinstance.py:2076} INFO - Dependencies all met for dep_context=non-requeueable deps ti=<TaskInstance: dag_with_postgres_hooks_v012.create_orders_table scheduled__2024-05-13T00:00:00+00:00 [queued]>
[2024-05-14T04:46:32.516+0000] {taskinstance.py:2076} INFO - Dependencies all met for dep_context=requeueable deps ti=<TaskInstance: dag_with_postgres_hooks_v012.create_orders_table scheduled__2024-05-13T00:00:00+00:00 [queued]>
[2024-05-14T04:46:32.517+0000] {taskinstance.py:2306} INFO - Starting attempt 1 of 6
[2024-05-14T04:46:32.539+0000] {taskinstance.py:2330} INFO - Executing <Task(PythonOperator): create_orders_table> on 2024-05-13 00:00:00+00:00
[2024-05-14T04:46:32.550+0000] {standard_task_runner.py:90} INFO - Running: ['***', 'tasks', 'run', 'dag_with_postgres_hooks_v012', 'create_orders_table', 'scheduled__2024-05-13T00:00:00+00:00', '--job-id', '186', '--raw', '--subdir', 'DAGS_FOLDER/postgres_hooks.py', '--cfg-path', '/tmp/tmp7fc29yn5']
[2024-05-14T04:46:32.553+0000] {standard_task_runner.py:91} INFO - Job 186: Subtask create_orders_table
[2024-05-14T04:46:32.555+0000] {logging_mixin.py:188} WARNING - /home/***/.local/lib/python3.12/site-packages/***/task/task_runner/standard_task_runner.py:61 DeprecationWarning: This process (pid=193) is multi-threaded, use of fork() may lead to deadlocks in the child.
[2024-05-14T04:46:32.556+0000] {standard_task_runner.py:63} INFO - Started process 197 to run task
[2024-05-14T04:46:32.626+0000] {task_command.py:426} INFO - Running <TaskInstance: dag_with_postgres_hooks_v012.create_orders_table scheduled__2024-05-13T00:00:00+00:00 [running]> on host dab92a57e2e4
[2024-05-14T04:46:32.790+0000] {taskinstance.py:2648} INFO - Exporting env vars: AIRFLOW_CTX_DAG_OWNER='myself' AIRFLOW_CTX_DAG_ID='dag_with_postgres_hooks_v012' AIRFLOW_CTX_TASK_ID='create_orders_table' AIRFLOW_CTX_EXECUTION_DATE='2024-05-13T00:00:00+00:00' AIRFLOW_CTX_TRY_NUMBER='1' AIRFLOW_CTX_DAG_RUN_ID='scheduled__2024-05-13T00:00:00+00:00'
[2024-05-14T04:46:32.791+0000] {taskinstance.py:430} INFO - ::endgroup::
[2024-05-14T04:46:32.836+0000] {base.py:84} INFO - Using connection ID 'postgres_localhost' for task execution.
[2024-05-14T04:46:32.846+0000] {logging_mixin.py:188} INFO - Orders table created successfully
[2024-05-14T04:46:32.847+0000] {python.py:237} INFO - Done. Returned value was: None
[2024-05-14T04:46:32.847+0000] {taskinstance.py:441} INFO - ::group::Post task execution logs
[2024-05-14T04:46:32.864+0000] {taskinstance.py:1206} INFO - Marking task as SUCCESS. dag_id=dag_with_postgres_hooks_v012, task_id=create_orders_table, run_id=scheduled__2024-05-13T00:00:00+00:00, execution_date=20240513T000000, start_date=20240514T044632, end_date=20240514T044632
[2024-05-14T04:46:32.931+0000] {local_task_job_runner.py:240} INFO - Task exited with return code 0
[2024-05-14T04:46:32.968+0000] {taskinstance.py:3498} INFO - 1 downstream tasks scheduled from follow-on schedule check
[2024-05-14T04:46:32.972+0000] {local_task_job_runner.py:222} INFO - ::endgroup::
