[2024-05-09T10:25:43.770+0000] {local_task_job_runner.py:120} INFO - ::group::Pre task execution logs
[2024-05-09T10:25:44.044+0000] {taskinstance.py:2076} INFO - Dependencies all met for dep_context=non-requeueable deps ti=<TaskInstance: dag_with_postgres_to_file_1.postgres_to_file scheduled__2022-05-11T00:00:00+00:00 [queued]>
[2024-05-09T10:25:44.092+0000] {taskinstance.py:2076} INFO - Dependencies all met for dep_context=requeueable deps ti=<TaskInstance: dag_with_postgres_to_file_1.postgres_to_file scheduled__2022-05-11T00:00:00+00:00 [queued]>
[2024-05-09T10:25:44.092+0000] {taskinstance.py:2306} INFO - Starting attempt 2 of 7
[2024-05-09T10:25:44.140+0000] {taskinstance.py:2330} INFO - Executing <Task(PythonOperator): postgres_to_file> on 2022-05-11 00:00:00+00:00
[2024-05-09T10:25:44.187+0000] {standard_task_runner.py:90} INFO - Running: ['***', 'tasks', 'run', 'dag_with_postgres_to_file_1', 'postgres_to_file', 'scheduled__2022-05-11T00:00:00+00:00', '--job-id', '123', '--raw', '--subdir', 'DAGS_FOLDER/postgres_to_csv.py', '--cfg-path', '/tmp/tmphw5qomuc']
[2024-05-09T10:25:44.196+0000] {standard_task_runner.py:91} INFO - Job 123: Subtask postgres_to_file
[2024-05-09T10:25:44.178+0000] {logging_mixin.py:188} WARNING - /home/***/.local/lib/python3.12/site-packages/***/task/task_runner/standard_task_runner.py:61 DeprecationWarning: This process (pid=12529) is multi-threaded, use of fork() may lead to deadlocks in the child.
[2024-05-09T10:25:44.221+0000] {standard_task_runner.py:63} INFO - Started process 12552 to run task
[2024-05-09T10:25:44.475+0000] {task_command.py:426} INFO - Running <TaskInstance: dag_with_postgres_to_file_1.postgres_to_file scheduled__2022-05-11T00:00:00+00:00 [running]> on host dab92a57e2e4
[2024-05-09T10:25:45.291+0000] {taskinstance.py:2648} INFO - Exporting env vars: AIRFLOW_CTX_DAG_OWNER='myself' AIRFLOW_CTX_DAG_ID='dag_with_postgres_to_file_1' AIRFLOW_CTX_TASK_ID='postgres_to_file' AIRFLOW_CTX_EXECUTION_DATE='2022-05-11T00:00:00+00:00' AIRFLOW_CTX_TRY_NUMBER='2' AIRFLOW_CTX_DAG_RUN_ID='scheduled__2022-05-11T00:00:00+00:00'
[2024-05-09T10:25:45.292+0000] {taskinstance.py:430} INFO - ::endgroup::
[2024-05-09T10:25:45.547+0000] {base.py:84} INFO - Using connection ID 'postgres_localhost' for task execution.
[2024-05-09T10:25:45.575+0000] {taskinstance.py:441} INFO - ::group::Post task execution logs
[2024-05-09T10:25:45.576+0000] {taskinstance.py:2905} ERROR - Task failed with exception
Traceback (most recent call last):
  File "/home/airflow/.local/lib/python3.12/site-packages/airflow/models/taskinstance.py", line 465, in _execute_task
    result = _execute_callable(context=context, **execute_callable_kwargs)
             ^^^^^^^^^^^^^^^^^^^^^^^^^^^^^^^^^^^^^^^^^^^^^^^^^^^^^^^^^^^^^
  File "/home/airflow/.local/lib/python3.12/site-packages/airflow/models/taskinstance.py", line 432, in _execute_callable
    return execute_callable(context=context, **execute_callable_kwargs)
           ^^^^^^^^^^^^^^^^^^^^^^^^^^^^^^^^^^^^^^^^^^^^^^^^^^^^^^^^^^^^
  File "/home/airflow/.local/lib/python3.12/site-packages/airflow/models/baseoperator.py", line 400, in wrapper
    return func(self, *args, **kwargs)
           ^^^^^^^^^^^^^^^^^^^^^^^^^^^
  File "/home/airflow/.local/lib/python3.12/site-packages/airflow/operators/python.py", line 235, in execute
    return_value = self.execute_callable()
                   ^^^^^^^^^^^^^^^^^^^^^^^
  File "/home/airflow/.local/lib/python3.12/site-packages/airflow/operators/python.py", line 252, in execute_callable
    return self.python_callable(*self.op_args, **self.op_kwargs)
           ^^^^^^^^^^^^^^^^^^^^^^^^^^^^^^^^^^^^^^^^^^^^^^^^^^^^^
  File "/opt/airflow/dags/postgres_to_csv.py", line 22, in postgres_to_file
    cursor.execute("select * from orders where date >= 20220501")
psycopg2.errors.UndefinedFunction: operator does not exist: date >= integer
LINE 1: select * from orders where date >= 20220501
                                        ^
HINT:  No operator matches the given name and argument types. You might need to add explicit type casts.

[2024-05-09T10:25:45.616+0000] {taskinstance.py:1206} INFO - Marking task as UP_FOR_RETRY. dag_id=dag_with_postgres_to_file_1, task_id=postgres_to_file, run_id=scheduled__2022-05-11T00:00:00+00:00, execution_date=20220511T000000, start_date=20240509T102544, end_date=20240509T102545
[2024-05-09T10:25:45.867+0000] {standard_task_runner.py:110} ERROR - Failed to execute job 123 for task postgres_to_file (operator does not exist: date >= integer
LINE 1: select * from orders where date >= 20220501
                                        ^
HINT:  No operator matches the given name and argument types. You might need to add explicit type casts.
; 12552)
[2024-05-09T10:25:45.895+0000] {local_task_job_runner.py:240} INFO - Task exited with return code 1
[2024-05-09T10:25:45.959+0000] {taskinstance.py:3498} INFO - 0 downstream tasks scheduled from follow-on schedule check
[2024-05-09T10:25:45.962+0000] {local_task_job_runner.py:222} INFO - ::endgroup::
