[2024-05-09T06:10:16.349+0000] {local_task_job_runner.py:120} INFO - ::group::Pre task execution logs
[2024-05-09T06:10:16.550+0000] {taskinstance.py:2076} INFO - Dependencies all met for dep_context=non-requeueable deps ti=<TaskInstance: our_first_dag_v2.first_task scheduled__2024-05-08T00:00:00+00:00 [queued]>
[2024-05-09T06:10:16.602+0000] {taskinstance.py:2076} INFO - Dependencies all met for dep_context=requeueable deps ti=<TaskInstance: our_first_dag_v2.first_task scheduled__2024-05-08T00:00:00+00:00 [queued]>
[2024-05-09T06:10:16.603+0000] {taskinstance.py:2306} INFO - Starting attempt 1 of 6
[2024-05-09T06:10:16.726+0000] {taskinstance.py:2330} INFO - Executing <Task(BashOperator): first_task> on 2024-05-08 00:00:00+00:00
[2024-05-09T06:10:16.773+0000] {standard_task_runner.py:90} INFO - Running: ['***', 'tasks', 'run', 'our_first_dag_v2', 'first_task', 'scheduled__2024-05-08T00:00:00+00:00', '--job-id', '4', '--raw', '--subdir', 'DAGS_FOLDER/first_dag.py', '--cfg-path', '/tmp/tmp99w1720f']
[2024-05-09T06:10:16.785+0000] {standard_task_runner.py:91} INFO - Job 4: Subtask first_task
[2024-05-09T06:10:16.822+0000] {logging_mixin.py:188} WARNING - /home/***/.local/lib/python3.12/site-packages/***/task/task_runner/standard_task_runner.py:61 DeprecationWarning: This process (pid=384) is multi-threaded, use of fork() may lead to deadlocks in the child.
[2024-05-09T06:10:16.825+0000] {standard_task_runner.py:63} INFO - Started process 385 to run task
[2024-05-09T06:10:17.016+0000] {task_command.py:426} INFO - Running <TaskInstance: our_first_dag_v2.first_task scheduled__2024-05-08T00:00:00+00:00 [running]> on host dab92a57e2e4
[2024-05-09T06:10:17.422+0000] {taskinstance.py:2648} INFO - Exporting env vars: AIRFLOW_CTX_DAG_OWNER='coder2j' AIRFLOW_CTX_DAG_ID='our_first_dag_v2' AIRFLOW_CTX_TASK_ID='first_task' AIRFLOW_CTX_EXECUTION_DATE='2024-05-08T00:00:00+00:00' AIRFLOW_CTX_TRY_NUMBER='1' AIRFLOW_CTX_DAG_RUN_ID='scheduled__2024-05-08T00:00:00+00:00'
[2024-05-09T06:10:17.424+0000] {taskinstance.py:430} INFO - ::endgroup::
[2024-05-09T06:10:17.495+0000] {subprocess.py:63} INFO - Tmp dir root location: /tmp
[2024-05-09T06:10:17.497+0000] {subprocess.py:75} INFO - Running command: ['/usr/bin/bash', '-c', 'echo hello world, this is the first task!']
[2024-05-09T06:10:17.530+0000] {subprocess.py:86} INFO - Output:
[2024-05-09T06:10:17.538+0000] {subprocess.py:93} INFO - hello world, this is the first task!
[2024-05-09T06:10:17.540+0000] {subprocess.py:97} INFO - Command exited with return code 0
[2024-05-09T06:10:17.542+0000] {taskinstance.py:441} INFO - ::group::Post task execution logs
[2024-05-09T06:10:17.645+0000] {taskinstance.py:1206} INFO - Marking task as SUCCESS. dag_id=our_first_dag_v2, task_id=first_task, run_id=scheduled__2024-05-08T00:00:00+00:00, execution_date=20240508T000000, start_date=20240509T061016, end_date=20240509T061017
[2024-05-09T06:10:17.733+0000] {local_task_job_runner.py:240} INFO - Task exited with return code 0
[2024-05-09T06:10:17.821+0000] {taskinstance.py:3498} INFO - 1 downstream tasks scheduled from follow-on schedule check
[2024-05-09T06:10:17.828+0000] {local_task_job_runner.py:222} INFO - ::endgroup::
