[2024-05-09T08:40:50.145+0000] {local_task_job_runner.py:120} INFO - ::group::Pre task execution logs
[2024-05-09T08:40:50.218+0000] {taskinstance.py:2076} INFO - Dependencies all met for dep_context=non-requeueable deps ti=<TaskInstance: scheduler_crontab_v5.hello_world scheduled__2024-05-04T03:00:00+00:00 [queued]>
[2024-05-09T08:40:50.237+0000] {taskinstance.py:2076} INFO - Dependencies all met for dep_context=requeueable deps ti=<TaskInstance: scheduler_crontab_v5.hello_world scheduled__2024-05-04T03:00:00+00:00 [queued]>
[2024-05-09T08:40:50.239+0000] {taskinstance.py:2306} INFO - Starting attempt 1 of 6
[2024-05-09T08:40:50.276+0000] {taskinstance.py:2330} INFO - Executing <Task(PythonOperator): hello_world> on 2024-05-04 03:00:00+00:00
[2024-05-09T08:40:50.289+0000] {logging_mixin.py:188} WARNING - /home/***/.local/lib/python3.12/site-packages/***/task/task_runner/standard_task_runner.py:61 DeprecationWarning: This process (pid=6968) is multi-threaded, use of fork() may lead to deadlocks in the child.
[2024-05-09T08:40:50.291+0000] {standard_task_runner.py:63} INFO - Started process 6974 to run task
[2024-05-09T08:40:50.298+0000] {standard_task_runner.py:90} INFO - Running: ['***', 'tasks', 'run', 'scheduler_crontab_v5', 'hello_world', 'scheduled__2024-05-04T03:00:00+00:00', '--job-id', '71', '--raw', '--subdir', 'DAGS_FOLDER/scheduler_crontab.py', '--cfg-path', '/tmp/tmpjktp36iq']
[2024-05-09T08:40:50.302+0000] {standard_task_runner.py:91} INFO - Job 71: Subtask hello_world
[2024-05-09T08:40:50.444+0000] {task_command.py:426} INFO - Running <TaskInstance: scheduler_crontab_v5.hello_world scheduled__2024-05-04T03:00:00+00:00 [running]> on host dab92a57e2e4
[2024-05-09T08:40:50.691+0000] {taskinstance.py:2648} INFO - Exporting env vars: AIRFLOW_CTX_DAG_OWNER='myself' AIRFLOW_CTX_DAG_ID='scheduler_crontab_v5' AIRFLOW_CTX_TASK_ID='hello_world' AIRFLOW_CTX_EXECUTION_DATE='2024-05-04T03:00:00+00:00' AIRFLOW_CTX_TRY_NUMBER='1' AIRFLOW_CTX_DAG_RUN_ID='scheduled__2024-05-04T03:00:00+00:00'
[2024-05-09T08:40:50.692+0000] {taskinstance.py:430} INFO - ::endgroup::
[2024-05-09T08:40:50.719+0000] {logging_mixin.py:188} INFO - 
****************************************************************
Hello World ! .. . . . . . . . . 
****************************************************************
[2024-05-09T08:40:50.719+0000] {python.py:237} INFO - Done. Returned value was: None
[2024-05-09T08:40:50.720+0000] {taskinstance.py:441} INFO - ::group::Post task execution logs
[2024-05-09T08:40:50.744+0000] {taskinstance.py:1206} INFO - Marking task as SUCCESS. dag_id=scheduler_crontab_v5, task_id=hello_world, run_id=scheduled__2024-05-04T03:00:00+00:00, execution_date=20240504T030000, start_date=20240509T084050, end_date=20240509T084050
[2024-05-09T08:40:50.791+0000] {local_task_job_runner.py:240} INFO - Task exited with return code 0
[2024-05-09T08:40:50.818+0000] {taskinstance.py:3498} INFO - 0 downstream tasks scheduled from follow-on schedule check
[2024-05-09T08:40:50.820+0000] {local_task_job_runner.py:222} INFO - ::endgroup::
