[2024-05-09T06:41:09.017+0000] {local_task_job_runner.py:120} INFO - ::group::Pre task execution logs
[2024-05-09T06:41:09.310+0000] {taskinstance.py:2076} INFO - Dependencies all met for dep_context=non-requeueable deps ti=<TaskInstance: python_operator_v5.Welcome scheduled__2024-05-06T00:00:00+00:00 [queued]>
[2024-05-09T06:41:09.463+0000] {taskinstance.py:2076} INFO - Dependencies all met for dep_context=requeueable deps ti=<TaskInstance: python_operator_v5.Welcome scheduled__2024-05-06T00:00:00+00:00 [queued]>
[2024-05-09T06:41:09.467+0000] {taskinstance.py:2306} INFO - Starting attempt 1 of 6
[2024-05-09T06:41:09.952+0000] {taskinstance.py:2330} INFO - Executing <Task(PythonOperator): Welcome> on 2024-05-06 00:00:00+00:00
[2024-05-09T06:41:10.004+0000] {logging_mixin.py:188} WARNING - /home/***/.local/lib/python3.12/site-packages/***/task/task_runner/standard_task_runner.py:61 DeprecationWarning: This process (pid=2035) is multi-threaded, use of fork() may lead to deadlocks in the child.
[2024-05-09T06:41:10.009+0000] {standard_task_runner.py:63} INFO - Started process 2040 to run task
[2024-05-09T06:41:10.048+0000] {standard_task_runner.py:90} INFO - Running: ['***', 'tasks', 'run', 'python_operator_v5', 'Welcome', 'scheduled__2024-05-06T00:00:00+00:00', '--job-id', '49', '--raw', '--subdir', 'DAGS_FOLDER/python_operator.py', '--cfg-path', '/tmp/tmpav94gr5n']
[2024-05-09T06:41:10.092+0000] {standard_task_runner.py:91} INFO - Job 49: Subtask Welcome
[2024-05-09T06:41:10.718+0000] {task_command.py:426} INFO - Running <TaskInstance: python_operator_v5.Welcome scheduled__2024-05-06T00:00:00+00:00 [running]> on host dab92a57e2e4
[2024-05-09T06:41:11.620+0000] {taskinstance.py:2648} INFO - Exporting env vars: AIRFLOW_CTX_DAG_OWNER='myself' AIRFLOW_CTX_DAG_ID='python_operator_v5' AIRFLOW_CTX_TASK_ID='Welcome' AIRFLOW_CTX_EXECUTION_DATE='2024-05-06T00:00:00+00:00' AIRFLOW_CTX_TRY_NUMBER='1' AIRFLOW_CTX_DAG_RUN_ID='scheduled__2024-05-06T00:00:00+00:00'
[2024-05-09T06:41:11.631+0000] {taskinstance.py:430} INFO - ::endgroup::
[2024-05-09T06:41:11.855+0000] {logging_mixin.py:188} INFO - 
****************************************************************
Hello World! My name is Rachii Ravindra, and I am 21 years old!
****************************************************************
[2024-05-09T06:41:11.857+0000] {python.py:237} INFO - Done. Returned value was: None
[2024-05-09T06:41:11.858+0000] {taskinstance.py:441} INFO - ::group::Post task execution logs
[2024-05-09T06:41:11.926+0000] {taskinstance.py:1206} INFO - Marking task as SUCCESS. dag_id=python_operator_v5, task_id=Welcome, run_id=scheduled__2024-05-06T00:00:00+00:00, execution_date=20240506T000000, start_date=20240509T064109, end_date=20240509T064111
[2024-05-09T06:41:12.075+0000] {local_task_job_runner.py:240} INFO - Task exited with return code 0
[2024-05-09T06:41:12.138+0000] {local_task_job_runner.py:222} INFO - ::endgroup::
