[2024-05-09T05:37:37.168+0000] {processor.py:161} INFO - Started process (PID=166) to work on /home/airflow/.local/lib/python3.12/site-packages/airflow/example_dags/example_sensor_decorator.py
[2024-05-09T05:37:37.169+0000] {processor.py:830} INFO - Processing file /home/airflow/.local/lib/python3.12/site-packages/airflow/example_dags/example_sensor_decorator.py for tasks to queue
[2024-05-09T05:37:37.170+0000] {logging_mixin.py:188} INFO - [2024-05-09T05:37:37.170+0000] {dagbag.py:545} INFO - Filling up the DagBag from /home/airflow/.local/lib/python3.12/site-packages/airflow/example_dags/example_sensor_decorator.py
[2024-05-09T05:37:37.189+0000] {processor.py:840} INFO - DAG(s) 'example_sensor_decorator' retrieved from /home/airflow/.local/lib/python3.12/site-packages/airflow/example_dags/example_sensor_decorator.py
[2024-05-09T05:37:37.217+0000] {logging_mixin.py:188} INFO - [2024-05-09T05:37:37.216+0000] {dag.py:3096} INFO - Sync 1 DAGs
[2024-05-09T05:37:37.229+0000] {logging_mixin.py:188} INFO - [2024-05-09T05:37:37.229+0000] {dag.py:3954} INFO - Setting next_dagrun for example_sensor_decorator to None, run_after=None
[2024-05-09T05:37:37.250+0000] {processor.py:183} INFO - Processing /home/airflow/.local/lib/python3.12/site-packages/airflow/example_dags/example_sensor_decorator.py took 0.087 seconds
[2024-05-09T05:38:07.336+0000] {processor.py:161} INFO - Started process (PID=428) to work on /home/airflow/.local/lib/python3.12/site-packages/airflow/example_dags/example_sensor_decorator.py
[2024-05-09T05:38:07.341+0000] {processor.py:830} INFO - Processing file /home/airflow/.local/lib/python3.12/site-packages/airflow/example_dags/example_sensor_decorator.py for tasks to queue
[2024-05-09T05:38:07.344+0000] {logging_mixin.py:188} INFO - [2024-05-09T05:38:07.343+0000] {dagbag.py:545} INFO - Filling up the DagBag from /home/airflow/.local/lib/python3.12/site-packages/airflow/example_dags/example_sensor_decorator.py
[2024-05-09T05:38:07.355+0000] {processor.py:840} INFO - DAG(s) 'example_sensor_decorator' retrieved from /home/airflow/.local/lib/python3.12/site-packages/airflow/example_dags/example_sensor_decorator.py
[2024-05-09T05:38:07.373+0000] {logging_mixin.py:188} INFO - [2024-05-09T05:38:07.373+0000] {dag.py:3096} INFO - Sync 1 DAGs
[2024-05-09T05:38:07.394+0000] {logging_mixin.py:188} INFO - [2024-05-09T05:38:07.393+0000] {dag.py:3954} INFO - Setting next_dagrun for example_sensor_decorator to None, run_after=None
[2024-05-09T05:38:07.418+0000] {processor.py:183} INFO - Processing /home/airflow/.local/lib/python3.12/site-packages/airflow/example_dags/example_sensor_decorator.py took 0.092 seconds
[2024-05-09T05:38:37.727+0000] {processor.py:161} INFO - Started process (PID=690) to work on /home/airflow/.local/lib/python3.12/site-packages/airflow/example_dags/example_sensor_decorator.py
[2024-05-09T05:38:37.728+0000] {processor.py:830} INFO - Processing file /home/airflow/.local/lib/python3.12/site-packages/airflow/example_dags/example_sensor_decorator.py for tasks to queue
[2024-05-09T05:38:37.730+0000] {logging_mixin.py:188} INFO - [2024-05-09T05:38:37.729+0000] {dagbag.py:545} INFO - Filling up the DagBag from /home/airflow/.local/lib/python3.12/site-packages/airflow/example_dags/example_sensor_decorator.py
[2024-05-09T05:38:37.737+0000] {processor.py:840} INFO - DAG(s) 'example_sensor_decorator' retrieved from /home/airflow/.local/lib/python3.12/site-packages/airflow/example_dags/example_sensor_decorator.py
[2024-05-09T05:38:38.023+0000] {logging_mixin.py:188} INFO - [2024-05-09T05:38:38.022+0000] {dag.py:3096} INFO - Sync 1 DAGs
[2024-05-09T05:38:38.039+0000] {logging_mixin.py:188} INFO - [2024-05-09T05:38:38.039+0000] {dag.py:3954} INFO - Setting next_dagrun for example_sensor_decorator to None, run_after=None
[2024-05-09T05:38:38.062+0000] {processor.py:183} INFO - Processing /home/airflow/.local/lib/python3.12/site-packages/airflow/example_dags/example_sensor_decorator.py took 0.343 seconds
[2024-05-09T05:39:08.549+0000] {processor.py:161} INFO - Started process (PID=952) to work on /home/airflow/.local/lib/python3.12/site-packages/airflow/example_dags/example_sensor_decorator.py
[2024-05-09T05:39:08.553+0000] {processor.py:830} INFO - Processing file /home/airflow/.local/lib/python3.12/site-packages/airflow/example_dags/example_sensor_decorator.py for tasks to queue
[2024-05-09T05:39:08.555+0000] {logging_mixin.py:188} INFO - [2024-05-09T05:39:08.555+0000] {dagbag.py:545} INFO - Filling up the DagBag from /home/airflow/.local/lib/python3.12/site-packages/airflow/example_dags/example_sensor_decorator.py
[2024-05-09T05:39:08.561+0000] {processor.py:840} INFO - DAG(s) 'example_sensor_decorator' retrieved from /home/airflow/.local/lib/python3.12/site-packages/airflow/example_dags/example_sensor_decorator.py
[2024-05-09T05:39:08.581+0000] {logging_mixin.py:188} INFO - [2024-05-09T05:39:08.581+0000] {dag.py:3096} INFO - Sync 1 DAGs
[2024-05-09T05:39:08.594+0000] {logging_mixin.py:188} INFO - [2024-05-09T05:39:08.594+0000] {dag.py:3954} INFO - Setting next_dagrun for example_sensor_decorator to None, run_after=None
[2024-05-09T05:39:08.615+0000] {processor.py:183} INFO - Processing /home/airflow/.local/lib/python3.12/site-packages/airflow/example_dags/example_sensor_decorator.py took 0.073 seconds
[2024-05-09T05:39:39.364+0000] {processor.py:161} INFO - Started process (PID=1214) to work on /home/airflow/.local/lib/python3.12/site-packages/airflow/example_dags/example_sensor_decorator.py
[2024-05-09T05:39:39.365+0000] {processor.py:830} INFO - Processing file /home/airflow/.local/lib/python3.12/site-packages/airflow/example_dags/example_sensor_decorator.py for tasks to queue
[2024-05-09T05:39:39.367+0000] {logging_mixin.py:188} INFO - [2024-05-09T05:39:39.367+0000] {dagbag.py:545} INFO - Filling up the DagBag from /home/airflow/.local/lib/python3.12/site-packages/airflow/example_dags/example_sensor_decorator.py
[2024-05-09T05:39:39.373+0000] {processor.py:840} INFO - DAG(s) 'example_sensor_decorator' retrieved from /home/airflow/.local/lib/python3.12/site-packages/airflow/example_dags/example_sensor_decorator.py
[2024-05-09T05:39:39.393+0000] {logging_mixin.py:188} INFO - [2024-05-09T05:39:39.393+0000] {dag.py:3096} INFO - Sync 1 DAGs
[2024-05-09T05:39:39.406+0000] {logging_mixin.py:188} INFO - [2024-05-09T05:39:39.406+0000] {dag.py:3954} INFO - Setting next_dagrun for example_sensor_decorator to None, run_after=None
[2024-05-09T05:39:39.424+0000] {processor.py:183} INFO - Processing /home/airflow/.local/lib/python3.12/site-packages/airflow/example_dags/example_sensor_decorator.py took 0.066 seconds
[2024-05-09T05:40:27.229+0000] {processor.py:161} INFO - Started process (PID=166) to work on /home/airflow/.local/lib/python3.12/site-packages/airflow/example_dags/example_sensor_decorator.py
[2024-05-09T05:40:27.233+0000] {processor.py:830} INFO - Processing file /home/airflow/.local/lib/python3.12/site-packages/airflow/example_dags/example_sensor_decorator.py for tasks to queue
[2024-05-09T05:40:27.235+0000] {logging_mixin.py:188} INFO - [2024-05-09T05:40:27.235+0000] {dagbag.py:545} INFO - Filling up the DagBag from /home/airflow/.local/lib/python3.12/site-packages/airflow/example_dags/example_sensor_decorator.py
[2024-05-09T05:40:27.256+0000] {processor.py:840} INFO - DAG(s) 'example_sensor_decorator' retrieved from /home/airflow/.local/lib/python3.12/site-packages/airflow/example_dags/example_sensor_decorator.py
[2024-05-09T05:40:27.280+0000] {logging_mixin.py:188} INFO - [2024-05-09T05:40:27.279+0000] {dag.py:3096} INFO - Sync 1 DAGs
[2024-05-09T05:40:27.291+0000] {logging_mixin.py:188} INFO - [2024-05-09T05:40:27.291+0000] {dag.py:3954} INFO - Setting next_dagrun for example_sensor_decorator to None, run_after=None
[2024-05-09T05:40:27.311+0000] {processor.py:183} INFO - Processing /home/airflow/.local/lib/python3.12/site-packages/airflow/example_dags/example_sensor_decorator.py took 0.088 seconds
[2024-05-09T05:40:57.731+0000] {processor.py:161} INFO - Started process (PID=428) to work on /home/airflow/.local/lib/python3.12/site-packages/airflow/example_dags/example_sensor_decorator.py
[2024-05-09T05:40:57.736+0000] {processor.py:830} INFO - Processing file /home/airflow/.local/lib/python3.12/site-packages/airflow/example_dags/example_sensor_decorator.py for tasks to queue
[2024-05-09T05:40:57.738+0000] {logging_mixin.py:188} INFO - [2024-05-09T05:40:57.738+0000] {dagbag.py:545} INFO - Filling up the DagBag from /home/airflow/.local/lib/python3.12/site-packages/airflow/example_dags/example_sensor_decorator.py
[2024-05-09T05:40:57.747+0000] {processor.py:840} INFO - DAG(s) 'example_sensor_decorator' retrieved from /home/airflow/.local/lib/python3.12/site-packages/airflow/example_dags/example_sensor_decorator.py
[2024-05-09T05:40:57.854+0000] {logging_mixin.py:188} INFO - [2024-05-09T05:40:57.854+0000] {dag.py:3096} INFO - Sync 1 DAGs
[2024-05-09T05:40:57.863+0000] {logging_mixin.py:188} INFO - [2024-05-09T05:40:57.863+0000] {dag.py:3954} INFO - Setting next_dagrun for example_sensor_decorator to None, run_after=None
[2024-05-09T05:40:57.882+0000] {processor.py:183} INFO - Processing /home/airflow/.local/lib/python3.12/site-packages/airflow/example_dags/example_sensor_decorator.py took 0.162 seconds
[2024-05-09T05:41:28.556+0000] {processor.py:161} INFO - Started process (PID=690) to work on /home/airflow/.local/lib/python3.12/site-packages/airflow/example_dags/example_sensor_decorator.py
[2024-05-09T05:41:28.560+0000] {processor.py:830} INFO - Processing file /home/airflow/.local/lib/python3.12/site-packages/airflow/example_dags/example_sensor_decorator.py for tasks to queue
[2024-05-09T05:41:28.563+0000] {logging_mixin.py:188} INFO - [2024-05-09T05:41:28.562+0000] {dagbag.py:545} INFO - Filling up the DagBag from /home/airflow/.local/lib/python3.12/site-packages/airflow/example_dags/example_sensor_decorator.py
[2024-05-09T05:41:28.572+0000] {processor.py:840} INFO - DAG(s) 'example_sensor_decorator' retrieved from /home/airflow/.local/lib/python3.12/site-packages/airflow/example_dags/example_sensor_decorator.py
[2024-05-09T05:41:28.609+0000] {logging_mixin.py:188} INFO - [2024-05-09T05:41:28.609+0000] {dag.py:3096} INFO - Sync 1 DAGs
[2024-05-09T05:41:28.649+0000] {logging_mixin.py:188} INFO - [2024-05-09T05:41:28.649+0000] {dag.py:3954} INFO - Setting next_dagrun for example_sensor_decorator to None, run_after=None
[2024-05-09T05:41:28.708+0000] {processor.py:183} INFO - Processing /home/airflow/.local/lib/python3.12/site-packages/airflow/example_dags/example_sensor_decorator.py took 0.161 seconds
[2024-05-09T05:41:58.935+0000] {processor.py:161} INFO - Started process (PID=952) to work on /home/airflow/.local/lib/python3.12/site-packages/airflow/example_dags/example_sensor_decorator.py
[2024-05-09T05:41:58.940+0000] {processor.py:830} INFO - Processing file /home/airflow/.local/lib/python3.12/site-packages/airflow/example_dags/example_sensor_decorator.py for tasks to queue
[2024-05-09T05:41:58.943+0000] {logging_mixin.py:188} INFO - [2024-05-09T05:41:58.943+0000] {dagbag.py:545} INFO - Filling up the DagBag from /home/airflow/.local/lib/python3.12/site-packages/airflow/example_dags/example_sensor_decorator.py
[2024-05-09T05:41:58.949+0000] {processor.py:840} INFO - DAG(s) 'example_sensor_decorator' retrieved from /home/airflow/.local/lib/python3.12/site-packages/airflow/example_dags/example_sensor_decorator.py
[2024-05-09T05:41:58.970+0000] {logging_mixin.py:188} INFO - [2024-05-09T05:41:58.970+0000] {dag.py:3096} INFO - Sync 1 DAGs
[2024-05-09T05:41:58.983+0000] {logging_mixin.py:188} INFO - [2024-05-09T05:41:58.983+0000] {dag.py:3954} INFO - Setting next_dagrun for example_sensor_decorator to None, run_after=None
[2024-05-09T05:41:59.001+0000] {processor.py:183} INFO - Processing /home/airflow/.local/lib/python3.12/site-packages/airflow/example_dags/example_sensor_decorator.py took 0.075 seconds
