[2024-05-09T05:37:37.705+0000] {processor.py:161} INFO - Started process (PID=211) to work on /home/airflow/.local/lib/python3.12/site-packages/airflow/example_dags/example_xcomargs.py
[2024-05-09T05:37:37.706+0000] {processor.py:830} INFO - Processing file /home/airflow/.local/lib/python3.12/site-packages/airflow/example_dags/example_xcomargs.py for tasks to queue
[2024-05-09T05:37:37.707+0000] {logging_mixin.py:188} INFO - [2024-05-09T05:37:37.707+0000] {dagbag.py:545} INFO - Filling up the DagBag from /home/airflow/.local/lib/python3.12/site-packages/airflow/example_dags/example_xcomargs.py
[2024-05-09T05:37:37.719+0000] {processor.py:840} INFO - DAG(s) 'example_xcom_args', 'example_xcom_args_with_operators' retrieved from /home/airflow/.local/lib/python3.12/site-packages/airflow/example_dags/example_xcomargs.py
[2024-05-09T05:37:37.731+0000] {logging_mixin.py:188} INFO - [2024-05-09T05:37:37.731+0000] {dag.py:3096} INFO - Sync 2 DAGs
[2024-05-09T05:37:37.745+0000] {logging_mixin.py:188} INFO - [2024-05-09T05:37:37.745+0000] {dag.py:3954} INFO - Setting next_dagrun for example_xcom_args to None, run_after=None
[2024-05-09T05:37:37.749+0000] {logging_mixin.py:188} INFO - [2024-05-09T05:37:37.749+0000] {dag.py:3954} INFO - Setting next_dagrun for example_xcom_args_with_operators to None, run_after=None
[2024-05-09T05:37:37.770+0000] {processor.py:183} INFO - Processing /home/airflow/.local/lib/python3.12/site-packages/airflow/example_dags/example_xcomargs.py took 0.071 seconds
[2024-05-09T05:38:07.940+0000] {processor.py:161} INFO - Started process (PID=473) to work on /home/airflow/.local/lib/python3.12/site-packages/airflow/example_dags/example_xcomargs.py
[2024-05-09T05:38:07.941+0000] {processor.py:830} INFO - Processing file /home/airflow/.local/lib/python3.12/site-packages/airflow/example_dags/example_xcomargs.py for tasks to queue
[2024-05-09T05:38:07.942+0000] {logging_mixin.py:188} INFO - [2024-05-09T05:38:07.942+0000] {dagbag.py:545} INFO - Filling up the DagBag from /home/airflow/.local/lib/python3.12/site-packages/airflow/example_dags/example_xcomargs.py
[2024-05-09T05:38:07.950+0000] {processor.py:840} INFO - DAG(s) 'example_xcom_args_with_operators', 'example_xcom_args' retrieved from /home/airflow/.local/lib/python3.12/site-packages/airflow/example_dags/example_xcomargs.py
[2024-05-09T05:38:07.963+0000] {logging_mixin.py:188} INFO - [2024-05-09T05:38:07.963+0000] {dag.py:3096} INFO - Sync 2 DAGs
[2024-05-09T05:38:07.980+0000] {logging_mixin.py:188} INFO - [2024-05-09T05:38:07.980+0000] {dag.py:3954} INFO - Setting next_dagrun for example_xcom_args to None, run_after=None
[2024-05-09T05:38:07.985+0000] {logging_mixin.py:188} INFO - [2024-05-09T05:38:07.985+0000] {dag.py:3954} INFO - Setting next_dagrun for example_xcom_args_with_operators to None, run_after=None
[2024-05-09T05:38:08.002+0000] {processor.py:183} INFO - Processing /home/airflow/.local/lib/python3.12/site-packages/airflow/example_dags/example_xcomargs.py took 0.067 seconds
[2024-05-09T05:38:38.982+0000] {processor.py:161} INFO - Started process (PID=733) to work on /home/airflow/.local/lib/python3.12/site-packages/airflow/example_dags/example_xcomargs.py
[2024-05-09T05:38:38.983+0000] {processor.py:830} INFO - Processing file /home/airflow/.local/lib/python3.12/site-packages/airflow/example_dags/example_xcomargs.py for tasks to queue
[2024-05-09T05:38:38.986+0000] {logging_mixin.py:188} INFO - [2024-05-09T05:38:38.985+0000] {dagbag.py:545} INFO - Filling up the DagBag from /home/airflow/.local/lib/python3.12/site-packages/airflow/example_dags/example_xcomargs.py
[2024-05-09T05:38:38.998+0000] {processor.py:840} INFO - DAG(s) 'example_xcom_args', 'example_xcom_args_with_operators' retrieved from /home/airflow/.local/lib/python3.12/site-packages/airflow/example_dags/example_xcomargs.py
[2024-05-09T05:38:39.181+0000] {logging_mixin.py:188} INFO - [2024-05-09T05:38:39.181+0000] {dag.py:3096} INFO - Sync 2 DAGs
[2024-05-09T05:38:39.198+0000] {logging_mixin.py:188} INFO - [2024-05-09T05:38:39.198+0000] {dag.py:3954} INFO - Setting next_dagrun for example_xcom_args to None, run_after=None
[2024-05-09T05:38:39.204+0000] {logging_mixin.py:188} INFO - [2024-05-09T05:38:39.204+0000] {dag.py:3954} INFO - Setting next_dagrun for example_xcom_args_with_operators to None, run_after=None
[2024-05-09T05:38:39.228+0000] {processor.py:183} INFO - Processing /home/airflow/.local/lib/python3.12/site-packages/airflow/example_dags/example_xcomargs.py took 0.255 seconds
[2024-05-09T05:39:10.040+0000] {processor.py:161} INFO - Started process (PID=995) to work on /home/airflow/.local/lib/python3.12/site-packages/airflow/example_dags/example_xcomargs.py
[2024-05-09T05:39:10.041+0000] {processor.py:830} INFO - Processing file /home/airflow/.local/lib/python3.12/site-packages/airflow/example_dags/example_xcomargs.py for tasks to queue
[2024-05-09T05:39:10.043+0000] {logging_mixin.py:188} INFO - [2024-05-09T05:39:10.042+0000] {dagbag.py:545} INFO - Filling up the DagBag from /home/airflow/.local/lib/python3.12/site-packages/airflow/example_dags/example_xcomargs.py
[2024-05-09T05:39:10.052+0000] {processor.py:840} INFO - DAG(s) 'example_xcom_args_with_operators', 'example_xcom_args' retrieved from /home/airflow/.local/lib/python3.12/site-packages/airflow/example_dags/example_xcomargs.py
[2024-05-09T05:39:10.087+0000] {logging_mixin.py:188} INFO - [2024-05-09T05:39:10.087+0000] {dag.py:3096} INFO - Sync 2 DAGs
[2024-05-09T05:39:10.101+0000] {logging_mixin.py:188} INFO - [2024-05-09T05:39:10.101+0000] {dag.py:3954} INFO - Setting next_dagrun for example_xcom_args to None, run_after=None
[2024-05-09T05:39:10.106+0000] {logging_mixin.py:188} INFO - [2024-05-09T05:39:10.106+0000] {dag.py:3954} INFO - Setting next_dagrun for example_xcom_args_with_operators to None, run_after=None
[2024-05-09T05:39:10.123+0000] {processor.py:183} INFO - Processing /home/airflow/.local/lib/python3.12/site-packages/airflow/example_dags/example_xcomargs.py took 0.089 seconds
[2024-05-09T05:39:40.804+0000] {processor.py:161} INFO - Started process (PID=1257) to work on /home/airflow/.local/lib/python3.12/site-packages/airflow/example_dags/example_xcomargs.py
[2024-05-09T05:39:40.805+0000] {processor.py:830} INFO - Processing file /home/airflow/.local/lib/python3.12/site-packages/airflow/example_dags/example_xcomargs.py for tasks to queue
[2024-05-09T05:39:40.806+0000] {logging_mixin.py:188} INFO - [2024-05-09T05:39:40.806+0000] {dagbag.py:545} INFO - Filling up the DagBag from /home/airflow/.local/lib/python3.12/site-packages/airflow/example_dags/example_xcomargs.py
[2024-05-09T05:39:40.816+0000] {processor.py:840} INFO - DAG(s) 'example_xcom_args', 'example_xcom_args_with_operators' retrieved from /home/airflow/.local/lib/python3.12/site-packages/airflow/example_dags/example_xcomargs.py
[2024-05-09T05:39:40.840+0000] {logging_mixin.py:188} INFO - [2024-05-09T05:39:40.839+0000] {dag.py:3096} INFO - Sync 2 DAGs
[2024-05-09T05:39:40.853+0000] {logging_mixin.py:188} INFO - [2024-05-09T05:39:40.852+0000] {dag.py:3954} INFO - Setting next_dagrun for example_xcom_args to None, run_after=None
[2024-05-09T05:39:40.856+0000] {logging_mixin.py:188} INFO - [2024-05-09T05:39:40.856+0000] {dag.py:3954} INFO - Setting next_dagrun for example_xcom_args_with_operators to None, run_after=None
[2024-05-09T05:39:40.882+0000] {processor.py:183} INFO - Processing /home/airflow/.local/lib/python3.12/site-packages/airflow/example_dags/example_xcomargs.py took 0.086 seconds
[2024-05-09T05:40:27.913+0000] {processor.py:161} INFO - Started process (PID=211) to work on /home/airflow/.local/lib/python3.12/site-packages/airflow/example_dags/example_xcomargs.py
[2024-05-09T05:40:27.914+0000] {processor.py:830} INFO - Processing file /home/airflow/.local/lib/python3.12/site-packages/airflow/example_dags/example_xcomargs.py for tasks to queue
[2024-05-09T05:40:27.915+0000] {logging_mixin.py:188} INFO - [2024-05-09T05:40:27.915+0000] {dagbag.py:545} INFO - Filling up the DagBag from /home/airflow/.local/lib/python3.12/site-packages/airflow/example_dags/example_xcomargs.py
[2024-05-09T05:40:27.925+0000] {processor.py:840} INFO - DAG(s) 'example_xcom_args', 'example_xcom_args_with_operators' retrieved from /home/airflow/.local/lib/python3.12/site-packages/airflow/example_dags/example_xcomargs.py
[2024-05-09T05:40:28.094+0000] {logging_mixin.py:188} INFO - [2024-05-09T05:40:28.094+0000] {dag.py:3096} INFO - Sync 2 DAGs
[2024-05-09T05:40:28.111+0000] {logging_mixin.py:188} INFO - [2024-05-09T05:40:28.111+0000] {dag.py:3954} INFO - Setting next_dagrun for example_xcom_args to None, run_after=None
[2024-05-09T05:40:28.115+0000] {logging_mixin.py:188} INFO - [2024-05-09T05:40:28.115+0000] {dag.py:3954} INFO - Setting next_dagrun for example_xcom_args_with_operators to None, run_after=None
[2024-05-09T05:40:28.139+0000] {processor.py:183} INFO - Processing /home/airflow/.local/lib/python3.12/site-packages/airflow/example_dags/example_xcomargs.py took 0.232 seconds
[2024-05-09T05:40:58.456+0000] {processor.py:161} INFO - Started process (PID=471) to work on /home/airflow/.local/lib/python3.12/site-packages/airflow/example_dags/example_xcomargs.py
[2024-05-09T05:40:58.457+0000] {processor.py:830} INFO - Processing file /home/airflow/.local/lib/python3.12/site-packages/airflow/example_dags/example_xcomargs.py for tasks to queue
[2024-05-09T05:40:58.459+0000] {logging_mixin.py:188} INFO - [2024-05-09T05:40:58.458+0000] {dagbag.py:545} INFO - Filling up the DagBag from /home/airflow/.local/lib/python3.12/site-packages/airflow/example_dags/example_xcomargs.py
[2024-05-09T05:40:58.468+0000] {processor.py:840} INFO - DAG(s) 'example_xcom_args', 'example_xcom_args_with_operators' retrieved from /home/airflow/.local/lib/python3.12/site-packages/airflow/example_dags/example_xcomargs.py
[2024-05-09T05:40:58.493+0000] {logging_mixin.py:188} INFO - [2024-05-09T05:40:58.493+0000] {dag.py:3096} INFO - Sync 2 DAGs
[2024-05-09T05:40:58.507+0000] {logging_mixin.py:188} INFO - [2024-05-09T05:40:58.507+0000] {dag.py:3954} INFO - Setting next_dagrun for example_xcom_args to None, run_after=None
[2024-05-09T05:40:58.511+0000] {logging_mixin.py:188} INFO - [2024-05-09T05:40:58.511+0000] {dag.py:3954} INFO - Setting next_dagrun for example_xcom_args_with_operators to None, run_after=None
[2024-05-09T05:40:58.527+0000] {processor.py:183} INFO - Processing /home/airflow/.local/lib/python3.12/site-packages/airflow/example_dags/example_xcomargs.py took 0.077 seconds
[2024-05-09T05:41:29.514+0000] {processor.py:161} INFO - Started process (PID=733) to work on /home/airflow/.local/lib/python3.12/site-packages/airflow/example_dags/example_xcomargs.py
[2024-05-09T05:41:29.519+0000] {processor.py:830} INFO - Processing file /home/airflow/.local/lib/python3.12/site-packages/airflow/example_dags/example_xcomargs.py for tasks to queue
[2024-05-09T05:41:29.522+0000] {logging_mixin.py:188} INFO - [2024-05-09T05:41:29.521+0000] {dagbag.py:545} INFO - Filling up the DagBag from /home/airflow/.local/lib/python3.12/site-packages/airflow/example_dags/example_xcomargs.py
[2024-05-09T05:41:29.533+0000] {processor.py:840} INFO - DAG(s) 'example_xcom_args_with_operators', 'example_xcom_args' retrieved from /home/airflow/.local/lib/python3.12/site-packages/airflow/example_dags/example_xcomargs.py
[2024-05-09T05:41:29.564+0000] {logging_mixin.py:188} INFO - [2024-05-09T05:41:29.563+0000] {dag.py:3096} INFO - Sync 2 DAGs
[2024-05-09T05:41:29.585+0000] {logging_mixin.py:188} INFO - [2024-05-09T05:41:29.585+0000] {dag.py:3954} INFO - Setting next_dagrun for example_xcom_args to None, run_after=None
[2024-05-09T05:41:29.590+0000] {logging_mixin.py:188} INFO - [2024-05-09T05:41:29.590+0000] {dag.py:3954} INFO - Setting next_dagrun for example_xcom_args_with_operators to None, run_after=None
[2024-05-09T05:41:29.609+0000] {processor.py:183} INFO - Processing /home/airflow/.local/lib/python3.12/site-packages/airflow/example_dags/example_xcomargs.py took 0.104 seconds
[2024-05-09T05:42:00.502+0000] {processor.py:161} INFO - Started process (PID=995) to work on /home/airflow/.local/lib/python3.12/site-packages/airflow/example_dags/example_xcomargs.py
[2024-05-09T05:42:00.503+0000] {processor.py:830} INFO - Processing file /home/airflow/.local/lib/python3.12/site-packages/airflow/example_dags/example_xcomargs.py for tasks to queue
[2024-05-09T05:42:00.506+0000] {logging_mixin.py:188} INFO - [2024-05-09T05:42:00.505+0000] {dagbag.py:545} INFO - Filling up the DagBag from /home/airflow/.local/lib/python3.12/site-packages/airflow/example_dags/example_xcomargs.py
[2024-05-09T05:42:00.519+0000] {processor.py:840} INFO - DAG(s) 'example_xcom_args_with_operators', 'example_xcom_args' retrieved from /home/airflow/.local/lib/python3.12/site-packages/airflow/example_dags/example_xcomargs.py
[2024-05-09T05:42:00.552+0000] {logging_mixin.py:188} INFO - [2024-05-09T05:42:00.552+0000] {dag.py:3096} INFO - Sync 2 DAGs
[2024-05-09T05:42:00.565+0000] {logging_mixin.py:188} INFO - [2024-05-09T05:42:00.565+0000] {dag.py:3954} INFO - Setting next_dagrun for example_xcom_args to None, run_after=None
[2024-05-09T05:42:00.569+0000] {logging_mixin.py:188} INFO - [2024-05-09T05:42:00.569+0000] {dag.py:3954} INFO - Setting next_dagrun for example_xcom_args_with_operators to None, run_after=None
[2024-05-09T05:42:00.586+0000] {processor.py:183} INFO - Processing /home/airflow/.local/lib/python3.12/site-packages/airflow/example_dags/example_xcomargs.py took 0.094 seconds
