[2024-05-09T05:37:38.667+0000] {processor.py:161} INFO - Started process (PID=294) to work on /home/airflow/.local/lib/python3.12/site-packages/airflow/example_dags/example_task_group.py
[2024-05-09T05:37:38.668+0000] {processor.py:830} INFO - Processing file /home/airflow/.local/lib/python3.12/site-packages/airflow/example_dags/example_task_group.py for tasks to queue
[2024-05-09T05:37:38.669+0000] {logging_mixin.py:188} INFO - [2024-05-09T05:37:38.669+0000] {dagbag.py:545} INFO - Filling up the DagBag from /home/airflow/.local/lib/python3.12/site-packages/airflow/example_dags/example_task_group.py
[2024-05-09T05:37:38.679+0000] {processor.py:840} INFO - DAG(s) 'example_task_group' retrieved from /home/airflow/.local/lib/python3.12/site-packages/airflow/example_dags/example_task_group.py
[2024-05-09T05:37:38.689+0000] {logging_mixin.py:188} INFO - [2024-05-09T05:37:38.689+0000] {dag.py:3096} INFO - Sync 1 DAGs
[2024-05-09T05:37:38.716+0000] {logging_mixin.py:188} INFO - [2024-05-09T05:37:38.716+0000] {dag.py:3954} INFO - Setting next_dagrun for example_task_group to 2024-05-08 00:00:00+00:00, run_after=2024-05-09 00:00:00+00:00
[2024-05-09T05:37:38.737+0000] {processor.py:183} INFO - Processing /home/airflow/.local/lib/python3.12/site-packages/airflow/example_dags/example_task_group.py took 0.076 seconds
[2024-05-09T05:38:09.075+0000] {processor.py:161} INFO - Started process (PID=558) to work on /home/airflow/.local/lib/python3.12/site-packages/airflow/example_dags/example_task_group.py
[2024-05-09T05:38:09.081+0000] {processor.py:830} INFO - Processing file /home/airflow/.local/lib/python3.12/site-packages/airflow/example_dags/example_task_group.py for tasks to queue
[2024-05-09T05:38:09.083+0000] {logging_mixin.py:188} INFO - [2024-05-09T05:38:09.083+0000] {dagbag.py:545} INFO - Filling up the DagBag from /home/airflow/.local/lib/python3.12/site-packages/airflow/example_dags/example_task_group.py
[2024-05-09T05:38:09.106+0000] {processor.py:840} INFO - DAG(s) 'example_task_group' retrieved from /home/airflow/.local/lib/python3.12/site-packages/airflow/example_dags/example_task_group.py
[2024-05-09T05:38:09.126+0000] {logging_mixin.py:188} INFO - [2024-05-09T05:38:09.126+0000] {dag.py:3096} INFO - Sync 1 DAGs
[2024-05-09T05:38:09.156+0000] {logging_mixin.py:188} INFO - [2024-05-09T05:38:09.155+0000] {dag.py:3954} INFO - Setting next_dagrun for example_task_group to 2024-05-08 00:00:00+00:00, run_after=2024-05-09 00:00:00+00:00
[2024-05-09T05:38:09.177+0000] {processor.py:183} INFO - Processing /home/airflow/.local/lib/python3.12/site-packages/airflow/example_dags/example_task_group.py took 0.111 seconds
[2024-05-09T05:38:41.160+0000] {processor.py:161} INFO - Started process (PID=818) to work on /home/airflow/.local/lib/python3.12/site-packages/airflow/example_dags/example_task_group.py
[2024-05-09T05:38:41.161+0000] {processor.py:830} INFO - Processing file /home/airflow/.local/lib/python3.12/site-packages/airflow/example_dags/example_task_group.py for tasks to queue
[2024-05-09T05:38:41.163+0000] {logging_mixin.py:188} INFO - [2024-05-09T05:38:41.163+0000] {dagbag.py:545} INFO - Filling up the DagBag from /home/airflow/.local/lib/python3.12/site-packages/airflow/example_dags/example_task_group.py
[2024-05-09T05:38:41.170+0000] {processor.py:840} INFO - DAG(s) 'example_task_group' retrieved from /home/airflow/.local/lib/python3.12/site-packages/airflow/example_dags/example_task_group.py
[2024-05-09T05:38:41.299+0000] {logging_mixin.py:188} INFO - [2024-05-09T05:38:41.298+0000] {dag.py:3096} INFO - Sync 1 DAGs
[2024-05-09T05:38:41.332+0000] {logging_mixin.py:188} INFO - [2024-05-09T05:38:41.331+0000] {dag.py:3954} INFO - Setting next_dagrun for example_task_group to 2024-05-08 00:00:00+00:00, run_after=2024-05-09 00:00:00+00:00
[2024-05-09T05:38:41.364+0000] {processor.py:183} INFO - Processing /home/airflow/.local/lib/python3.12/site-packages/airflow/example_dags/example_task_group.py took 0.210 seconds
[2024-05-09T05:39:11.509+0000] {processor.py:161} INFO - Started process (PID=1080) to work on /home/airflow/.local/lib/python3.12/site-packages/airflow/example_dags/example_task_group.py
[2024-05-09T05:39:11.510+0000] {processor.py:830} INFO - Processing file /home/airflow/.local/lib/python3.12/site-packages/airflow/example_dags/example_task_group.py for tasks to queue
[2024-05-09T05:39:11.512+0000] {logging_mixin.py:188} INFO - [2024-05-09T05:39:11.511+0000] {dagbag.py:545} INFO - Filling up the DagBag from /home/airflow/.local/lib/python3.12/site-packages/airflow/example_dags/example_task_group.py
[2024-05-09T05:39:11.520+0000] {processor.py:840} INFO - DAG(s) 'example_task_group' retrieved from /home/airflow/.local/lib/python3.12/site-packages/airflow/example_dags/example_task_group.py
[2024-05-09T05:39:11.548+0000] {logging_mixin.py:188} INFO - [2024-05-09T05:39:11.548+0000] {dag.py:3096} INFO - Sync 1 DAGs
[2024-05-09T05:39:11.575+0000] {logging_mixin.py:188} INFO - [2024-05-09T05:39:11.575+0000] {dag.py:3954} INFO - Setting next_dagrun for example_task_group to 2024-05-08 00:00:00+00:00, run_after=2024-05-09 00:00:00+00:00
[2024-05-09T05:39:11.603+0000] {processor.py:183} INFO - Processing /home/airflow/.local/lib/python3.12/site-packages/airflow/example_dags/example_task_group.py took 0.102 seconds
[2024-05-09T05:39:41.876+0000] {processor.py:161} INFO - Started process (PID=1344) to work on /home/airflow/.local/lib/python3.12/site-packages/airflow/example_dags/example_task_group.py
[2024-05-09T05:39:41.877+0000] {processor.py:830} INFO - Processing file /home/airflow/.local/lib/python3.12/site-packages/airflow/example_dags/example_task_group.py for tasks to queue
[2024-05-09T05:39:41.878+0000] {logging_mixin.py:188} INFO - [2024-05-09T05:39:41.878+0000] {dagbag.py:545} INFO - Filling up the DagBag from /home/airflow/.local/lib/python3.12/site-packages/airflow/example_dags/example_task_group.py
[2024-05-09T05:39:41.884+0000] {processor.py:840} INFO - DAG(s) 'example_task_group' retrieved from /home/airflow/.local/lib/python3.12/site-packages/airflow/example_dags/example_task_group.py
[2024-05-09T05:39:41.904+0000] {logging_mixin.py:188} INFO - [2024-05-09T05:39:41.904+0000] {dag.py:3096} INFO - Sync 1 DAGs
[2024-05-09T05:39:41.924+0000] {logging_mixin.py:188} INFO - [2024-05-09T05:39:41.924+0000] {dag.py:3954} INFO - Setting next_dagrun for example_task_group to 2024-05-08 00:00:00+00:00, run_after=2024-05-09 00:00:00+00:00
[2024-05-09T05:39:41.944+0000] {processor.py:183} INFO - Processing /home/airflow/.local/lib/python3.12/site-packages/airflow/example_dags/example_task_group.py took 0.074 seconds
[2024-05-09T05:40:29.866+0000] {processor.py:161} INFO - Started process (PID=294) to work on /home/airflow/.local/lib/python3.12/site-packages/airflow/example_dags/example_task_group.py
[2024-05-09T05:40:29.867+0000] {processor.py:830} INFO - Processing file /home/airflow/.local/lib/python3.12/site-packages/airflow/example_dags/example_task_group.py for tasks to queue
[2024-05-09T05:40:29.868+0000] {logging_mixin.py:188} INFO - [2024-05-09T05:40:29.868+0000] {dagbag.py:545} INFO - Filling up the DagBag from /home/airflow/.local/lib/python3.12/site-packages/airflow/example_dags/example_task_group.py
[2024-05-09T05:40:29.877+0000] {processor.py:840} INFO - DAG(s) 'example_task_group' retrieved from /home/airflow/.local/lib/python3.12/site-packages/airflow/example_dags/example_task_group.py
[2024-05-09T05:40:30.008+0000] {logging_mixin.py:188} INFO - [2024-05-09T05:40:30.007+0000] {dag.py:3096} INFO - Sync 1 DAGs
[2024-05-09T05:40:30.026+0000] {logging_mixin.py:188} INFO - [2024-05-09T05:40:30.026+0000] {dag.py:3954} INFO - Setting next_dagrun for example_task_group to 2024-05-08 00:00:00+00:00, run_after=2024-05-09 00:00:00+00:00
[2024-05-09T05:40:30.047+0000] {processor.py:183} INFO - Processing /home/airflow/.local/lib/python3.12/site-packages/airflow/example_dags/example_task_group.py took 0.186 seconds
[2024-05-09T05:41:00.556+0000] {processor.py:161} INFO - Started process (PID=558) to work on /home/airflow/.local/lib/python3.12/site-packages/airflow/example_dags/example_task_group.py
[2024-05-09T05:41:00.557+0000] {processor.py:830} INFO - Processing file /home/airflow/.local/lib/python3.12/site-packages/airflow/example_dags/example_task_group.py for tasks to queue
[2024-05-09T05:41:00.558+0000] {logging_mixin.py:188} INFO - [2024-05-09T05:41:00.558+0000] {dagbag.py:545} INFO - Filling up the DagBag from /home/airflow/.local/lib/python3.12/site-packages/airflow/example_dags/example_task_group.py
[2024-05-09T05:41:00.565+0000] {processor.py:840} INFO - DAG(s) 'example_task_group' retrieved from /home/airflow/.local/lib/python3.12/site-packages/airflow/example_dags/example_task_group.py
[2024-05-09T05:41:00.586+0000] {logging_mixin.py:188} INFO - [2024-05-09T05:41:00.586+0000] {dag.py:3096} INFO - Sync 1 DAGs
[2024-05-09T05:41:00.607+0000] {logging_mixin.py:188} INFO - [2024-05-09T05:41:00.607+0000] {dag.py:3954} INFO - Setting next_dagrun for example_task_group to 2024-05-08 00:00:00+00:00, run_after=2024-05-09 00:00:00+00:00
[2024-05-09T05:41:00.629+0000] {processor.py:183} INFO - Processing /home/airflow/.local/lib/python3.12/site-packages/airflow/example_dags/example_task_group.py took 0.079 seconds
[2024-05-09T05:41:30.890+0000] {processor.py:161} INFO - Started process (PID=818) to work on /home/airflow/.local/lib/python3.12/site-packages/airflow/example_dags/example_task_group.py
[2024-05-09T05:41:30.891+0000] {processor.py:830} INFO - Processing file /home/airflow/.local/lib/python3.12/site-packages/airflow/example_dags/example_task_group.py for tasks to queue
[2024-05-09T05:41:30.894+0000] {logging_mixin.py:188} INFO - [2024-05-09T05:41:30.893+0000] {dagbag.py:545} INFO - Filling up the DagBag from /home/airflow/.local/lib/python3.12/site-packages/airflow/example_dags/example_task_group.py
[2024-05-09T05:41:30.909+0000] {processor.py:840} INFO - DAG(s) 'example_task_group' retrieved from /home/airflow/.local/lib/python3.12/site-packages/airflow/example_dags/example_task_group.py
[2024-05-09T05:41:30.951+0000] {logging_mixin.py:188} INFO - [2024-05-09T05:41:30.950+0000] {dag.py:3096} INFO - Sync 1 DAGs
[2024-05-09T05:41:30.995+0000] {logging_mixin.py:188} INFO - [2024-05-09T05:41:30.995+0000] {dag.py:3954} INFO - Setting next_dagrun for example_task_group to 2024-05-08 00:00:00+00:00, run_after=2024-05-09 00:00:00+00:00
[2024-05-09T05:41:31.031+0000] {processor.py:183} INFO - Processing /home/airflow/.local/lib/python3.12/site-packages/airflow/example_dags/example_task_group.py took 0.154 seconds
