[2024-05-09T05:37:38.087+0000] {processor.py:161} INFO - Started process (PID=241) to work on /home/airflow/.local/lib/python3.12/site-packages/airflow/example_dags/example_display_name.py
[2024-05-09T05:37:38.088+0000] {processor.py:830} INFO - Processing file /home/airflow/.local/lib/python3.12/site-packages/airflow/example_dags/example_display_name.py for tasks to queue
[2024-05-09T05:37:38.090+0000] {logging_mixin.py:188} INFO - [2024-05-09T05:37:38.090+0000] {dagbag.py:545} INFO - Filling up the DagBag from /home/airflow/.local/lib/python3.12/site-packages/airflow/example_dags/example_display_name.py
[2024-05-09T05:37:38.098+0000] {processor.py:840} INFO - DAG(s) 'example_display_name' retrieved from /home/airflow/.local/lib/python3.12/site-packages/airflow/example_dags/example_display_name.py
[2024-05-09T05:37:38.112+0000] {logging_mixin.py:188} INFO - [2024-05-09T05:37:38.112+0000] {dag.py:3096} INFO - Sync 1 DAGs
[2024-05-09T05:37:38.132+0000] {logging_mixin.py:188} INFO - [2024-05-09T05:37:38.131+0000] {dag.py:3954} INFO - Setting next_dagrun for example_display_name to None, run_after=None
[2024-05-09T05:37:38.152+0000] {processor.py:183} INFO - Processing /home/airflow/.local/lib/python3.12/site-packages/airflow/example_dags/example_display_name.py took 0.073 seconds
[2024-05-09T05:38:08.252+0000] {processor.py:161} INFO - Started process (PID=503) to work on /home/airflow/.local/lib/python3.12/site-packages/airflow/example_dags/example_display_name.py
[2024-05-09T05:38:08.253+0000] {processor.py:830} INFO - Processing file /home/airflow/.local/lib/python3.12/site-packages/airflow/example_dags/example_display_name.py for tasks to queue
[2024-05-09T05:38:08.255+0000] {logging_mixin.py:188} INFO - [2024-05-09T05:38:08.255+0000] {dagbag.py:545} INFO - Filling up the DagBag from /home/airflow/.local/lib/python3.12/site-packages/airflow/example_dags/example_display_name.py
[2024-05-09T05:38:08.262+0000] {processor.py:840} INFO - DAG(s) 'example_display_name' retrieved from /home/airflow/.local/lib/python3.12/site-packages/airflow/example_dags/example_display_name.py
[2024-05-09T05:38:08.275+0000] {logging_mixin.py:188} INFO - [2024-05-09T05:38:08.274+0000] {dag.py:3096} INFO - Sync 1 DAGs
[2024-05-09T05:38:08.290+0000] {logging_mixin.py:188} INFO - [2024-05-09T05:38:08.290+0000] {dag.py:3954} INFO - Setting next_dagrun for example_display_name to None, run_after=None
[2024-05-09T05:38:08.310+0000] {processor.py:183} INFO - Processing /home/airflow/.local/lib/python3.12/site-packages/airflow/example_dags/example_display_name.py took 0.064 seconds
[2024-05-09T05:38:39.727+0000] {processor.py:161} INFO - Started process (PID=763) to work on /home/airflow/.local/lib/python3.12/site-packages/airflow/example_dags/example_display_name.py
[2024-05-09T05:38:39.728+0000] {processor.py:830} INFO - Processing file /home/airflow/.local/lib/python3.12/site-packages/airflow/example_dags/example_display_name.py for tasks to queue
[2024-05-09T05:38:39.729+0000] {logging_mixin.py:188} INFO - [2024-05-09T05:38:39.729+0000] {dagbag.py:545} INFO - Filling up the DagBag from /home/airflow/.local/lib/python3.12/site-packages/airflow/example_dags/example_display_name.py
[2024-05-09T05:38:39.736+0000] {processor.py:840} INFO - DAG(s) 'example_display_name' retrieved from /home/airflow/.local/lib/python3.12/site-packages/airflow/example_dags/example_display_name.py
[2024-05-09T05:38:39.882+0000] {logging_mixin.py:188} INFO - [2024-05-09T05:38:39.881+0000] {dag.py:3096} INFO - Sync 1 DAGs
[2024-05-09T05:38:39.902+0000] {logging_mixin.py:188} INFO - [2024-05-09T05:38:39.901+0000] {dag.py:3954} INFO - Setting next_dagrun for example_display_name to None, run_after=None
[2024-05-09T05:38:39.926+0000] {processor.py:183} INFO - Processing /home/airflow/.local/lib/python3.12/site-packages/airflow/example_dags/example_display_name.py took 0.206 seconds
[2024-05-09T05:39:10.483+0000] {processor.py:161} INFO - Started process (PID=1025) to work on /home/airflow/.local/lib/python3.12/site-packages/airflow/example_dags/example_display_name.py
[2024-05-09T05:39:10.484+0000] {processor.py:830} INFO - Processing file /home/airflow/.local/lib/python3.12/site-packages/airflow/example_dags/example_display_name.py for tasks to queue
[2024-05-09T05:39:10.486+0000] {logging_mixin.py:188} INFO - [2024-05-09T05:39:10.485+0000] {dagbag.py:545} INFO - Filling up the DagBag from /home/airflow/.local/lib/python3.12/site-packages/airflow/example_dags/example_display_name.py
[2024-05-09T05:39:10.493+0000] {processor.py:840} INFO - DAG(s) 'example_display_name' retrieved from /home/airflow/.local/lib/python3.12/site-packages/airflow/example_dags/example_display_name.py
[2024-05-09T05:39:10.525+0000] {logging_mixin.py:188} INFO - [2024-05-09T05:39:10.524+0000] {dag.py:3096} INFO - Sync 1 DAGs
[2024-05-09T05:39:10.548+0000] {logging_mixin.py:188} INFO - [2024-05-09T05:39:10.548+0000] {dag.py:3954} INFO - Setting next_dagrun for example_display_name to None, run_after=None
[2024-05-09T05:39:10.589+0000] {processor.py:183} INFO - Processing /home/airflow/.local/lib/python3.12/site-packages/airflow/example_dags/example_display_name.py took 0.116 seconds
[2024-05-09T05:39:41.220+0000] {processor.py:161} INFO - Started process (PID=1287) to work on /home/airflow/.local/lib/python3.12/site-packages/airflow/example_dags/example_display_name.py
[2024-05-09T05:39:41.221+0000] {processor.py:830} INFO - Processing file /home/airflow/.local/lib/python3.12/site-packages/airflow/example_dags/example_display_name.py for tasks to queue
[2024-05-09T05:39:41.223+0000] {logging_mixin.py:188} INFO - [2024-05-09T05:39:41.223+0000] {dagbag.py:545} INFO - Filling up the DagBag from /home/airflow/.local/lib/python3.12/site-packages/airflow/example_dags/example_display_name.py
[2024-05-09T05:39:41.230+0000] {processor.py:840} INFO - DAG(s) 'example_display_name' retrieved from /home/airflow/.local/lib/python3.12/site-packages/airflow/example_dags/example_display_name.py
[2024-05-09T05:39:41.254+0000] {logging_mixin.py:188} INFO - [2024-05-09T05:39:41.254+0000] {dag.py:3096} INFO - Sync 1 DAGs
[2024-05-09T05:39:41.272+0000] {logging_mixin.py:188} INFO - [2024-05-09T05:39:41.272+0000] {dag.py:3954} INFO - Setting next_dagrun for example_display_name to None, run_after=None
[2024-05-09T05:39:41.292+0000] {processor.py:183} INFO - Processing /home/airflow/.local/lib/python3.12/site-packages/airflow/example_dags/example_display_name.py took 0.081 seconds
[2024-05-09T05:40:28.551+0000] {processor.py:161} INFO - Started process (PID=239) to work on /home/airflow/.local/lib/python3.12/site-packages/airflow/example_dags/example_display_name.py
[2024-05-09T05:40:28.552+0000] {processor.py:830} INFO - Processing file /home/airflow/.local/lib/python3.12/site-packages/airflow/example_dags/example_display_name.py for tasks to queue
[2024-05-09T05:40:28.554+0000] {logging_mixin.py:188} INFO - [2024-05-09T05:40:28.553+0000] {dagbag.py:545} INFO - Filling up the DagBag from /home/airflow/.local/lib/python3.12/site-packages/airflow/example_dags/example_display_name.py
[2024-05-09T05:40:28.561+0000] {processor.py:840} INFO - DAG(s) 'example_display_name' retrieved from /home/airflow/.local/lib/python3.12/site-packages/airflow/example_dags/example_display_name.py
[2024-05-09T05:40:28.661+0000] {logging_mixin.py:188} INFO - [2024-05-09T05:40:28.660+0000] {dag.py:3096} INFO - Sync 1 DAGs
[2024-05-09T05:40:28.671+0000] {logging_mixin.py:188} INFO - [2024-05-09T05:40:28.671+0000] {dag.py:3954} INFO - Setting next_dagrun for example_display_name to None, run_after=None
[2024-05-09T05:40:28.692+0000] {processor.py:183} INFO - Processing /home/airflow/.local/lib/python3.12/site-packages/airflow/example_dags/example_display_name.py took 0.146 seconds
[2024-05-09T05:40:58.791+0000] {processor.py:161} INFO - Started process (PID=501) to work on /home/airflow/.local/lib/python3.12/site-packages/airflow/example_dags/example_display_name.py
[2024-05-09T05:40:58.792+0000] {processor.py:830} INFO - Processing file /home/airflow/.local/lib/python3.12/site-packages/airflow/example_dags/example_display_name.py for tasks to queue
[2024-05-09T05:40:58.794+0000] {logging_mixin.py:188} INFO - [2024-05-09T05:40:58.794+0000] {dagbag.py:545} INFO - Filling up the DagBag from /home/airflow/.local/lib/python3.12/site-packages/airflow/example_dags/example_display_name.py
[2024-05-09T05:40:58.799+0000] {processor.py:840} INFO - DAG(s) 'example_display_name' retrieved from /home/airflow/.local/lib/python3.12/site-packages/airflow/example_dags/example_display_name.py
[2024-05-09T05:40:58.820+0000] {logging_mixin.py:188} INFO - [2024-05-09T05:40:58.820+0000] {dag.py:3096} INFO - Sync 1 DAGs
[2024-05-09T05:40:58.833+0000] {logging_mixin.py:188} INFO - [2024-05-09T05:40:58.833+0000] {dag.py:3954} INFO - Setting next_dagrun for example_display_name to None, run_after=None
[2024-05-09T05:40:58.851+0000] {processor.py:183} INFO - Processing /home/airflow/.local/lib/python3.12/site-packages/airflow/example_dags/example_display_name.py took 0.066 seconds
[2024-05-09T05:41:29.987+0000] {processor.py:161} INFO - Started process (PID=763) to work on /home/airflow/.local/lib/python3.12/site-packages/airflow/example_dags/example_display_name.py
[2024-05-09T05:41:29.992+0000] {processor.py:830} INFO - Processing file /home/airflow/.local/lib/python3.12/site-packages/airflow/example_dags/example_display_name.py for tasks to queue
[2024-05-09T05:41:29.995+0000] {logging_mixin.py:188} INFO - [2024-05-09T05:41:29.995+0000] {dagbag.py:545} INFO - Filling up the DagBag from /home/airflow/.local/lib/python3.12/site-packages/airflow/example_dags/example_display_name.py
[2024-05-09T05:41:30.006+0000] {processor.py:840} INFO - DAG(s) 'example_display_name' retrieved from /home/airflow/.local/lib/python3.12/site-packages/airflow/example_dags/example_display_name.py
[2024-05-09T05:41:30.039+0000] {logging_mixin.py:188} INFO - [2024-05-09T05:41:30.038+0000] {dag.py:3096} INFO - Sync 1 DAGs
[2024-05-09T05:41:30.059+0000] {logging_mixin.py:188} INFO - [2024-05-09T05:41:30.058+0000] {dag.py:3954} INFO - Setting next_dagrun for example_display_name to None, run_after=None
[2024-05-09T05:41:30.091+0000] {processor.py:183} INFO - Processing /home/airflow/.local/lib/python3.12/site-packages/airflow/example_dags/example_display_name.py took 0.117 seconds
[2024-05-09T05:42:01.458+0000] {processor.py:161} INFO - Started process (PID=1079) to work on /home/airflow/.local/lib/python3.12/site-packages/airflow/example_dags/example_display_name.py
[2024-05-09T05:42:01.461+0000] {processor.py:830} INFO - Processing file /home/airflow/.local/lib/python3.12/site-packages/airflow/example_dags/example_display_name.py for tasks to queue
[2024-05-09T05:42:01.468+0000] {logging_mixin.py:188} INFO - [2024-05-09T05:42:01.467+0000] {dagbag.py:545} INFO - Filling up the DagBag from /home/airflow/.local/lib/python3.12/site-packages/airflow/example_dags/example_display_name.py
[2024-05-09T05:42:01.486+0000] {processor.py:840} INFO - DAG(s) 'example_display_name' retrieved from /home/airflow/.local/lib/python3.12/site-packages/airflow/example_dags/example_display_name.py
[2024-05-09T05:42:01.546+0000] {logging_mixin.py:188} INFO - [2024-05-09T05:42:01.545+0000] {dag.py:3096} INFO - Sync 1 DAGs
[2024-05-09T05:42:01.590+0000] {logging_mixin.py:188} INFO - [2024-05-09T05:42:01.589+0000] {dag.py:3954} INFO - Setting next_dagrun for example_display_name to None, run_after=None
[2024-05-09T05:42:02.348+0000] {logging_mixin.py:188} INFO - [2024-05-09T05:42:02.347+0000] {process_utils.py:263} INFO - Waiting up to 5 seconds for processes to exit...
