[2024-05-09T05:37:39.447+0000] {processor.py:161} INFO - Started process (PID=351) to work on /home/airflow/.local/lib/python3.12/site-packages/airflow/example_dags/example_datasets.py
[2024-05-09T05:37:39.448+0000] {processor.py:830} INFO - Processing file /home/airflow/.local/lib/python3.12/site-packages/airflow/example_dags/example_datasets.py for tasks to queue
[2024-05-09T05:37:39.449+0000] {logging_mixin.py:188} INFO - [2024-05-09T05:37:39.449+0000] {dagbag.py:545} INFO - Filling up the DagBag from /home/airflow/.local/lib/python3.12/site-packages/airflow/example_dags/example_datasets.py
[2024-05-09T05:37:39.468+0000] {processor.py:840} INFO - DAG(s) 'dataset_consumes_1', 'conditional_dataset_and_time_based_timetable', 'consume_1_or_2_with_dataset_expressions', 'consume_1_and_2_with_dataset_expressions', 'dataset_consumes_1_and_2', 'dataset_produces_1', 'dataset_produces_2', 'dataset_consumes_1_never_scheduled', 'consume_1_or_both_2_and_3_with_dataset_expressions', 'dataset_consumes_unknown_never_scheduled' retrieved from /home/airflow/.local/lib/python3.12/site-packages/airflow/example_dags/example_datasets.py
[2024-05-09T05:37:39.486+0000] {logging_mixin.py:188} INFO - [2024-05-09T05:37:39.485+0000] {dag.py:3096} INFO - Sync 10 DAGs
[2024-05-09T05:37:39.517+0000] {logging_mixin.py:188} INFO - [2024-05-09T05:37:39.517+0000] {dag.py:3954} INFO - Setting next_dagrun for conditional_dataset_and_time_based_timetable to 2024-05-08 01:00:00+00:00, run_after=2024-05-08 01:00:00+00:00
[2024-05-09T05:37:39.522+0000] {logging_mixin.py:188} INFO - [2024-05-09T05:37:39.522+0000] {dag.py:3954} INFO - Setting next_dagrun for consume_1_and_2_with_dataset_expressions to None, run_after=None
[2024-05-09T05:37:39.524+0000] {logging_mixin.py:188} INFO - [2024-05-09T05:37:39.524+0000] {dag.py:3954} INFO - Setting next_dagrun for consume_1_or_2_with_dataset_expressions to None, run_after=None
[2024-05-09T05:37:39.526+0000] {logging_mixin.py:188} INFO - [2024-05-09T05:37:39.525+0000] {dag.py:3954} INFO - Setting next_dagrun for consume_1_or_both_2_and_3_with_dataset_expressions to None, run_after=None
[2024-05-09T05:37:39.527+0000] {logging_mixin.py:188} INFO - [2024-05-09T05:37:39.527+0000] {dag.py:3954} INFO - Setting next_dagrun for dataset_consumes_1 to None, run_after=None
[2024-05-09T05:37:39.529+0000] {logging_mixin.py:188} INFO - [2024-05-09T05:37:39.529+0000] {dag.py:3954} INFO - Setting next_dagrun for dataset_consumes_1_and_2 to None, run_after=None
[2024-05-09T05:37:39.530+0000] {logging_mixin.py:188} INFO - [2024-05-09T05:37:39.530+0000] {dag.py:3954} INFO - Setting next_dagrun for dataset_consumes_1_never_scheduled to None, run_after=None
[2024-05-09T05:37:39.531+0000] {logging_mixin.py:188} INFO - [2024-05-09T05:37:39.531+0000] {dag.py:3954} INFO - Setting next_dagrun for dataset_consumes_unknown_never_scheduled to None, run_after=None
[2024-05-09T05:37:39.533+0000] {logging_mixin.py:188} INFO - [2024-05-09T05:37:39.533+0000] {dag.py:3954} INFO - Setting next_dagrun for dataset_produces_1 to 2024-05-08 00:00:00+00:00, run_after=2024-05-09 00:00:00+00:00
[2024-05-09T05:37:39.534+0000] {logging_mixin.py:188} INFO - [2024-05-09T05:37:39.534+0000] {dag.py:3954} INFO - Setting next_dagrun for dataset_produces_2 to None, run_after=None
[2024-05-09T05:37:39.564+0000] {processor.py:183} INFO - Processing /home/airflow/.local/lib/python3.12/site-packages/airflow/example_dags/example_datasets.py took 0.122 seconds
[2024-05-09T05:38:09.763+0000] {processor.py:161} INFO - Started process (PID=616) to work on /home/airflow/.local/lib/python3.12/site-packages/airflow/example_dags/example_datasets.py
[2024-05-09T05:38:09.764+0000] {processor.py:830} INFO - Processing file /home/airflow/.local/lib/python3.12/site-packages/airflow/example_dags/example_datasets.py for tasks to queue
[2024-05-09T05:38:09.766+0000] {logging_mixin.py:188} INFO - [2024-05-09T05:38:09.766+0000] {dagbag.py:545} INFO - Filling up the DagBag from /home/airflow/.local/lib/python3.12/site-packages/airflow/example_dags/example_datasets.py
[2024-05-09T05:38:09.783+0000] {processor.py:840} INFO - DAG(s) 'consume_1_and_2_with_dataset_expressions', 'dataset_consumes_unknown_never_scheduled', 'dataset_consumes_1_never_scheduled', 'dataset_consumes_1_and_2', 'dataset_produces_2', 'consume_1_or_2_with_dataset_expressions', 'conditional_dataset_and_time_based_timetable', 'consume_1_or_both_2_and_3_with_dataset_expressions', 'dataset_consumes_1', 'dataset_produces_1' retrieved from /home/airflow/.local/lib/python3.12/site-packages/airflow/example_dags/example_datasets.py
[2024-05-09T05:38:09.801+0000] {logging_mixin.py:188} INFO - [2024-05-09T05:38:09.800+0000] {dag.py:3096} INFO - Sync 10 DAGs
[2024-05-09T05:38:09.832+0000] {logging_mixin.py:188} INFO - [2024-05-09T05:38:09.832+0000] {dag.py:3954} INFO - Setting next_dagrun for conditional_dataset_and_time_based_timetable to 2024-05-08 01:00:00+00:00, run_after=2024-05-08 01:00:00+00:00
[2024-05-09T05:38:09.837+0000] {logging_mixin.py:188} INFO - [2024-05-09T05:38:09.836+0000] {dag.py:3954} INFO - Setting next_dagrun for consume_1_and_2_with_dataset_expressions to None, run_after=None
[2024-05-09T05:38:09.838+0000] {logging_mixin.py:188} INFO - [2024-05-09T05:38:09.838+0000] {dag.py:3954} INFO - Setting next_dagrun for consume_1_or_2_with_dataset_expressions to None, run_after=None
[2024-05-09T05:38:09.839+0000] {logging_mixin.py:188} INFO - [2024-05-09T05:38:09.839+0000] {dag.py:3954} INFO - Setting next_dagrun for consume_1_or_both_2_and_3_with_dataset_expressions to None, run_after=None
[2024-05-09T05:38:09.841+0000] {logging_mixin.py:188} INFO - [2024-05-09T05:38:09.840+0000] {dag.py:3954} INFO - Setting next_dagrun for dataset_consumes_1 to None, run_after=None
[2024-05-09T05:38:09.842+0000] {logging_mixin.py:188} INFO - [2024-05-09T05:38:09.842+0000] {dag.py:3954} INFO - Setting next_dagrun for dataset_consumes_1_and_2 to None, run_after=None
[2024-05-09T05:38:09.843+0000] {logging_mixin.py:188} INFO - [2024-05-09T05:38:09.843+0000] {dag.py:3954} INFO - Setting next_dagrun for dataset_consumes_1_never_scheduled to None, run_after=None
[2024-05-09T05:38:09.844+0000] {logging_mixin.py:188} INFO - [2024-05-09T05:38:09.844+0000] {dag.py:3954} INFO - Setting next_dagrun for dataset_consumes_unknown_never_scheduled to None, run_after=None
[2024-05-09T05:38:09.847+0000] {logging_mixin.py:188} INFO - [2024-05-09T05:38:09.846+0000] {dag.py:3954} INFO - Setting next_dagrun for dataset_produces_1 to 2024-05-08 00:00:00+00:00, run_after=2024-05-09 00:00:00+00:00
[2024-05-09T05:38:09.848+0000] {logging_mixin.py:188} INFO - [2024-05-09T05:38:09.848+0000] {dag.py:3954} INFO - Setting next_dagrun for dataset_produces_2 to None, run_after=None
[2024-05-09T05:38:09.885+0000] {processor.py:183} INFO - Processing /home/airflow/.local/lib/python3.12/site-packages/airflow/example_dags/example_datasets.py took 0.130 seconds
[2024-05-09T05:38:42.822+0000] {processor.py:161} INFO - Started process (PID=873) to work on /home/airflow/.local/lib/python3.12/site-packages/airflow/example_dags/example_datasets.py
[2024-05-09T05:38:42.823+0000] {processor.py:830} INFO - Processing file /home/airflow/.local/lib/python3.12/site-packages/airflow/example_dags/example_datasets.py for tasks to queue
[2024-05-09T05:38:42.825+0000] {logging_mixin.py:188} INFO - [2024-05-09T05:38:42.824+0000] {dagbag.py:545} INFO - Filling up the DagBag from /home/airflow/.local/lib/python3.12/site-packages/airflow/example_dags/example_datasets.py
[2024-05-09T05:38:42.839+0000] {processor.py:840} INFO - DAG(s) 'dataset_consumes_1', 'dataset_consumes_1_and_2', 'dataset_consumes_1_never_scheduled', 'dataset_consumes_unknown_never_scheduled', 'consume_1_and_2_with_dataset_expressions', 'dataset_produces_1', 'conditional_dataset_and_time_based_timetable', 'dataset_produces_2', 'consume_1_or_2_with_dataset_expressions', 'consume_1_or_both_2_and_3_with_dataset_expressions' retrieved from /home/airflow/.local/lib/python3.12/site-packages/airflow/example_dags/example_datasets.py
[2024-05-09T05:38:43.098+0000] {logging_mixin.py:188} INFO - [2024-05-09T05:38:43.098+0000] {dag.py:3096} INFO - Sync 10 DAGs
[2024-05-09T05:38:43.124+0000] {logging_mixin.py:188} INFO - [2024-05-09T05:38:43.124+0000] {dag.py:3954} INFO - Setting next_dagrun for conditional_dataset_and_time_based_timetable to 2024-05-08 01:00:00+00:00, run_after=2024-05-08 01:00:00+00:00
[2024-05-09T05:38:43.128+0000] {logging_mixin.py:188} INFO - [2024-05-09T05:38:43.127+0000] {dag.py:3954} INFO - Setting next_dagrun for consume_1_and_2_with_dataset_expressions to None, run_after=None
[2024-05-09T05:38:43.129+0000] {logging_mixin.py:188} INFO - [2024-05-09T05:38:43.129+0000] {dag.py:3954} INFO - Setting next_dagrun for consume_1_or_2_with_dataset_expressions to None, run_after=None
[2024-05-09T05:38:43.131+0000] {logging_mixin.py:188} INFO - [2024-05-09T05:38:43.131+0000] {dag.py:3954} INFO - Setting next_dagrun for consume_1_or_both_2_and_3_with_dataset_expressions to None, run_after=None
[2024-05-09T05:38:43.133+0000] {logging_mixin.py:188} INFO - [2024-05-09T05:38:43.132+0000] {dag.py:3954} INFO - Setting next_dagrun for dataset_consumes_1 to None, run_after=None
[2024-05-09T05:38:43.135+0000] {logging_mixin.py:188} INFO - [2024-05-09T05:38:43.134+0000] {dag.py:3954} INFO - Setting next_dagrun for dataset_consumes_1_and_2 to None, run_after=None
[2024-05-09T05:38:43.136+0000] {logging_mixin.py:188} INFO - [2024-05-09T05:38:43.136+0000] {dag.py:3954} INFO - Setting next_dagrun for dataset_consumes_1_never_scheduled to None, run_after=None
[2024-05-09T05:38:43.138+0000] {logging_mixin.py:188} INFO - [2024-05-09T05:38:43.138+0000] {dag.py:3954} INFO - Setting next_dagrun for dataset_consumes_unknown_never_scheduled to None, run_after=None
[2024-05-09T05:38:43.143+0000] {logging_mixin.py:188} INFO - [2024-05-09T05:38:43.142+0000] {dag.py:3954} INFO - Setting next_dagrun for dataset_produces_1 to 2024-05-08 00:00:00+00:00, run_after=2024-05-09 00:00:00+00:00
[2024-05-09T05:38:43.145+0000] {logging_mixin.py:188} INFO - [2024-05-09T05:38:43.144+0000] {dag.py:3954} INFO - Setting next_dagrun for dataset_produces_2 to None, run_after=None
[2024-05-09T05:38:43.194+0000] {processor.py:183} INFO - Processing /home/airflow/.local/lib/python3.12/site-packages/airflow/example_dags/example_datasets.py took 0.380 seconds
[2024-05-09T05:39:13.326+0000] {processor.py:161} INFO - Started process (PID=1135) to work on /home/airflow/.local/lib/python3.12/site-packages/airflow/example_dags/example_datasets.py
[2024-05-09T05:39:13.331+0000] {processor.py:830} INFO - Processing file /home/airflow/.local/lib/python3.12/site-packages/airflow/example_dags/example_datasets.py for tasks to queue
[2024-05-09T05:39:13.334+0000] {logging_mixin.py:188} INFO - [2024-05-09T05:39:13.333+0000] {dagbag.py:545} INFO - Filling up the DagBag from /home/airflow/.local/lib/python3.12/site-packages/airflow/example_dags/example_datasets.py
[2024-05-09T05:39:13.363+0000] {processor.py:840} INFO - DAG(s) 'consume_1_or_both_2_and_3_with_dataset_expressions', 'conditional_dataset_and_time_based_timetable', 'dataset_consumes_1', 'dataset_produces_1', 'consume_1_and_2_with_dataset_expressions', 'dataset_consumes_1_and_2', 'dataset_produces_2', 'dataset_consumes_unknown_never_scheduled', 'consume_1_or_2_with_dataset_expressions', 'dataset_consumes_1_never_scheduled' retrieved from /home/airflow/.local/lib/python3.12/site-packages/airflow/example_dags/example_datasets.py
[2024-05-09T05:39:13.468+0000] {logging_mixin.py:188} INFO - [2024-05-09T05:39:13.468+0000] {dag.py:3096} INFO - Sync 10 DAGs
[2024-05-09T05:39:13.510+0000] {logging_mixin.py:188} INFO - [2024-05-09T05:39:13.510+0000] {dag.py:3954} INFO - Setting next_dagrun for conditional_dataset_and_time_based_timetable to 2024-05-08 01:00:00+00:00, run_after=2024-05-08 01:00:00+00:00
[2024-05-09T05:39:13.515+0000] {logging_mixin.py:188} INFO - [2024-05-09T05:39:13.515+0000] {dag.py:3954} INFO - Setting next_dagrun for consume_1_and_2_with_dataset_expressions to None, run_after=None
[2024-05-09T05:39:13.517+0000] {logging_mixin.py:188} INFO - [2024-05-09T05:39:13.516+0000] {dag.py:3954} INFO - Setting next_dagrun for consume_1_or_2_with_dataset_expressions to None, run_after=None
[2024-05-09T05:39:13.519+0000] {logging_mixin.py:188} INFO - [2024-05-09T05:39:13.518+0000] {dag.py:3954} INFO - Setting next_dagrun for consume_1_or_both_2_and_3_with_dataset_expressions to None, run_after=None
[2024-05-09T05:39:13.520+0000] {logging_mixin.py:188} INFO - [2024-05-09T05:39:13.520+0000] {dag.py:3954} INFO - Setting next_dagrun for dataset_consumes_1 to None, run_after=None
[2024-05-09T05:39:13.523+0000] {logging_mixin.py:188} INFO - [2024-05-09T05:39:13.523+0000] {dag.py:3954} INFO - Setting next_dagrun for dataset_consumes_1_and_2 to None, run_after=None
[2024-05-09T05:39:13.525+0000] {logging_mixin.py:188} INFO - [2024-05-09T05:39:13.525+0000] {dag.py:3954} INFO - Setting next_dagrun for dataset_consumes_1_never_scheduled to None, run_after=None
[2024-05-09T05:39:13.527+0000] {logging_mixin.py:188} INFO - [2024-05-09T05:39:13.527+0000] {dag.py:3954} INFO - Setting next_dagrun for dataset_consumes_unknown_never_scheduled to None, run_after=None
[2024-05-09T05:39:13.529+0000] {logging_mixin.py:188} INFO - [2024-05-09T05:39:13.529+0000] {dag.py:3954} INFO - Setting next_dagrun for dataset_produces_1 to 2024-05-08 00:00:00+00:00, run_after=2024-05-09 00:00:00+00:00
[2024-05-09T05:39:13.531+0000] {logging_mixin.py:188} INFO - [2024-05-09T05:39:13.531+0000] {dag.py:3954} INFO - Setting next_dagrun for dataset_produces_2 to None, run_after=None
[2024-05-09T05:39:13.578+0000] {processor.py:183} INFO - Processing /home/airflow/.local/lib/python3.12/site-packages/airflow/example_dags/example_datasets.py took 0.265 seconds
[2024-05-09T05:39:43.612+0000] {processor.py:161} INFO - Started process (PID=1399) to work on /home/airflow/.local/lib/python3.12/site-packages/airflow/example_dags/example_datasets.py
[2024-05-09T05:39:43.613+0000] {processor.py:830} INFO - Processing file /home/airflow/.local/lib/python3.12/site-packages/airflow/example_dags/example_datasets.py for tasks to queue
[2024-05-09T05:39:43.614+0000] {logging_mixin.py:188} INFO - [2024-05-09T05:39:43.614+0000] {dagbag.py:545} INFO - Filling up the DagBag from /home/airflow/.local/lib/python3.12/site-packages/airflow/example_dags/example_datasets.py
[2024-05-09T05:39:43.629+0000] {processor.py:840} INFO - DAG(s) 'consume_1_or_both_2_and_3_with_dataset_expressions', 'conditional_dataset_and_time_based_timetable', 'dataset_produces_1', 'consume_1_or_2_with_dataset_expressions', 'dataset_produces_2', 'dataset_consumes_unknown_never_scheduled', 'dataset_consumes_1_never_scheduled', 'dataset_consumes_1', 'consume_1_and_2_with_dataset_expressions', 'dataset_consumes_1_and_2' retrieved from /home/airflow/.local/lib/python3.12/site-packages/airflow/example_dags/example_datasets.py
[2024-05-09T05:39:43.674+0000] {logging_mixin.py:188} INFO - [2024-05-09T05:39:43.674+0000] {dag.py:3096} INFO - Sync 10 DAGs
[2024-05-09T05:39:43.702+0000] {logging_mixin.py:188} INFO - [2024-05-09T05:39:43.702+0000] {dag.py:3954} INFO - Setting next_dagrun for conditional_dataset_and_time_based_timetable to 2024-05-08 01:00:00+00:00, run_after=2024-05-08 01:00:00+00:00
[2024-05-09T05:39:43.706+0000] {logging_mixin.py:188} INFO - [2024-05-09T05:39:43.705+0000] {dag.py:3954} INFO - Setting next_dagrun for consume_1_and_2_with_dataset_expressions to None, run_after=None
[2024-05-09T05:39:43.707+0000] {logging_mixin.py:188} INFO - [2024-05-09T05:39:43.707+0000] {dag.py:3954} INFO - Setting next_dagrun for consume_1_or_2_with_dataset_expressions to None, run_after=None
[2024-05-09T05:39:43.708+0000] {logging_mixin.py:188} INFO - [2024-05-09T05:39:43.707+0000] {dag.py:3954} INFO - Setting next_dagrun for consume_1_or_both_2_and_3_with_dataset_expressions to None, run_after=None
[2024-05-09T05:39:43.709+0000] {logging_mixin.py:188} INFO - [2024-05-09T05:39:43.708+0000] {dag.py:3954} INFO - Setting next_dagrun for dataset_consumes_1 to None, run_after=None
[2024-05-09T05:39:43.709+0000] {logging_mixin.py:188} INFO - [2024-05-09T05:39:43.709+0000] {dag.py:3954} INFO - Setting next_dagrun for dataset_consumes_1_and_2 to None, run_after=None
[2024-05-09T05:39:43.710+0000] {logging_mixin.py:188} INFO - [2024-05-09T05:39:43.710+0000] {dag.py:3954} INFO - Setting next_dagrun for dataset_consumes_1_never_scheduled to None, run_after=None
[2024-05-09T05:39:43.711+0000] {logging_mixin.py:188} INFO - [2024-05-09T05:39:43.711+0000] {dag.py:3954} INFO - Setting next_dagrun for dataset_consumes_unknown_never_scheduled to None, run_after=None
[2024-05-09T05:39:43.713+0000] {logging_mixin.py:188} INFO - [2024-05-09T05:39:43.713+0000] {dag.py:3954} INFO - Setting next_dagrun for dataset_produces_1 to 2024-05-08 00:00:00+00:00, run_after=2024-05-09 00:00:00+00:00
[2024-05-09T05:39:43.714+0000] {logging_mixin.py:188} INFO - [2024-05-09T05:39:43.714+0000] {dag.py:3954} INFO - Setting next_dagrun for dataset_produces_2 to None, run_after=None
[2024-05-09T05:39:43.753+0000] {processor.py:183} INFO - Processing /home/airflow/.local/lib/python3.12/site-packages/airflow/example_dags/example_datasets.py took 0.147 seconds
[2024-05-09T05:40:31.260+0000] {processor.py:161} INFO - Started process (PID=349) to work on /home/airflow/.local/lib/python3.12/site-packages/airflow/example_dags/example_datasets.py
[2024-05-09T05:40:31.260+0000] {processor.py:830} INFO - Processing file /home/airflow/.local/lib/python3.12/site-packages/airflow/example_dags/example_datasets.py for tasks to queue
[2024-05-09T05:40:31.262+0000] {logging_mixin.py:188} INFO - [2024-05-09T05:40:31.262+0000] {dagbag.py:545} INFO - Filling up the DagBag from /home/airflow/.local/lib/python3.12/site-packages/airflow/example_dags/example_datasets.py
[2024-05-09T05:40:31.280+0000] {processor.py:840} INFO - DAG(s) 'conditional_dataset_and_time_based_timetable', 'dataset_consumes_1_and_2', 'consume_1_or_2_with_dataset_expressions', 'dataset_produces_2', 'consume_1_and_2_with_dataset_expressions', 'dataset_consumes_1_never_scheduled', 'dataset_produces_1', 'dataset_consumes_1', 'consume_1_or_both_2_and_3_with_dataset_expressions', 'dataset_consumes_unknown_never_scheduled' retrieved from /home/airflow/.local/lib/python3.12/site-packages/airflow/example_dags/example_datasets.py
[2024-05-09T05:40:31.486+0000] {logging_mixin.py:188} INFO - [2024-05-09T05:40:31.486+0000] {dag.py:3096} INFO - Sync 10 DAGs
[2024-05-09T05:40:31.511+0000] {logging_mixin.py:188} INFO - [2024-05-09T05:40:31.510+0000] {dag.py:3954} INFO - Setting next_dagrun for conditional_dataset_and_time_based_timetable to 2024-05-08 01:00:00+00:00, run_after=2024-05-08 01:00:00+00:00
[2024-05-09T05:40:31.515+0000] {logging_mixin.py:188} INFO - [2024-05-09T05:40:31.515+0000] {dag.py:3954} INFO - Setting next_dagrun for consume_1_and_2_with_dataset_expressions to None, run_after=None
[2024-05-09T05:40:31.517+0000] {logging_mixin.py:188} INFO - [2024-05-09T05:40:31.516+0000] {dag.py:3954} INFO - Setting next_dagrun for consume_1_or_2_with_dataset_expressions to None, run_after=None
[2024-05-09T05:40:31.518+0000] {logging_mixin.py:188} INFO - [2024-05-09T05:40:31.518+0000] {dag.py:3954} INFO - Setting next_dagrun for consume_1_or_both_2_and_3_with_dataset_expressions to None, run_after=None
[2024-05-09T05:40:31.519+0000] {logging_mixin.py:188} INFO - [2024-05-09T05:40:31.519+0000] {dag.py:3954} INFO - Setting next_dagrun for dataset_consumes_1 to None, run_after=None
[2024-05-09T05:40:31.520+0000] {logging_mixin.py:188} INFO - [2024-05-09T05:40:31.520+0000] {dag.py:3954} INFO - Setting next_dagrun for dataset_consumes_1_and_2 to None, run_after=None
[2024-05-09T05:40:31.521+0000] {logging_mixin.py:188} INFO - [2024-05-09T05:40:31.521+0000] {dag.py:3954} INFO - Setting next_dagrun for dataset_consumes_1_never_scheduled to None, run_after=None
[2024-05-09T05:40:31.522+0000] {logging_mixin.py:188} INFO - [2024-05-09T05:40:31.522+0000] {dag.py:3954} INFO - Setting next_dagrun for dataset_consumes_unknown_never_scheduled to None, run_after=None
[2024-05-09T05:40:31.524+0000] {logging_mixin.py:188} INFO - [2024-05-09T05:40:31.524+0000] {dag.py:3954} INFO - Setting next_dagrun for dataset_produces_1 to 2024-05-08 00:00:00+00:00, run_after=2024-05-09 00:00:00+00:00
[2024-05-09T05:40:31.525+0000] {logging_mixin.py:188} INFO - [2024-05-09T05:40:31.525+0000] {dag.py:3954} INFO - Setting next_dagrun for dataset_produces_2 to None, run_after=None
[2024-05-09T05:40:31.562+0000] {processor.py:183} INFO - Processing /home/airflow/.local/lib/python3.12/site-packages/airflow/example_dags/example_datasets.py took 0.308 seconds
[2024-05-09T05:41:02.317+0000] {processor.py:161} INFO - Started process (PID=611) to work on /home/airflow/.local/lib/python3.12/site-packages/airflow/example_dags/example_datasets.py
[2024-05-09T05:41:02.319+0000] {processor.py:830} INFO - Processing file /home/airflow/.local/lib/python3.12/site-packages/airflow/example_dags/example_datasets.py for tasks to queue
[2024-05-09T05:41:02.322+0000] {logging_mixin.py:188} INFO - [2024-05-09T05:41:02.321+0000] {dagbag.py:545} INFO - Filling up the DagBag from /home/airflow/.local/lib/python3.12/site-packages/airflow/example_dags/example_datasets.py
[2024-05-09T05:41:02.350+0000] {processor.py:840} INFO - DAG(s) 'dataset_consumes_1_never_scheduled', 'consume_1_and_2_with_dataset_expressions', 'dataset_produces_2', 'dataset_produces_1', 'dataset_consumes_1_and_2', 'consume_1_or_2_with_dataset_expressions', 'consume_1_or_both_2_and_3_with_dataset_expressions', 'dataset_consumes_unknown_never_scheduled', 'conditional_dataset_and_time_based_timetable', 'dataset_consumes_1' retrieved from /home/airflow/.local/lib/python3.12/site-packages/airflow/example_dags/example_datasets.py
[2024-05-09T05:41:02.465+0000] {logging_mixin.py:188} INFO - [2024-05-09T05:41:02.464+0000] {dag.py:3096} INFO - Sync 10 DAGs
[2024-05-09T05:41:02.522+0000] {logging_mixin.py:188} INFO - [2024-05-09T05:41:02.521+0000] {dag.py:3954} INFO - Setting next_dagrun for conditional_dataset_and_time_based_timetable to 2024-05-08 01:00:00+00:00, run_after=2024-05-08 01:00:00+00:00
[2024-05-09T05:41:02.530+0000] {logging_mixin.py:188} INFO - [2024-05-09T05:41:02.530+0000] {dag.py:3954} INFO - Setting next_dagrun for consume_1_and_2_with_dataset_expressions to None, run_after=None
[2024-05-09T05:41:02.533+0000] {logging_mixin.py:188} INFO - [2024-05-09T05:41:02.532+0000] {dag.py:3954} INFO - Setting next_dagrun for consume_1_or_2_with_dataset_expressions to None, run_after=None
[2024-05-09T05:41:02.535+0000] {logging_mixin.py:188} INFO - [2024-05-09T05:41:02.535+0000] {dag.py:3954} INFO - Setting next_dagrun for consume_1_or_both_2_and_3_with_dataset_expressions to None, run_after=None
[2024-05-09T05:41:02.539+0000] {logging_mixin.py:188} INFO - [2024-05-09T05:41:02.538+0000] {dag.py:3954} INFO - Setting next_dagrun for dataset_consumes_1 to None, run_after=None
[2024-05-09T05:41:02.541+0000] {logging_mixin.py:188} INFO - [2024-05-09T05:41:02.541+0000] {dag.py:3954} INFO - Setting next_dagrun for dataset_consumes_1_and_2 to None, run_after=None
[2024-05-09T05:41:02.544+0000] {logging_mixin.py:188} INFO - [2024-05-09T05:41:02.544+0000] {dag.py:3954} INFO - Setting next_dagrun for dataset_consumes_1_never_scheduled to None, run_after=None
[2024-05-09T05:41:02.547+0000] {logging_mixin.py:188} INFO - [2024-05-09T05:41:02.547+0000] {dag.py:3954} INFO - Setting next_dagrun for dataset_consumes_unknown_never_scheduled to None, run_after=None
[2024-05-09T05:41:02.553+0000] {logging_mixin.py:188} INFO - [2024-05-09T05:41:02.553+0000] {dag.py:3954} INFO - Setting next_dagrun for dataset_produces_1 to 2024-05-08 00:00:00+00:00, run_after=2024-05-09 00:00:00+00:00
[2024-05-09T05:41:02.556+0000] {logging_mixin.py:188} INFO - [2024-05-09T05:41:02.556+0000] {dag.py:3954} INFO - Setting next_dagrun for dataset_produces_2 to None, run_after=None
[2024-05-09T05:41:02.616+0000] {processor.py:183} INFO - Processing /home/airflow/.local/lib/python3.12/site-packages/airflow/example_dags/example_datasets.py took 0.310 seconds
[2024-05-09T05:41:32.835+0000] {processor.py:161} INFO - Started process (PID=873) to work on /home/airflow/.local/lib/python3.12/site-packages/airflow/example_dags/example_datasets.py
[2024-05-09T05:41:32.836+0000] {processor.py:830} INFO - Processing file /home/airflow/.local/lib/python3.12/site-packages/airflow/example_dags/example_datasets.py for tasks to queue
[2024-05-09T05:41:32.838+0000] {logging_mixin.py:188} INFO - [2024-05-09T05:41:32.838+0000] {dagbag.py:545} INFO - Filling up the DagBag from /home/airflow/.local/lib/python3.12/site-packages/airflow/example_dags/example_datasets.py
[2024-05-09T05:41:32.855+0000] {processor.py:840} INFO - DAG(s) 'dataset_produces_2', 'dataset_consumes_1_and_2', 'consume_1_or_both_2_and_3_with_dataset_expressions', 'conditional_dataset_and_time_based_timetable', 'consume_1_or_2_with_dataset_expressions', 'consume_1_and_2_with_dataset_expressions', 'dataset_consumes_1', 'dataset_produces_1', 'dataset_consumes_unknown_never_scheduled', 'dataset_consumes_1_never_scheduled' retrieved from /home/airflow/.local/lib/python3.12/site-packages/airflow/example_dags/example_datasets.py
[2024-05-09T05:41:32.960+0000] {logging_mixin.py:188} INFO - [2024-05-09T05:41:32.959+0000] {dag.py:3096} INFO - Sync 10 DAGs
[2024-05-09T05:41:33.004+0000] {logging_mixin.py:188} INFO - [2024-05-09T05:41:33.004+0000] {dag.py:3954} INFO - Setting next_dagrun for conditional_dataset_and_time_based_timetable to 2024-05-08 01:00:00+00:00, run_after=2024-05-08 01:00:00+00:00
[2024-05-09T05:41:33.012+0000] {logging_mixin.py:188} INFO - [2024-05-09T05:41:33.012+0000] {dag.py:3954} INFO - Setting next_dagrun for consume_1_and_2_with_dataset_expressions to None, run_after=None
[2024-05-09T05:41:33.015+0000] {logging_mixin.py:188} INFO - [2024-05-09T05:41:33.015+0000] {dag.py:3954} INFO - Setting next_dagrun for consume_1_or_2_with_dataset_expressions to None, run_after=None
[2024-05-09T05:41:33.018+0000] {logging_mixin.py:188} INFO - [2024-05-09T05:41:33.017+0000] {dag.py:3954} INFO - Setting next_dagrun for consume_1_or_both_2_and_3_with_dataset_expressions to None, run_after=None
[2024-05-09T05:41:33.020+0000] {logging_mixin.py:188} INFO - [2024-05-09T05:41:33.020+0000] {dag.py:3954} INFO - Setting next_dagrun for dataset_consumes_1 to None, run_after=None
[2024-05-09T05:41:33.022+0000] {logging_mixin.py:188} INFO - [2024-05-09T05:41:33.021+0000] {dag.py:3954} INFO - Setting next_dagrun for dataset_consumes_1_and_2 to None, run_after=None
[2024-05-09T05:41:33.025+0000] {logging_mixin.py:188} INFO - [2024-05-09T05:41:33.025+0000] {dag.py:3954} INFO - Setting next_dagrun for dataset_consumes_1_never_scheduled to None, run_after=None
[2024-05-09T05:41:33.028+0000] {logging_mixin.py:188} INFO - [2024-05-09T05:41:33.028+0000] {dag.py:3954} INFO - Setting next_dagrun for dataset_consumes_unknown_never_scheduled to None, run_after=None
[2024-05-09T05:41:33.033+0000] {logging_mixin.py:188} INFO - [2024-05-09T05:41:33.032+0000] {dag.py:3954} INFO - Setting next_dagrun for dataset_produces_1 to 2024-05-08 00:00:00+00:00, run_after=2024-05-09 00:00:00+00:00
[2024-05-09T05:41:33.034+0000] {logging_mixin.py:188} INFO - [2024-05-09T05:41:33.034+0000] {dag.py:3954} INFO - Setting next_dagrun for dataset_produces_2 to None, run_after=None
[2024-05-09T05:41:33.084+0000] {processor.py:183} INFO - Processing /home/airflow/.local/lib/python3.12/site-packages/airflow/example_dags/example_datasets.py took 0.257 seconds
