[2024-05-09T05:37:39.661+0000] {processor.py:161} INFO - Started process (PID=369) to work on /home/airflow/.local/lib/python3.12/site-packages/airflow/example_dags/example_dag_decorator.py
[2024-05-09T05:37:39.662+0000] {processor.py:830} INFO - Processing file /home/airflow/.local/lib/python3.12/site-packages/airflow/example_dags/example_dag_decorator.py for tasks to queue
[2024-05-09T05:37:39.664+0000] {logging_mixin.py:188} INFO - [2024-05-09T05:37:39.664+0000] {dagbag.py:545} INFO - Filling up the DagBag from /home/airflow/.local/lib/python3.12/site-packages/airflow/example_dags/example_dag_decorator.py
[2024-05-09T05:37:39.929+0000] {processor.py:840} INFO - DAG(s) 'example_dag_decorator' retrieved from /home/airflow/.local/lib/python3.12/site-packages/airflow/example_dags/example_dag_decorator.py
[2024-05-09T05:37:39.939+0000] {logging_mixin.py:188} INFO - [2024-05-09T05:37:39.939+0000] {dag.py:3096} INFO - Sync 1 DAGs
[2024-05-09T05:37:39.952+0000] {logging_mixin.py:188} INFO - [2024-05-09T05:37:39.952+0000] {dag.py:3954} INFO - Setting next_dagrun for example_dag_decorator to None, run_after=None
[2024-05-09T05:37:39.968+0000] {processor.py:183} INFO - Processing /home/airflow/.local/lib/python3.12/site-packages/airflow/example_dags/example_dag_decorator.py took 0.312 seconds
[2024-05-09T05:38:09.997+0000] {processor.py:161} INFO - Started process (PID=633) to work on /home/airflow/.local/lib/python3.12/site-packages/airflow/example_dags/example_dag_decorator.py
[2024-05-09T05:38:09.998+0000] {processor.py:830} INFO - Processing file /home/airflow/.local/lib/python3.12/site-packages/airflow/example_dags/example_dag_decorator.py for tasks to queue
[2024-05-09T05:38:10.000+0000] {logging_mixin.py:188} INFO - [2024-05-09T05:38:10.000+0000] {dagbag.py:545} INFO - Filling up the DagBag from /home/airflow/.local/lib/python3.12/site-packages/airflow/example_dags/example_dag_decorator.py
[2024-05-09T05:38:10.121+0000] {processor.py:840} INFO - DAG(s) 'example_dag_decorator' retrieved from /home/airflow/.local/lib/python3.12/site-packages/airflow/example_dags/example_dag_decorator.py
[2024-05-09T05:38:10.133+0000] {logging_mixin.py:188} INFO - [2024-05-09T05:38:10.133+0000] {dag.py:3096} INFO - Sync 1 DAGs
[2024-05-09T05:38:10.152+0000] {logging_mixin.py:188} INFO - [2024-05-09T05:38:10.151+0000] {dag.py:3954} INFO - Setting next_dagrun for example_dag_decorator to None, run_after=None
[2024-05-09T05:38:10.174+0000] {processor.py:183} INFO - Processing /home/airflow/.local/lib/python3.12/site-packages/airflow/example_dags/example_dag_decorator.py took 0.186 seconds
[2024-05-09T05:38:43.433+0000] {processor.py:161} INFO - Started process (PID=893) to work on /home/airflow/.local/lib/python3.12/site-packages/airflow/example_dags/example_dag_decorator.py
[2024-05-09T05:38:43.434+0000] {processor.py:830} INFO - Processing file /home/airflow/.local/lib/python3.12/site-packages/airflow/example_dags/example_dag_decorator.py for tasks to queue
[2024-05-09T05:38:43.435+0000] {logging_mixin.py:188} INFO - [2024-05-09T05:38:43.435+0000] {dagbag.py:545} INFO - Filling up the DagBag from /home/airflow/.local/lib/python3.12/site-packages/airflow/example_dags/example_dag_decorator.py
[2024-05-09T05:38:43.565+0000] {processor.py:840} INFO - DAG(s) 'example_dag_decorator' retrieved from /home/airflow/.local/lib/python3.12/site-packages/airflow/example_dags/example_dag_decorator.py
[2024-05-09T05:38:43.684+0000] {logging_mixin.py:188} INFO - [2024-05-09T05:38:43.684+0000] {dag.py:3096} INFO - Sync 1 DAGs
[2024-05-09T05:38:43.695+0000] {logging_mixin.py:188} INFO - [2024-05-09T05:38:43.694+0000] {dag.py:3954} INFO - Setting next_dagrun for example_dag_decorator to None, run_after=None
[2024-05-09T05:38:43.716+0000] {processor.py:183} INFO - Processing /home/airflow/.local/lib/python3.12/site-packages/airflow/example_dags/example_dag_decorator.py took 0.291 seconds
[2024-05-09T05:39:13.828+0000] {processor.py:161} INFO - Started process (PID=1157) to work on /home/airflow/.local/lib/python3.12/site-packages/airflow/example_dags/example_dag_decorator.py
[2024-05-09T05:39:13.829+0000] {processor.py:830} INFO - Processing file /home/airflow/.local/lib/python3.12/site-packages/airflow/example_dags/example_dag_decorator.py for tasks to queue
[2024-05-09T05:39:13.831+0000] {logging_mixin.py:188} INFO - [2024-05-09T05:39:13.830+0000] {dagbag.py:545} INFO - Filling up the DagBag from /home/airflow/.local/lib/python3.12/site-packages/airflow/example_dags/example_dag_decorator.py
[2024-05-09T05:39:13.943+0000] {processor.py:840} INFO - DAG(s) 'example_dag_decorator' retrieved from /home/airflow/.local/lib/python3.12/site-packages/airflow/example_dags/example_dag_decorator.py
[2024-05-09T05:39:14.064+0000] {logging_mixin.py:188} INFO - [2024-05-09T05:39:14.063+0000] {dag.py:3096} INFO - Sync 1 DAGs
[2024-05-09T05:39:14.075+0000] {logging_mixin.py:188} INFO - [2024-05-09T05:39:14.075+0000] {dag.py:3954} INFO - Setting next_dagrun for example_dag_decorator to None, run_after=None
[2024-05-09T05:39:14.096+0000] {processor.py:183} INFO - Processing /home/airflow/.local/lib/python3.12/site-packages/airflow/example_dags/example_dag_decorator.py took 0.274 seconds
[2024-05-09T05:39:45.019+0000] {processor.py:161} INFO - Started process (PID=1424) to work on /home/airflow/.local/lib/python3.12/site-packages/airflow/example_dags/example_dag_decorator.py
[2024-05-09T05:39:45.028+0000] {processor.py:830} INFO - Processing file /home/airflow/.local/lib/python3.12/site-packages/airflow/example_dags/example_dag_decorator.py for tasks to queue
[2024-05-09T05:39:45.030+0000] {logging_mixin.py:188} INFO - [2024-05-09T05:39:45.030+0000] {dagbag.py:545} INFO - Filling up the DagBag from /home/airflow/.local/lib/python3.12/site-packages/airflow/example_dags/example_dag_decorator.py
[2024-05-09T05:39:45.134+0000] {processor.py:840} INFO - DAG(s) 'example_dag_decorator' retrieved from /home/airflow/.local/lib/python3.12/site-packages/airflow/example_dags/example_dag_decorator.py
[2024-05-09T05:39:45.240+0000] {logging_mixin.py:188} INFO - [2024-05-09T05:39:45.240+0000] {dag.py:3096} INFO - Sync 1 DAGs
[2024-05-09T05:39:45.251+0000] {logging_mixin.py:188} INFO - [2024-05-09T05:39:45.251+0000] {dag.py:3954} INFO - Setting next_dagrun for example_dag_decorator to None, run_after=None
[2024-05-09T05:39:45.273+0000] {processor.py:183} INFO - Processing /home/airflow/.local/lib/python3.12/site-packages/airflow/example_dags/example_dag_decorator.py took 0.261 seconds
[2024-05-09T05:40:31.730+0000] {processor.py:161} INFO - Started process (PID=369) to work on /home/airflow/.local/lib/python3.12/site-packages/airflow/example_dags/example_dag_decorator.py
[2024-05-09T05:40:31.731+0000] {processor.py:830} INFO - Processing file /home/airflow/.local/lib/python3.12/site-packages/airflow/example_dags/example_dag_decorator.py for tasks to queue
[2024-05-09T05:40:31.733+0000] {logging_mixin.py:188} INFO - [2024-05-09T05:40:31.732+0000] {dagbag.py:545} INFO - Filling up the DagBag from /home/airflow/.local/lib/python3.12/site-packages/airflow/example_dags/example_dag_decorator.py
[2024-05-09T05:40:31.969+0000] {processor.py:840} INFO - DAG(s) 'example_dag_decorator' retrieved from /home/airflow/.local/lib/python3.12/site-packages/airflow/example_dags/example_dag_decorator.py
[2024-05-09T05:40:32.065+0000] {logging_mixin.py:188} INFO - [2024-05-09T05:40:32.065+0000] {dag.py:3096} INFO - Sync 1 DAGs
[2024-05-09T05:40:32.075+0000] {logging_mixin.py:188} INFO - [2024-05-09T05:40:32.075+0000] {dag.py:3954} INFO - Setting next_dagrun for example_dag_decorator to None, run_after=None
[2024-05-09T05:40:32.095+0000] {processor.py:183} INFO - Processing /home/airflow/.local/lib/python3.12/site-packages/airflow/example_dags/example_dag_decorator.py took 0.371 seconds
[2024-05-09T05:41:02.894+0000] {processor.py:161} INFO - Started process (PID=638) to work on /home/airflow/.local/lib/python3.12/site-packages/airflow/example_dags/example_dag_decorator.py
[2024-05-09T05:41:02.895+0000] {processor.py:830} INFO - Processing file /home/airflow/.local/lib/python3.12/site-packages/airflow/example_dags/example_dag_decorator.py for tasks to queue
[2024-05-09T05:41:02.897+0000] {logging_mixin.py:188} INFO - [2024-05-09T05:41:02.896+0000] {dagbag.py:545} INFO - Filling up the DagBag from /home/airflow/.local/lib/python3.12/site-packages/airflow/example_dags/example_dag_decorator.py
[2024-05-09T05:41:02.996+0000] {processor.py:840} INFO - DAG(s) 'example_dag_decorator' retrieved from /home/airflow/.local/lib/python3.12/site-packages/airflow/example_dags/example_dag_decorator.py
[2024-05-09T05:41:03.105+0000] {logging_mixin.py:188} INFO - [2024-05-09T05:41:03.105+0000] {dag.py:3096} INFO - Sync 1 DAGs
[2024-05-09T05:41:03.117+0000] {logging_mixin.py:188} INFO - [2024-05-09T05:41:03.117+0000] {dag.py:3954} INFO - Setting next_dagrun for example_dag_decorator to None, run_after=None
[2024-05-09T05:41:03.139+0000] {processor.py:183} INFO - Processing /home/airflow/.local/lib/python3.12/site-packages/airflow/example_dags/example_dag_decorator.py took 0.251 seconds
[2024-05-09T05:41:33.526+0000] {processor.py:161} INFO - Started process (PID=903) to work on /home/airflow/.local/lib/python3.12/site-packages/airflow/example_dags/example_dag_decorator.py
[2024-05-09T05:41:33.527+0000] {processor.py:830} INFO - Processing file /home/airflow/.local/lib/python3.12/site-packages/airflow/example_dags/example_dag_decorator.py for tasks to queue
[2024-05-09T05:41:33.529+0000] {logging_mixin.py:188} INFO - [2024-05-09T05:41:33.528+0000] {dagbag.py:545} INFO - Filling up the DagBag from /home/airflow/.local/lib/python3.12/site-packages/airflow/example_dags/example_dag_decorator.py
[2024-05-09T05:41:33.706+0000] {processor.py:840} INFO - DAG(s) 'example_dag_decorator' retrieved from /home/airflow/.local/lib/python3.12/site-packages/airflow/example_dags/example_dag_decorator.py
[2024-05-09T05:41:33.908+0000] {logging_mixin.py:188} INFO - [2024-05-09T05:41:33.908+0000] {dag.py:3096} INFO - Sync 1 DAGs
[2024-05-09T05:41:33.922+0000] {logging_mixin.py:188} INFO - [2024-05-09T05:41:33.922+0000] {dag.py:3954} INFO - Setting next_dagrun for example_dag_decorator to None, run_after=None
[2024-05-09T05:41:33.951+0000] {processor.py:183} INFO - Processing /home/airflow/.local/lib/python3.12/site-packages/airflow/example_dags/example_dag_decorator.py took 0.432 seconds
