[2024-05-09T05:37:38.096+0000] {processor.py:161} INFO - Started process (PID=244) to work on /home/airflow/.local/lib/python3.12/site-packages/airflow/example_dags/example_skip_dag.py
[2024-05-09T05:37:38.096+0000] {processor.py:830} INFO - Processing file /home/airflow/.local/lib/python3.12/site-packages/airflow/example_dags/example_skip_dag.py for tasks to queue
[2024-05-09T05:37:38.098+0000] {logging_mixin.py:188} INFO - [2024-05-09T05:37:38.098+0000] {dagbag.py:545} INFO - Filling up the DagBag from /home/airflow/.local/lib/python3.12/site-packages/airflow/example_dags/example_skip_dag.py
[2024-05-09T05:37:38.111+0000] {processor.py:840} INFO - DAG(s) 'example_skip_dag' retrieved from /home/airflow/.local/lib/python3.12/site-packages/airflow/example_dags/example_skip_dag.py
[2024-05-09T05:37:38.124+0000] {logging_mixin.py:188} INFO - [2024-05-09T05:37:38.123+0000] {dag.py:3096} INFO - Sync 1 DAGs
[2024-05-09T05:37:38.151+0000] {logging_mixin.py:188} INFO - [2024-05-09T05:37:38.151+0000] {dag.py:3954} INFO - Setting next_dagrun for example_skip_dag to 2024-05-08 00:00:00+00:00, run_after=2024-05-09 00:00:00+00:00
[2024-05-09T05:37:38.173+0000] {processor.py:183} INFO - Processing /home/airflow/.local/lib/python3.12/site-packages/airflow/example_dags/example_skip_dag.py took 0.086 seconds
[2024-05-09T05:38:08.340+0000] {processor.py:161} INFO - Started process (PID=508) to work on /home/airflow/.local/lib/python3.12/site-packages/airflow/example_dags/example_skip_dag.py
[2024-05-09T05:38:08.341+0000] {processor.py:830} INFO - Processing file /home/airflow/.local/lib/python3.12/site-packages/airflow/example_dags/example_skip_dag.py for tasks to queue
[2024-05-09T05:38:08.342+0000] {logging_mixin.py:188} INFO - [2024-05-09T05:38:08.342+0000] {dagbag.py:545} INFO - Filling up the DagBag from /home/airflow/.local/lib/python3.12/site-packages/airflow/example_dags/example_skip_dag.py
[2024-05-09T05:38:08.349+0000] {processor.py:840} INFO - DAG(s) 'example_skip_dag' retrieved from /home/airflow/.local/lib/python3.12/site-packages/airflow/example_dags/example_skip_dag.py
[2024-05-09T05:38:08.361+0000] {logging_mixin.py:188} INFO - [2024-05-09T05:38:08.361+0000] {dag.py:3096} INFO - Sync 1 DAGs
[2024-05-09T05:38:08.399+0000] {logging_mixin.py:188} INFO - [2024-05-09T05:38:08.399+0000] {dag.py:3954} INFO - Setting next_dagrun for example_skip_dag to 2024-05-08 00:00:00+00:00, run_after=2024-05-09 00:00:00+00:00
[2024-05-09T05:38:08.419+0000] {processor.py:183} INFO - Processing /home/airflow/.local/lib/python3.12/site-packages/airflow/example_dags/example_skip_dag.py took 0.086 seconds
[2024-05-09T05:38:39.919+0000] {processor.py:161} INFO - Started process (PID=768) to work on /home/airflow/.local/lib/python3.12/site-packages/airflow/example_dags/example_skip_dag.py
[2024-05-09T05:38:39.920+0000] {processor.py:830} INFO - Processing file /home/airflow/.local/lib/python3.12/site-packages/airflow/example_dags/example_skip_dag.py for tasks to queue
[2024-05-09T05:38:39.923+0000] {logging_mixin.py:188} INFO - [2024-05-09T05:38:39.922+0000] {dagbag.py:545} INFO - Filling up the DagBag from /home/airflow/.local/lib/python3.12/site-packages/airflow/example_dags/example_skip_dag.py
[2024-05-09T05:38:39.932+0000] {processor.py:840} INFO - DAG(s) 'example_skip_dag' retrieved from /home/airflow/.local/lib/python3.12/site-packages/airflow/example_dags/example_skip_dag.py
[2024-05-09T05:38:40.153+0000] {logging_mixin.py:188} INFO - [2024-05-09T05:38:40.153+0000] {dag.py:3096} INFO - Sync 1 DAGs
[2024-05-09T05:38:40.176+0000] {logging_mixin.py:188} INFO - [2024-05-09T05:38:40.176+0000] {dag.py:3954} INFO - Setting next_dagrun for example_skip_dag to 2024-05-08 00:00:00+00:00, run_after=2024-05-09 00:00:00+00:00
[2024-05-09T05:38:40.202+0000] {processor.py:183} INFO - Processing /home/airflow/.local/lib/python3.12/site-packages/airflow/example_dags/example_skip_dag.py took 0.292 seconds
[2024-05-09T05:39:10.500+0000] {processor.py:161} INFO - Started process (PID=1030) to work on /home/airflow/.local/lib/python3.12/site-packages/airflow/example_dags/example_skip_dag.py
[2024-05-09T05:39:10.501+0000] {processor.py:830} INFO - Processing file /home/airflow/.local/lib/python3.12/site-packages/airflow/example_dags/example_skip_dag.py for tasks to queue
[2024-05-09T05:39:10.504+0000] {logging_mixin.py:188} INFO - [2024-05-09T05:39:10.503+0000] {dagbag.py:545} INFO - Filling up the DagBag from /home/airflow/.local/lib/python3.12/site-packages/airflow/example_dags/example_skip_dag.py
[2024-05-09T05:39:10.515+0000] {processor.py:840} INFO - DAG(s) 'example_skip_dag' retrieved from /home/airflow/.local/lib/python3.12/site-packages/airflow/example_dags/example_skip_dag.py
[2024-05-09T05:39:10.549+0000] {logging_mixin.py:188} INFO - [2024-05-09T05:39:10.549+0000] {dag.py:3096} INFO - Sync 1 DAGs
[2024-05-09T05:39:10.591+0000] {logging_mixin.py:188} INFO - [2024-05-09T05:39:10.591+0000] {dag.py:3954} INFO - Setting next_dagrun for example_skip_dag to 2024-05-08 00:00:00+00:00, run_after=2024-05-09 00:00:00+00:00
[2024-05-09T05:39:10.626+0000] {processor.py:183} INFO - Processing /home/airflow/.local/lib/python3.12/site-packages/airflow/example_dags/example_skip_dag.py took 0.134 seconds
[2024-05-09T05:39:41.237+0000] {processor.py:161} INFO - Started process (PID=1292) to work on /home/airflow/.local/lib/python3.12/site-packages/airflow/example_dags/example_skip_dag.py
[2024-05-09T05:39:41.238+0000] {processor.py:830} INFO - Processing file /home/airflow/.local/lib/python3.12/site-packages/airflow/example_dags/example_skip_dag.py for tasks to queue
[2024-05-09T05:39:41.240+0000] {logging_mixin.py:188} INFO - [2024-05-09T05:39:41.239+0000] {dagbag.py:545} INFO - Filling up the DagBag from /home/airflow/.local/lib/python3.12/site-packages/airflow/example_dags/example_skip_dag.py
[2024-05-09T05:39:41.248+0000] {processor.py:840} INFO - DAG(s) 'example_skip_dag' retrieved from /home/airflow/.local/lib/python3.12/site-packages/airflow/example_dags/example_skip_dag.py
[2024-05-09T05:39:41.276+0000] {logging_mixin.py:188} INFO - [2024-05-09T05:39:41.276+0000] {dag.py:3096} INFO - Sync 1 DAGs
[2024-05-09T05:39:41.299+0000] {logging_mixin.py:188} INFO - [2024-05-09T05:39:41.299+0000] {dag.py:3954} INFO - Setting next_dagrun for example_skip_dag to 2024-05-08 00:00:00+00:00, run_after=2024-05-09 00:00:00+00:00
[2024-05-09T05:39:41.324+0000] {processor.py:183} INFO - Processing /home/airflow/.local/lib/python3.12/site-packages/airflow/example_dags/example_skip_dag.py took 0.095 seconds
[2024-05-09T05:40:28.717+0000] {processor.py:161} INFO - Started process (PID=246) to work on /home/airflow/.local/lib/python3.12/site-packages/airflow/example_dags/example_skip_dag.py
[2024-05-09T05:40:28.718+0000] {processor.py:830} INFO - Processing file /home/airflow/.local/lib/python3.12/site-packages/airflow/example_dags/example_skip_dag.py for tasks to queue
[2024-05-09T05:40:28.719+0000] {logging_mixin.py:188} INFO - [2024-05-09T05:40:28.719+0000] {dagbag.py:545} INFO - Filling up the DagBag from /home/airflow/.local/lib/python3.12/site-packages/airflow/example_dags/example_skip_dag.py
[2024-05-09T05:40:28.727+0000] {processor.py:840} INFO - DAG(s) 'example_skip_dag' retrieved from /home/airflow/.local/lib/python3.12/site-packages/airflow/example_dags/example_skip_dag.py
[2024-05-09T05:40:28.831+0000] {logging_mixin.py:188} INFO - [2024-05-09T05:40:28.831+0000] {dag.py:3096} INFO - Sync 1 DAGs
[2024-05-09T05:40:28.850+0000] {logging_mixin.py:188} INFO - [2024-05-09T05:40:28.850+0000] {dag.py:3954} INFO - Setting next_dagrun for example_skip_dag to 2024-05-08 00:00:00+00:00, run_after=2024-05-09 00:00:00+00:00
[2024-05-09T05:40:28.871+0000] {processor.py:183} INFO - Processing /home/airflow/.local/lib/python3.12/site-packages/airflow/example_dags/example_skip_dag.py took 0.158 seconds
[2024-05-09T05:40:59.913+0000] {processor.py:161} INFO - Started process (PID=508) to work on /home/airflow/.local/lib/python3.12/site-packages/airflow/example_dags/example_skip_dag.py
[2024-05-09T05:40:59.918+0000] {processor.py:830} INFO - Processing file /home/airflow/.local/lib/python3.12/site-packages/airflow/example_dags/example_skip_dag.py for tasks to queue
[2024-05-09T05:40:59.921+0000] {logging_mixin.py:188} INFO - [2024-05-09T05:40:59.920+0000] {dagbag.py:545} INFO - Filling up the DagBag from /home/airflow/.local/lib/python3.12/site-packages/airflow/example_dags/example_skip_dag.py
[2024-05-09T05:40:59.932+0000] {processor.py:840} INFO - DAG(s) 'example_skip_dag' retrieved from /home/airflow/.local/lib/python3.12/site-packages/airflow/example_dags/example_skip_dag.py
[2024-05-09T05:40:59.955+0000] {logging_mixin.py:188} INFO - [2024-05-09T05:40:59.954+0000] {dag.py:3096} INFO - Sync 1 DAGs
[2024-05-09T05:40:59.976+0000] {logging_mixin.py:188} INFO - [2024-05-09T05:40:59.976+0000] {dag.py:3954} INFO - Setting next_dagrun for example_skip_dag to 2024-05-08 00:00:00+00:00, run_after=2024-05-09 00:00:00+00:00
[2024-05-09T05:40:59.997+0000] {processor.py:183} INFO - Processing /home/airflow/.local/lib/python3.12/site-packages/airflow/example_dags/example_skip_dag.py took 0.096 seconds
[2024-05-09T05:41:30.054+0000] {processor.py:161} INFO - Started process (PID=768) to work on /home/airflow/.local/lib/python3.12/site-packages/airflow/example_dags/example_skip_dag.py
[2024-05-09T05:41:30.059+0000] {processor.py:830} INFO - Processing file /home/airflow/.local/lib/python3.12/site-packages/airflow/example_dags/example_skip_dag.py for tasks to queue
[2024-05-09T05:41:30.063+0000] {logging_mixin.py:188} INFO - [2024-05-09T05:41:30.062+0000] {dagbag.py:545} INFO - Filling up the DagBag from /home/airflow/.local/lib/python3.12/site-packages/airflow/example_dags/example_skip_dag.py
[2024-05-09T05:41:30.075+0000] {processor.py:840} INFO - DAG(s) 'example_skip_dag' retrieved from /home/airflow/.local/lib/python3.12/site-packages/airflow/example_dags/example_skip_dag.py
[2024-05-09T05:41:30.118+0000] {logging_mixin.py:188} INFO - [2024-05-09T05:41:30.118+0000] {dag.py:3096} INFO - Sync 1 DAGs
[2024-05-09T05:41:30.154+0000] {logging_mixin.py:188} INFO - [2024-05-09T05:41:30.154+0000] {dag.py:3954} INFO - Setting next_dagrun for example_skip_dag to 2024-05-08 00:00:00+00:00, run_after=2024-05-09 00:00:00+00:00
[2024-05-09T05:41:30.183+0000] {processor.py:183} INFO - Processing /home/airflow/.local/lib/python3.12/site-packages/airflow/example_dags/example_skip_dag.py took 0.141 seconds
[2024-05-09T05:42:01.519+0000] {processor.py:161} INFO - Started process (PID=1080) to work on /home/airflow/.local/lib/python3.12/site-packages/airflow/example_dags/example_skip_dag.py
[2024-05-09T05:42:01.521+0000] {processor.py:830} INFO - Processing file /home/airflow/.local/lib/python3.12/site-packages/airflow/example_dags/example_skip_dag.py for tasks to queue
[2024-05-09T05:42:01.526+0000] {logging_mixin.py:188} INFO - [2024-05-09T05:42:01.525+0000] {dagbag.py:545} INFO - Filling up the DagBag from /home/airflow/.local/lib/python3.12/site-packages/airflow/example_dags/example_skip_dag.py
[2024-05-09T05:42:01.548+0000] {processor.py:840} INFO - DAG(s) 'example_skip_dag' retrieved from /home/airflow/.local/lib/python3.12/site-packages/airflow/example_dags/example_skip_dag.py
[2024-05-09T05:42:02.389+0000] {logging_mixin.py:188} INFO - [2024-05-09T05:42:02.388+0000] {process_utils.py:263} INFO - Waiting up to 5 seconds for processes to exit...
