[2024-05-09T05:37:37.997+0000] {processor.py:161} INFO - Started process (PID=236) to work on /home/airflow/.local/lib/python3.12/site-packages/airflow/example_dags/example_short_circuit_operator.py
[2024-05-09T05:37:37.997+0000] {processor.py:830} INFO - Processing file /home/airflow/.local/lib/python3.12/site-packages/airflow/example_dags/example_short_circuit_operator.py for tasks to queue
[2024-05-09T05:37:37.999+0000] {logging_mixin.py:188} INFO - [2024-05-09T05:37:37.998+0000] {dagbag.py:545} INFO - Filling up the DagBag from /home/airflow/.local/lib/python3.12/site-packages/airflow/example_dags/example_short_circuit_operator.py
[2024-05-09T05:37:38.007+0000] {processor.py:840} INFO - DAG(s) 'example_short_circuit_operator' retrieved from /home/airflow/.local/lib/python3.12/site-packages/airflow/example_dags/example_short_circuit_operator.py
[2024-05-09T05:37:38.017+0000] {logging_mixin.py:188} INFO - [2024-05-09T05:37:38.016+0000] {dag.py:3096} INFO - Sync 1 DAGs
[2024-05-09T05:37:38.035+0000] {logging_mixin.py:188} INFO - [2024-05-09T05:37:38.035+0000] {dag.py:3954} INFO - Setting next_dagrun for example_short_circuit_operator to 2024-05-08 00:00:00+00:00, run_after=2024-05-09 00:00:00+00:00
[2024-05-09T05:37:38.058+0000] {processor.py:183} INFO - Processing /home/airflow/.local/lib/python3.12/site-packages/airflow/example_dags/example_short_circuit_operator.py took 0.067 seconds
[2024-05-09T05:38:08.151+0000] {processor.py:161} INFO - Started process (PID=496) to work on /home/airflow/.local/lib/python3.12/site-packages/airflow/example_dags/example_short_circuit_operator.py
[2024-05-09T05:38:08.152+0000] {processor.py:830} INFO - Processing file /home/airflow/.local/lib/python3.12/site-packages/airflow/example_dags/example_short_circuit_operator.py for tasks to queue
[2024-05-09T05:38:08.153+0000] {logging_mixin.py:188} INFO - [2024-05-09T05:38:08.153+0000] {dagbag.py:545} INFO - Filling up the DagBag from /home/airflow/.local/lib/python3.12/site-packages/airflow/example_dags/example_short_circuit_operator.py
[2024-05-09T05:38:08.164+0000] {processor.py:840} INFO - DAG(s) 'example_short_circuit_operator' retrieved from /home/airflow/.local/lib/python3.12/site-packages/airflow/example_dags/example_short_circuit_operator.py
[2024-05-09T05:38:08.176+0000] {logging_mixin.py:188} INFO - [2024-05-09T05:38:08.176+0000] {dag.py:3096} INFO - Sync 1 DAGs
[2024-05-09T05:38:08.201+0000] {logging_mixin.py:188} INFO - [2024-05-09T05:38:08.201+0000] {dag.py:3954} INFO - Setting next_dagrun for example_short_circuit_operator to 2024-05-08 00:00:00+00:00, run_after=2024-05-09 00:00:00+00:00
[2024-05-09T05:38:08.225+0000] {processor.py:183} INFO - Processing /home/airflow/.local/lib/python3.12/site-packages/airflow/example_dags/example_short_circuit_operator.py took 0.080 seconds
[2024-05-09T05:38:39.692+0000] {processor.py:161} INFO - Started process (PID=758) to work on /home/airflow/.local/lib/python3.12/site-packages/airflow/example_dags/example_short_circuit_operator.py
[2024-05-09T05:38:39.693+0000] {processor.py:830} INFO - Processing file /home/airflow/.local/lib/python3.12/site-packages/airflow/example_dags/example_short_circuit_operator.py for tasks to queue
[2024-05-09T05:38:39.695+0000] {logging_mixin.py:188} INFO - [2024-05-09T05:38:39.694+0000] {dagbag.py:545} INFO - Filling up the DagBag from /home/airflow/.local/lib/python3.12/site-packages/airflow/example_dags/example_short_circuit_operator.py
[2024-05-09T05:38:39.703+0000] {processor.py:840} INFO - DAG(s) 'example_short_circuit_operator' retrieved from /home/airflow/.local/lib/python3.12/site-packages/airflow/example_dags/example_short_circuit_operator.py
[2024-05-09T05:38:39.831+0000] {logging_mixin.py:188} INFO - [2024-05-09T05:38:39.831+0000] {dag.py:3096} INFO - Sync 1 DAGs
[2024-05-09T05:38:39.859+0000] {logging_mixin.py:188} INFO - [2024-05-09T05:38:39.858+0000] {dag.py:3954} INFO - Setting next_dagrun for example_short_circuit_operator to 2024-05-08 00:00:00+00:00, run_after=2024-05-09 00:00:00+00:00
[2024-05-09T05:38:39.883+0000] {processor.py:183} INFO - Processing /home/airflow/.local/lib/python3.12/site-packages/airflow/example_dags/example_short_circuit_operator.py took 0.199 seconds
[2024-05-09T05:39:10.390+0000] {processor.py:161} INFO - Started process (PID=1020) to work on /home/airflow/.local/lib/python3.12/site-packages/airflow/example_dags/example_short_circuit_operator.py
[2024-05-09T05:39:10.391+0000] {processor.py:830} INFO - Processing file /home/airflow/.local/lib/python3.12/site-packages/airflow/example_dags/example_short_circuit_operator.py for tasks to queue
[2024-05-09T05:39:10.392+0000] {logging_mixin.py:188} INFO - [2024-05-09T05:39:10.392+0000] {dagbag.py:545} INFO - Filling up the DagBag from /home/airflow/.local/lib/python3.12/site-packages/airflow/example_dags/example_short_circuit_operator.py
[2024-05-09T05:39:10.400+0000] {processor.py:840} INFO - DAG(s) 'example_short_circuit_operator' retrieved from /home/airflow/.local/lib/python3.12/site-packages/airflow/example_dags/example_short_circuit_operator.py
[2024-05-09T05:39:10.425+0000] {logging_mixin.py:188} INFO - [2024-05-09T05:39:10.425+0000] {dag.py:3096} INFO - Sync 1 DAGs
[2024-05-09T05:39:10.449+0000] {logging_mixin.py:188} INFO - [2024-05-09T05:39:10.449+0000] {dag.py:3954} INFO - Setting next_dagrun for example_short_circuit_operator to 2024-05-08 00:00:00+00:00, run_after=2024-05-09 00:00:00+00:00
[2024-05-09T05:39:10.470+0000] {processor.py:183} INFO - Processing /home/airflow/.local/lib/python3.12/site-packages/airflow/example_dags/example_short_circuit_operator.py took 0.086 seconds
[2024-05-09T05:39:41.113+0000] {processor.py:161} INFO - Started process (PID=1282) to work on /home/airflow/.local/lib/python3.12/site-packages/airflow/example_dags/example_short_circuit_operator.py
[2024-05-09T05:39:41.114+0000] {processor.py:830} INFO - Processing file /home/airflow/.local/lib/python3.12/site-packages/airflow/example_dags/example_short_circuit_operator.py for tasks to queue
[2024-05-09T05:39:41.115+0000] {logging_mixin.py:188} INFO - [2024-05-09T05:39:41.115+0000] {dagbag.py:545} INFO - Filling up the DagBag from /home/airflow/.local/lib/python3.12/site-packages/airflow/example_dags/example_short_circuit_operator.py
[2024-05-09T05:39:41.122+0000] {processor.py:840} INFO - DAG(s) 'example_short_circuit_operator' retrieved from /home/airflow/.local/lib/python3.12/site-packages/airflow/example_dags/example_short_circuit_operator.py
[2024-05-09T05:39:41.154+0000] {logging_mixin.py:188} INFO - [2024-05-09T05:39:41.154+0000] {dag.py:3096} INFO - Sync 1 DAGs
[2024-05-09T05:39:41.181+0000] {logging_mixin.py:188} INFO - [2024-05-09T05:39:41.181+0000] {dag.py:3954} INFO - Setting next_dagrun for example_short_circuit_operator to 2024-05-08 00:00:00+00:00, run_after=2024-05-09 00:00:00+00:00
[2024-05-09T05:39:41.204+0000] {processor.py:183} INFO - Processing /home/airflow/.local/lib/python3.12/site-packages/airflow/example_dags/example_short_circuit_operator.py took 0.098 seconds
[2024-05-09T05:40:28.547+0000] {processor.py:161} INFO - Started process (PID=236) to work on /home/airflow/.local/lib/python3.12/site-packages/airflow/example_dags/example_short_circuit_operator.py
[2024-05-09T05:40:28.548+0000] {processor.py:830} INFO - Processing file /home/airflow/.local/lib/python3.12/site-packages/airflow/example_dags/example_short_circuit_operator.py for tasks to queue
[2024-05-09T05:40:28.549+0000] {logging_mixin.py:188} INFO - [2024-05-09T05:40:28.549+0000] {dagbag.py:545} INFO - Filling up the DagBag from /home/airflow/.local/lib/python3.12/site-packages/airflow/example_dags/example_short_circuit_operator.py
[2024-05-09T05:40:28.558+0000] {processor.py:840} INFO - DAG(s) 'example_short_circuit_operator' retrieved from /home/airflow/.local/lib/python3.12/site-packages/airflow/example_dags/example_short_circuit_operator.py
[2024-05-09T05:40:28.661+0000] {logging_mixin.py:188} INFO - [2024-05-09T05:40:28.661+0000] {dag.py:3096} INFO - Sync 1 DAGs
[2024-05-09T05:40:28.680+0000] {logging_mixin.py:188} INFO - [2024-05-09T05:40:28.679+0000] {dag.py:3954} INFO - Setting next_dagrun for example_short_circuit_operator to 2024-05-08 00:00:00+00:00, run_after=2024-05-09 00:00:00+00:00
[2024-05-09T05:40:28.696+0000] {processor.py:183} INFO - Processing /home/airflow/.local/lib/python3.12/site-packages/airflow/example_dags/example_short_circuit_operator.py took 0.154 seconds
[2024-05-09T05:40:58.786+0000] {processor.py:161} INFO - Started process (PID=498) to work on /home/airflow/.local/lib/python3.12/site-packages/airflow/example_dags/example_short_circuit_operator.py
[2024-05-09T05:40:58.787+0000] {processor.py:830} INFO - Processing file /home/airflow/.local/lib/python3.12/site-packages/airflow/example_dags/example_short_circuit_operator.py for tasks to queue
[2024-05-09T05:40:58.788+0000] {logging_mixin.py:188} INFO - [2024-05-09T05:40:58.788+0000] {dagbag.py:545} INFO - Filling up the DagBag from /home/airflow/.local/lib/python3.12/site-packages/airflow/example_dags/example_short_circuit_operator.py
[2024-05-09T05:40:58.796+0000] {processor.py:840} INFO - DAG(s) 'example_short_circuit_operator' retrieved from /home/airflow/.local/lib/python3.12/site-packages/airflow/example_dags/example_short_circuit_operator.py
[2024-05-09T05:40:58.820+0000] {logging_mixin.py:188} INFO - [2024-05-09T05:40:58.820+0000] {dag.py:3096} INFO - Sync 1 DAGs
[2024-05-09T05:40:58.843+0000] {logging_mixin.py:188} INFO - [2024-05-09T05:40:58.842+0000] {dag.py:3954} INFO - Setting next_dagrun for example_short_circuit_operator to 2024-05-08 00:00:00+00:00, run_after=2024-05-09 00:00:00+00:00
[2024-05-09T05:40:58.860+0000] {processor.py:183} INFO - Processing /home/airflow/.local/lib/python3.12/site-packages/airflow/example_dags/example_short_circuit_operator.py took 0.080 seconds
[2024-05-09T05:41:29.876+0000] {processor.py:161} INFO - Started process (PID=758) to work on /home/airflow/.local/lib/python3.12/site-packages/airflow/example_dags/example_short_circuit_operator.py
[2024-05-09T05:41:29.883+0000] {processor.py:830} INFO - Processing file /home/airflow/.local/lib/python3.12/site-packages/airflow/example_dags/example_short_circuit_operator.py for tasks to queue
[2024-05-09T05:41:29.886+0000] {logging_mixin.py:188} INFO - [2024-05-09T05:41:29.885+0000] {dagbag.py:545} INFO - Filling up the DagBag from /home/airflow/.local/lib/python3.12/site-packages/airflow/example_dags/example_short_circuit_operator.py
[2024-05-09T05:41:29.898+0000] {processor.py:840} INFO - DAG(s) 'example_short_circuit_operator' retrieved from /home/airflow/.local/lib/python3.12/site-packages/airflow/example_dags/example_short_circuit_operator.py
[2024-05-09T05:41:29.938+0000] {logging_mixin.py:188} INFO - [2024-05-09T05:41:29.938+0000] {dag.py:3096} INFO - Sync 1 DAGs
[2024-05-09T05:41:29.978+0000] {logging_mixin.py:188} INFO - [2024-05-09T05:41:29.978+0000] {dag.py:3954} INFO - Setting next_dagrun for example_short_circuit_operator to 2024-05-08 00:00:00+00:00, run_after=2024-05-09 00:00:00+00:00
[2024-05-09T05:41:30.007+0000] {processor.py:183} INFO - Processing /home/airflow/.local/lib/python3.12/site-packages/airflow/example_dags/example_short_circuit_operator.py took 0.146 seconds
[2024-05-09T05:42:01.177+0000] {processor.py:161} INFO - Started process (PID=1078) to work on /home/airflow/.local/lib/python3.12/site-packages/airflow/example_dags/example_short_circuit_operator.py
[2024-05-09T05:42:01.179+0000] {processor.py:830} INFO - Processing file /home/airflow/.local/lib/python3.12/site-packages/airflow/example_dags/example_short_circuit_operator.py for tasks to queue
[2024-05-09T05:42:01.184+0000] {logging_mixin.py:188} INFO - [2024-05-09T05:42:01.183+0000] {dagbag.py:545} INFO - Filling up the DagBag from /home/airflow/.local/lib/python3.12/site-packages/airflow/example_dags/example_short_circuit_operator.py
[2024-05-09T05:42:01.210+0000] {processor.py:840} INFO - DAG(s) 'example_short_circuit_operator' retrieved from /home/airflow/.local/lib/python3.12/site-packages/airflow/example_dags/example_short_circuit_operator.py
[2024-05-09T05:42:01.292+0000] {logging_mixin.py:188} INFO - [2024-05-09T05:42:01.291+0000] {dag.py:3096} INFO - Sync 1 DAGs
[2024-05-09T05:42:01.375+0000] {logging_mixin.py:188} INFO - [2024-05-09T05:42:01.374+0000] {dag.py:3954} INFO - Setting next_dagrun for example_short_circuit_operator to 2024-05-08 00:00:00+00:00, run_after=2024-05-09 00:00:00+00:00
[2024-05-09T05:42:01.441+0000] {processor.py:183} INFO - Processing /home/airflow/.local/lib/python3.12/site-packages/airflow/example_dags/example_short_circuit_operator.py took 0.288 seconds
