[2024-05-09T05:37:39.166+0000] {processor.py:161} INFO - Started process (PID=326) to work on /home/airflow/.local/lib/python3.12/site-packages/airflow/example_dags/example_branch_labels.py
[2024-05-09T05:37:39.167+0000] {processor.py:830} INFO - Processing file /home/airflow/.local/lib/python3.12/site-packages/airflow/example_dags/example_branch_labels.py for tasks to queue
[2024-05-09T05:37:39.169+0000] {logging_mixin.py:188} INFO - [2024-05-09T05:37:39.168+0000] {dagbag.py:545} INFO - Filling up the DagBag from /home/airflow/.local/lib/python3.12/site-packages/airflow/example_dags/example_branch_labels.py
[2024-05-09T05:37:39.181+0000] {processor.py:840} INFO - DAG(s) 'example_branch_labels' retrieved from /home/airflow/.local/lib/python3.12/site-packages/airflow/example_dags/example_branch_labels.py
[2024-05-09T05:37:39.193+0000] {logging_mixin.py:188} INFO - [2024-05-09T05:37:39.193+0000] {dag.py:3096} INFO - Sync 1 DAGs
[2024-05-09T05:37:39.226+0000] {logging_mixin.py:188} INFO - [2024-05-09T05:37:39.226+0000] {dag.py:3954} INFO - Setting next_dagrun for example_branch_labels to 2024-05-08 00:00:00+00:00, run_after=2024-05-09 00:00:00+00:00
[2024-05-09T05:37:39.246+0000] {processor.py:183} INFO - Processing /home/airflow/.local/lib/python3.12/site-packages/airflow/example_dags/example_branch_labels.py took 0.087 seconds
[2024-05-09T05:38:09.407+0000] {processor.py:161} INFO - Started process (PID=586) to work on /home/airflow/.local/lib/python3.12/site-packages/airflow/example_dags/example_branch_labels.py
[2024-05-09T05:38:09.408+0000] {processor.py:830} INFO - Processing file /home/airflow/.local/lib/python3.12/site-packages/airflow/example_dags/example_branch_labels.py for tasks to queue
[2024-05-09T05:38:09.410+0000] {logging_mixin.py:188} INFO - [2024-05-09T05:38:09.409+0000] {dagbag.py:545} INFO - Filling up the DagBag from /home/airflow/.local/lib/python3.12/site-packages/airflow/example_dags/example_branch_labels.py
[2024-05-09T05:38:09.418+0000] {processor.py:840} INFO - DAG(s) 'example_branch_labels' retrieved from /home/airflow/.local/lib/python3.12/site-packages/airflow/example_dags/example_branch_labels.py
[2024-05-09T05:38:09.431+0000] {logging_mixin.py:188} INFO - [2024-05-09T05:38:09.431+0000] {dag.py:3096} INFO - Sync 1 DAGs
[2024-05-09T05:38:09.461+0000] {logging_mixin.py:188} INFO - [2024-05-09T05:38:09.460+0000] {dag.py:3954} INFO - Setting next_dagrun for example_branch_labels to 2024-05-08 00:00:00+00:00, run_after=2024-05-09 00:00:00+00:00
[2024-05-09T05:38:09.486+0000] {processor.py:183} INFO - Processing /home/airflow/.local/lib/python3.12/site-packages/airflow/example_dags/example_branch_labels.py took 0.085 seconds
[2024-05-09T05:38:42.287+0000] {processor.py:161} INFO - Started process (PID=848) to work on /home/airflow/.local/lib/python3.12/site-packages/airflow/example_dags/example_branch_labels.py
[2024-05-09T05:38:42.289+0000] {processor.py:830} INFO - Processing file /home/airflow/.local/lib/python3.12/site-packages/airflow/example_dags/example_branch_labels.py for tasks to queue
[2024-05-09T05:38:42.290+0000] {logging_mixin.py:188} INFO - [2024-05-09T05:38:42.290+0000] {dagbag.py:545} INFO - Filling up the DagBag from /home/airflow/.local/lib/python3.12/site-packages/airflow/example_dags/example_branch_labels.py
[2024-05-09T05:38:42.300+0000] {processor.py:840} INFO - DAG(s) 'example_branch_labels' retrieved from /home/airflow/.local/lib/python3.12/site-packages/airflow/example_dags/example_branch_labels.py
[2024-05-09T05:38:42.422+0000] {logging_mixin.py:188} INFO - [2024-05-09T05:38:42.422+0000] {dag.py:3096} INFO - Sync 1 DAGs
[2024-05-09T05:38:42.447+0000] {logging_mixin.py:188} INFO - [2024-05-09T05:38:42.446+0000] {dag.py:3954} INFO - Setting next_dagrun for example_branch_labels to 2024-05-08 00:00:00+00:00, run_after=2024-05-09 00:00:00+00:00
[2024-05-09T05:38:42.478+0000] {processor.py:183} INFO - Processing /home/airflow/.local/lib/python3.12/site-packages/airflow/example_dags/example_branch_labels.py took 0.198 seconds
[2024-05-09T05:39:12.848+0000] {processor.py:161} INFO - Started process (PID=1110) to work on /home/airflow/.local/lib/python3.12/site-packages/airflow/example_dags/example_branch_labels.py
[2024-05-09T05:39:12.849+0000] {processor.py:830} INFO - Processing file /home/airflow/.local/lib/python3.12/site-packages/airflow/example_dags/example_branch_labels.py for tasks to queue
[2024-05-09T05:39:12.852+0000] {logging_mixin.py:188} INFO - [2024-05-09T05:39:12.851+0000] {dagbag.py:545} INFO - Filling up the DagBag from /home/airflow/.local/lib/python3.12/site-packages/airflow/example_dags/example_branch_labels.py
[2024-05-09T05:39:12.865+0000] {processor.py:840} INFO - DAG(s) 'example_branch_labels' retrieved from /home/airflow/.local/lib/python3.12/site-packages/airflow/example_dags/example_branch_labels.py
[2024-05-09T05:39:12.901+0000] {logging_mixin.py:188} INFO - [2024-05-09T05:39:12.900+0000] {dag.py:3096} INFO - Sync 1 DAGs
[2024-05-09T05:39:12.950+0000] {logging_mixin.py:188} INFO - [2024-05-09T05:39:12.949+0000] {dag.py:3954} INFO - Setting next_dagrun for example_branch_labels to 2024-05-08 00:00:00+00:00, run_after=2024-05-09 00:00:00+00:00
[2024-05-09T05:39:12.984+0000] {processor.py:183} INFO - Processing /home/airflow/.local/lib/python3.12/site-packages/airflow/example_dags/example_branch_labels.py took 0.147 seconds
[2024-05-09T05:39:43.208+0000] {processor.py:161} INFO - Started process (PID=1374) to work on /home/airflow/.local/lib/python3.12/site-packages/airflow/example_dags/example_branch_labels.py
[2024-05-09T05:39:43.209+0000] {processor.py:830} INFO - Processing file /home/airflow/.local/lib/python3.12/site-packages/airflow/example_dags/example_branch_labels.py for tasks to queue
[2024-05-09T05:39:43.211+0000] {logging_mixin.py:188} INFO - [2024-05-09T05:39:43.210+0000] {dagbag.py:545} INFO - Filling up the DagBag from /home/airflow/.local/lib/python3.12/site-packages/airflow/example_dags/example_branch_labels.py
[2024-05-09T05:39:43.218+0000] {processor.py:840} INFO - DAG(s) 'example_branch_labels' retrieved from /home/airflow/.local/lib/python3.12/site-packages/airflow/example_dags/example_branch_labels.py
[2024-05-09T05:39:43.239+0000] {logging_mixin.py:188} INFO - [2024-05-09T05:39:43.239+0000] {dag.py:3096} INFO - Sync 1 DAGs
[2024-05-09T05:39:43.266+0000] {logging_mixin.py:188} INFO - [2024-05-09T05:39:43.266+0000] {dag.py:3954} INFO - Setting next_dagrun for example_branch_labels to 2024-05-08 00:00:00+00:00, run_after=2024-05-09 00:00:00+00:00
[2024-05-09T05:39:43.285+0000] {processor.py:183} INFO - Processing /home/airflow/.local/lib/python3.12/site-packages/airflow/example_dags/example_branch_labels.py took 0.084 seconds
[2024-05-09T05:40:30.682+0000] {processor.py:161} INFO - Started process (PID=324) to work on /home/airflow/.local/lib/python3.12/site-packages/airflow/example_dags/example_branch_labels.py
[2024-05-09T05:40:30.683+0000] {processor.py:830} INFO - Processing file /home/airflow/.local/lib/python3.12/site-packages/airflow/example_dags/example_branch_labels.py for tasks to queue
[2024-05-09T05:40:30.684+0000] {logging_mixin.py:188} INFO - [2024-05-09T05:40:30.684+0000] {dagbag.py:545} INFO - Filling up the DagBag from /home/airflow/.local/lib/python3.12/site-packages/airflow/example_dags/example_branch_labels.py
[2024-05-09T05:40:30.697+0000] {processor.py:840} INFO - DAG(s) 'example_branch_labels' retrieved from /home/airflow/.local/lib/python3.12/site-packages/airflow/example_dags/example_branch_labels.py
[2024-05-09T05:40:30.799+0000] {logging_mixin.py:188} INFO - [2024-05-09T05:40:30.799+0000] {dag.py:3096} INFO - Sync 1 DAGs
[2024-05-09T05:40:30.826+0000] {logging_mixin.py:188} INFO - [2024-05-09T05:40:30.826+0000] {dag.py:3954} INFO - Setting next_dagrun for example_branch_labels to 2024-05-08 00:00:00+00:00, run_after=2024-05-09 00:00:00+00:00
[2024-05-09T05:40:30.852+0000] {processor.py:183} INFO - Processing /home/airflow/.local/lib/python3.12/site-packages/airflow/example_dags/example_branch_labels.py took 0.176 seconds
[2024-05-09T05:41:00.908+0000] {processor.py:161} INFO - Started process (PID=586) to work on /home/airflow/.local/lib/python3.12/site-packages/airflow/example_dags/example_branch_labels.py
[2024-05-09T05:41:00.908+0000] {processor.py:830} INFO - Processing file /home/airflow/.local/lib/python3.12/site-packages/airflow/example_dags/example_branch_labels.py for tasks to queue
[2024-05-09T05:41:00.910+0000] {logging_mixin.py:188} INFO - [2024-05-09T05:41:00.910+0000] {dagbag.py:545} INFO - Filling up the DagBag from /home/airflow/.local/lib/python3.12/site-packages/airflow/example_dags/example_branch_labels.py
[2024-05-09T05:41:00.919+0000] {processor.py:840} INFO - DAG(s) 'example_branch_labels' retrieved from /home/airflow/.local/lib/python3.12/site-packages/airflow/example_dags/example_branch_labels.py
[2024-05-09T05:41:00.944+0000] {logging_mixin.py:188} INFO - [2024-05-09T05:41:00.944+0000] {dag.py:3096} INFO - Sync 1 DAGs
[2024-05-09T05:41:00.972+0000] {logging_mixin.py:188} INFO - [2024-05-09T05:41:00.972+0000] {dag.py:3954} INFO - Setting next_dagrun for example_branch_labels to 2024-05-08 00:00:00+00:00, run_after=2024-05-09 00:00:00+00:00
[2024-05-09T05:41:00.990+0000] {processor.py:183} INFO - Processing /home/airflow/.local/lib/python3.12/site-packages/airflow/example_dags/example_branch_labels.py took 0.089 seconds
[2024-05-09T05:41:31.468+0000] {processor.py:161} INFO - Started process (PID=848) to work on /home/airflow/.local/lib/python3.12/site-packages/airflow/example_dags/example_branch_labels.py
[2024-05-09T05:41:31.470+0000] {processor.py:830} INFO - Processing file /home/airflow/.local/lib/python3.12/site-packages/airflow/example_dags/example_branch_labels.py for tasks to queue
[2024-05-09T05:41:31.473+0000] {logging_mixin.py:188} INFO - [2024-05-09T05:41:31.472+0000] {dagbag.py:545} INFO - Filling up the DagBag from /home/airflow/.local/lib/python3.12/site-packages/airflow/example_dags/example_branch_labels.py
[2024-05-09T05:41:31.487+0000] {processor.py:840} INFO - DAG(s) 'example_branch_labels' retrieved from /home/airflow/.local/lib/python3.12/site-packages/airflow/example_dags/example_branch_labels.py
[2024-05-09T05:41:31.520+0000] {logging_mixin.py:188} INFO - [2024-05-09T05:41:31.520+0000] {dag.py:3096} INFO - Sync 1 DAGs
[2024-05-09T05:41:31.559+0000] {logging_mixin.py:188} INFO - [2024-05-09T05:41:31.558+0000] {dag.py:3954} INFO - Setting next_dagrun for example_branch_labels to 2024-05-08 00:00:00+00:00, run_after=2024-05-09 00:00:00+00:00
[2024-05-09T05:41:31.586+0000] {processor.py:183} INFO - Processing /home/airflow/.local/lib/python3.12/site-packages/airflow/example_dags/example_branch_labels.py took 0.128 seconds
