[2024-05-09T05:37:37.378+0000] {processor.py:161} INFO - Started process (PID=184) to work on /home/airflow/.local/lib/python3.12/site-packages/airflow/example_dags/example_latest_only.py
[2024-05-09T05:37:37.378+0000] {processor.py:830} INFO - Processing file /home/airflow/.local/lib/python3.12/site-packages/airflow/example_dags/example_latest_only.py for tasks to queue
[2024-05-09T05:37:37.380+0000] {logging_mixin.py:188} INFO - [2024-05-09T05:37:37.380+0000] {dagbag.py:545} INFO - Filling up the DagBag from /home/airflow/.local/lib/python3.12/site-packages/airflow/example_dags/example_latest_only.py
[2024-05-09T05:37:37.387+0000] {processor.py:840} INFO - DAG(s) 'latest_only' retrieved from /home/airflow/.local/lib/python3.12/site-packages/airflow/example_dags/example_latest_only.py
[2024-05-09T05:37:37.397+0000] {logging_mixin.py:188} INFO - [2024-05-09T05:37:37.397+0000] {dag.py:3096} INFO - Sync 1 DAGs
[2024-05-09T05:37:37.417+0000] {logging_mixin.py:188} INFO - [2024-05-09T05:37:37.417+0000] {dag.py:3954} INFO - Setting next_dagrun for latest_only to 2024-05-09 00:00:00+00:00, run_after=2024-05-09 04:00:00+00:00
[2024-05-09T05:37:37.432+0000] {processor.py:183} INFO - Processing /home/airflow/.local/lib/python3.12/site-packages/airflow/example_dags/example_latest_only.py took 0.061 seconds
[2024-05-09T05:38:07.595+0000] {processor.py:161} INFO - Started process (PID=448) to work on /home/airflow/.local/lib/python3.12/site-packages/airflow/example_dags/example_latest_only.py
[2024-05-09T05:38:07.596+0000] {processor.py:830} INFO - Processing file /home/airflow/.local/lib/python3.12/site-packages/airflow/example_dags/example_latest_only.py for tasks to queue
[2024-05-09T05:38:07.598+0000] {logging_mixin.py:188} INFO - [2024-05-09T05:38:07.598+0000] {dagbag.py:545} INFO - Filling up the DagBag from /home/airflow/.local/lib/python3.12/site-packages/airflow/example_dags/example_latest_only.py
[2024-05-09T05:38:07.604+0000] {processor.py:840} INFO - DAG(s) 'latest_only' retrieved from /home/airflow/.local/lib/python3.12/site-packages/airflow/example_dags/example_latest_only.py
[2024-05-09T05:38:07.620+0000] {logging_mixin.py:188} INFO - [2024-05-09T05:38:07.619+0000] {dag.py:3096} INFO - Sync 1 DAGs
[2024-05-09T05:38:07.652+0000] {logging_mixin.py:188} INFO - [2024-05-09T05:38:07.652+0000] {dag.py:3954} INFO - Setting next_dagrun for latest_only to 2024-05-09 00:00:00+00:00, run_after=2024-05-09 04:00:00+00:00
[2024-05-09T05:38:07.685+0000] {processor.py:183} INFO - Processing /home/airflow/.local/lib/python3.12/site-packages/airflow/example_dags/example_latest_only.py took 0.098 seconds
[2024-05-09T05:38:38.331+0000] {processor.py:161} INFO - Started process (PID=708) to work on /home/airflow/.local/lib/python3.12/site-packages/airflow/example_dags/example_latest_only.py
[2024-05-09T05:38:38.332+0000] {processor.py:830} INFO - Processing file /home/airflow/.local/lib/python3.12/site-packages/airflow/example_dags/example_latest_only.py for tasks to queue
[2024-05-09T05:38:38.334+0000] {logging_mixin.py:188} INFO - [2024-05-09T05:38:38.334+0000] {dagbag.py:545} INFO - Filling up the DagBag from /home/airflow/.local/lib/python3.12/site-packages/airflow/example_dags/example_latest_only.py
[2024-05-09T05:38:38.339+0000] {processor.py:840} INFO - DAG(s) 'latest_only' retrieved from /home/airflow/.local/lib/python3.12/site-packages/airflow/example_dags/example_latest_only.py
[2024-05-09T05:38:38.466+0000] {logging_mixin.py:188} INFO - [2024-05-09T05:38:38.466+0000] {dag.py:3096} INFO - Sync 1 DAGs
[2024-05-09T05:38:38.488+0000] {logging_mixin.py:188} INFO - [2024-05-09T05:38:38.488+0000] {dag.py:3954} INFO - Setting next_dagrun for latest_only to 2024-05-09 00:00:00+00:00, run_after=2024-05-09 04:00:00+00:00
[2024-05-09T05:38:38.515+0000] {processor.py:183} INFO - Processing /home/airflow/.local/lib/python3.12/site-packages/airflow/example_dags/example_latest_only.py took 0.190 seconds
[2024-05-09T05:39:08.802+0000] {processor.py:161} INFO - Started process (PID=970) to work on /home/airflow/.local/lib/python3.12/site-packages/airflow/example_dags/example_latest_only.py
[2024-05-09T05:39:08.803+0000] {processor.py:830} INFO - Processing file /home/airflow/.local/lib/python3.12/site-packages/airflow/example_dags/example_latest_only.py for tasks to queue
[2024-05-09T05:39:08.805+0000] {logging_mixin.py:188} INFO - [2024-05-09T05:39:08.805+0000] {dagbag.py:545} INFO - Filling up the DagBag from /home/airflow/.local/lib/python3.12/site-packages/airflow/example_dags/example_latest_only.py
[2024-05-09T05:39:08.811+0000] {processor.py:840} INFO - DAG(s) 'latest_only' retrieved from /home/airflow/.local/lib/python3.12/site-packages/airflow/example_dags/example_latest_only.py
[2024-05-09T05:39:08.836+0000] {logging_mixin.py:188} INFO - [2024-05-09T05:39:08.836+0000] {dag.py:3096} INFO - Sync 1 DAGs
[2024-05-09T05:39:08.860+0000] {logging_mixin.py:188} INFO - [2024-05-09T05:39:08.860+0000] {dag.py:3954} INFO - Setting next_dagrun for latest_only to 2024-05-09 00:00:00+00:00, run_after=2024-05-09 04:00:00+00:00
[2024-05-09T05:39:08.880+0000] {processor.py:183} INFO - Processing /home/airflow/.local/lib/python3.12/site-packages/airflow/example_dags/example_latest_only.py took 0.085 seconds
[2024-05-09T05:39:39.568+0000] {processor.py:161} INFO - Started process (PID=1232) to work on /home/airflow/.local/lib/python3.12/site-packages/airflow/example_dags/example_latest_only.py
[2024-05-09T05:39:39.569+0000] {processor.py:830} INFO - Processing file /home/airflow/.local/lib/python3.12/site-packages/airflow/example_dags/example_latest_only.py for tasks to queue
[2024-05-09T05:39:39.571+0000] {logging_mixin.py:188} INFO - [2024-05-09T05:39:39.571+0000] {dagbag.py:545} INFO - Filling up the DagBag from /home/airflow/.local/lib/python3.12/site-packages/airflow/example_dags/example_latest_only.py
[2024-05-09T05:39:39.575+0000] {processor.py:840} INFO - DAG(s) 'latest_only' retrieved from /home/airflow/.local/lib/python3.12/site-packages/airflow/example_dags/example_latest_only.py
[2024-05-09T05:39:39.595+0000] {logging_mixin.py:188} INFO - [2024-05-09T05:39:39.595+0000] {dag.py:3096} INFO - Sync 1 DAGs
[2024-05-09T05:39:39.618+0000] {logging_mixin.py:188} INFO - [2024-05-09T05:39:39.618+0000] {dag.py:3954} INFO - Setting next_dagrun for latest_only to 2024-05-09 00:00:00+00:00, run_after=2024-05-09 04:00:00+00:00
[2024-05-09T05:39:39.636+0000] {processor.py:183} INFO - Processing /home/airflow/.local/lib/python3.12/site-packages/airflow/example_dags/example_latest_only.py took 0.074 seconds
[2024-05-09T05:40:27.440+0000] {processor.py:161} INFO - Started process (PID=186) to work on /home/airflow/.local/lib/python3.12/site-packages/airflow/example_dags/example_latest_only.py
[2024-05-09T05:40:27.440+0000] {processor.py:830} INFO - Processing file /home/airflow/.local/lib/python3.12/site-packages/airflow/example_dags/example_latest_only.py for tasks to queue
[2024-05-09T05:40:27.442+0000] {logging_mixin.py:188} INFO - [2024-05-09T05:40:27.441+0000] {dagbag.py:545} INFO - Filling up the DagBag from /home/airflow/.local/lib/python3.12/site-packages/airflow/example_dags/example_latest_only.py
[2024-05-09T05:40:27.448+0000] {processor.py:840} INFO - DAG(s) 'latest_only' retrieved from /home/airflow/.local/lib/python3.12/site-packages/airflow/example_dags/example_latest_only.py
[2024-05-09T05:40:27.459+0000] {logging_mixin.py:188} INFO - [2024-05-09T05:40:27.459+0000] {dag.py:3096} INFO - Sync 1 DAGs
[2024-05-09T05:40:27.479+0000] {logging_mixin.py:188} INFO - [2024-05-09T05:40:27.479+0000] {dag.py:3954} INFO - Setting next_dagrun for latest_only to 2024-05-09 00:00:00+00:00, run_after=2024-05-09 04:00:00+00:00
[2024-05-09T05:40:27.495+0000] {processor.py:183} INFO - Processing /home/airflow/.local/lib/python3.12/site-packages/airflow/example_dags/example_latest_only.py took 0.061 seconds
[2024-05-09T05:40:58.098+0000] {processor.py:161} INFO - Started process (PID=446) to work on /home/airflow/.local/lib/python3.12/site-packages/airflow/example_dags/example_latest_only.py
[2024-05-09T05:40:58.099+0000] {processor.py:830} INFO - Processing file /home/airflow/.local/lib/python3.12/site-packages/airflow/example_dags/example_latest_only.py for tasks to queue
[2024-05-09T05:40:58.100+0000] {logging_mixin.py:188} INFO - [2024-05-09T05:40:58.100+0000] {dagbag.py:545} INFO - Filling up the DagBag from /home/airflow/.local/lib/python3.12/site-packages/airflow/example_dags/example_latest_only.py
[2024-05-09T05:40:58.106+0000] {processor.py:840} INFO - DAG(s) 'latest_only' retrieved from /home/airflow/.local/lib/python3.12/site-packages/airflow/example_dags/example_latest_only.py
[2024-05-09T05:40:58.216+0000] {logging_mixin.py:188} INFO - [2024-05-09T05:40:58.216+0000] {dag.py:3096} INFO - Sync 1 DAGs
[2024-05-09T05:40:58.233+0000] {logging_mixin.py:188} INFO - [2024-05-09T05:40:58.233+0000] {dag.py:3954} INFO - Setting next_dagrun for latest_only to 2024-05-09 00:00:00+00:00, run_after=2024-05-09 04:00:00+00:00
[2024-05-09T05:40:58.252+0000] {processor.py:183} INFO - Processing /home/airflow/.local/lib/python3.12/site-packages/airflow/example_dags/example_latest_only.py took 0.163 seconds
[2024-05-09T05:41:28.980+0000] {processor.py:161} INFO - Started process (PID=708) to work on /home/airflow/.local/lib/python3.12/site-packages/airflow/example_dags/example_latest_only.py
[2024-05-09T05:41:28.983+0000] {processor.py:830} INFO - Processing file /home/airflow/.local/lib/python3.12/site-packages/airflow/example_dags/example_latest_only.py for tasks to queue
[2024-05-09T05:41:28.988+0000] {logging_mixin.py:188} INFO - [2024-05-09T05:41:28.987+0000] {dagbag.py:545} INFO - Filling up the DagBag from /home/airflow/.local/lib/python3.12/site-packages/airflow/example_dags/example_latest_only.py
[2024-05-09T05:41:29.001+0000] {processor.py:840} INFO - DAG(s) 'latest_only' retrieved from /home/airflow/.local/lib/python3.12/site-packages/airflow/example_dags/example_latest_only.py
[2024-05-09T05:41:29.048+0000] {logging_mixin.py:188} INFO - [2024-05-09T05:41:29.048+0000] {dag.py:3096} INFO - Sync 1 DAGs
[2024-05-09T05:41:29.094+0000] {logging_mixin.py:188} INFO - [2024-05-09T05:41:29.094+0000] {dag.py:3954} INFO - Setting next_dagrun for latest_only to 2024-05-09 00:00:00+00:00, run_after=2024-05-09 04:00:00+00:00
[2024-05-09T05:41:29.124+0000] {processor.py:183} INFO - Processing /home/airflow/.local/lib/python3.12/site-packages/airflow/example_dags/example_latest_only.py took 0.158 seconds
[2024-05-09T05:41:59.267+0000] {processor.py:161} INFO - Started process (PID=972) to work on /home/airflow/.local/lib/python3.12/site-packages/airflow/example_dags/example_latest_only.py
[2024-05-09T05:41:59.268+0000] {processor.py:830} INFO - Processing file /home/airflow/.local/lib/python3.12/site-packages/airflow/example_dags/example_latest_only.py for tasks to queue
[2024-05-09T05:41:59.269+0000] {logging_mixin.py:188} INFO - [2024-05-09T05:41:59.269+0000] {dagbag.py:545} INFO - Filling up the DagBag from /home/airflow/.local/lib/python3.12/site-packages/airflow/example_dags/example_latest_only.py
[2024-05-09T05:41:59.273+0000] {processor.py:840} INFO - DAG(s) 'latest_only' retrieved from /home/airflow/.local/lib/python3.12/site-packages/airflow/example_dags/example_latest_only.py
[2024-05-09T05:41:59.293+0000] {logging_mixin.py:188} INFO - [2024-05-09T05:41:59.293+0000] {dag.py:3096} INFO - Sync 1 DAGs
[2024-05-09T05:41:59.317+0000] {logging_mixin.py:188} INFO - [2024-05-09T05:41:59.316+0000] {dag.py:3954} INFO - Setting next_dagrun for latest_only to 2024-05-09 00:00:00+00:00, run_after=2024-05-09 04:00:00+00:00
[2024-05-09T05:41:59.335+0000] {processor.py:183} INFO - Processing /home/airflow/.local/lib/python3.12/site-packages/airflow/example_dags/example_latest_only.py took 0.074 seconds
