[2024-05-09T05:37:37.915+0000] {processor.py:161} INFO - Started process (PID=229) to work on /home/airflow/.local/lib/python3.12/site-packages/airflow/example_dags/example_latest_only_with_trigger.py
[2024-05-09T05:37:37.916+0000] {processor.py:830} INFO - Processing file /home/airflow/.local/lib/python3.12/site-packages/airflow/example_dags/example_latest_only_with_trigger.py for tasks to queue
[2024-05-09T05:37:37.917+0000] {logging_mixin.py:188} INFO - [2024-05-09T05:37:37.917+0000] {dagbag.py:545} INFO - Filling up the DagBag from /home/airflow/.local/lib/python3.12/site-packages/airflow/example_dags/example_latest_only_with_trigger.py
[2024-05-09T05:37:37.924+0000] {processor.py:840} INFO - DAG(s) 'latest_only_with_trigger' retrieved from /home/airflow/.local/lib/python3.12/site-packages/airflow/example_dags/example_latest_only_with_trigger.py
[2024-05-09T05:37:37.934+0000] {logging_mixin.py:188} INFO - [2024-05-09T05:37:37.934+0000] {dag.py:3096} INFO - Sync 1 DAGs
[2024-05-09T05:37:37.957+0000] {logging_mixin.py:188} INFO - [2024-05-09T05:37:37.957+0000] {dag.py:3954} INFO - Setting next_dagrun for latest_only_with_trigger to 2024-05-09 00:00:00+00:00, run_after=2024-05-09 04:00:00+00:00
[2024-05-09T05:37:37.977+0000] {processor.py:183} INFO - Processing /home/airflow/.local/lib/python3.12/site-packages/airflow/example_dags/example_latest_only_with_trigger.py took 0.067 seconds
[2024-05-09T05:38:08.139+0000] {processor.py:161} INFO - Started process (PID=493) to work on /home/airflow/.local/lib/python3.12/site-packages/airflow/example_dags/example_latest_only_with_trigger.py
[2024-05-09T05:38:08.140+0000] {processor.py:830} INFO - Processing file /home/airflow/.local/lib/python3.12/site-packages/airflow/example_dags/example_latest_only_with_trigger.py for tasks to queue
[2024-05-09T05:38:08.143+0000] {logging_mixin.py:188} INFO - [2024-05-09T05:38:08.142+0000] {dagbag.py:545} INFO - Filling up the DagBag from /home/airflow/.local/lib/python3.12/site-packages/airflow/example_dags/example_latest_only_with_trigger.py
[2024-05-09T05:38:08.150+0000] {processor.py:840} INFO - DAG(s) 'latest_only_with_trigger' retrieved from /home/airflow/.local/lib/python3.12/site-packages/airflow/example_dags/example_latest_only_with_trigger.py
[2024-05-09T05:38:08.164+0000] {logging_mixin.py:188} INFO - [2024-05-09T05:38:08.163+0000] {dag.py:3096} INFO - Sync 1 DAGs
[2024-05-09T05:38:08.201+0000] {logging_mixin.py:188} INFO - [2024-05-09T05:38:08.200+0000] {dag.py:3954} INFO - Setting next_dagrun for latest_only_with_trigger to 2024-05-09 00:00:00+00:00, run_after=2024-05-09 04:00:00+00:00
[2024-05-09T05:38:08.227+0000] {processor.py:183} INFO - Processing /home/airflow/.local/lib/python3.12/site-packages/airflow/example_dags/example_latest_only_with_trigger.py took 0.096 seconds
[2024-05-09T05:38:39.502+0000] {processor.py:161} INFO - Started process (PID=753) to work on /home/airflow/.local/lib/python3.12/site-packages/airflow/example_dags/example_latest_only_with_trigger.py
[2024-05-09T05:38:39.503+0000] {processor.py:830} INFO - Processing file /home/airflow/.local/lib/python3.12/site-packages/airflow/example_dags/example_latest_only_with_trigger.py for tasks to queue
[2024-05-09T05:38:39.505+0000] {logging_mixin.py:188} INFO - [2024-05-09T05:38:39.505+0000] {dagbag.py:545} INFO - Filling up the DagBag from /home/airflow/.local/lib/python3.12/site-packages/airflow/example_dags/example_latest_only_with_trigger.py
[2024-05-09T05:38:39.513+0000] {processor.py:840} INFO - DAG(s) 'latest_only_with_trigger' retrieved from /home/airflow/.local/lib/python3.12/site-packages/airflow/example_dags/example_latest_only_with_trigger.py
[2024-05-09T05:38:39.639+0000] {logging_mixin.py:188} INFO - [2024-05-09T05:38:39.639+0000] {dag.py:3096} INFO - Sync 1 DAGs
[2024-05-09T05:38:39.666+0000] {logging_mixin.py:188} INFO - [2024-05-09T05:38:39.666+0000] {dag.py:3954} INFO - Setting next_dagrun for latest_only_with_trigger to 2024-05-09 00:00:00+00:00, run_after=2024-05-09 04:00:00+00:00
[2024-05-09T05:38:39.691+0000] {processor.py:183} INFO - Processing /home/airflow/.local/lib/python3.12/site-packages/airflow/example_dags/example_latest_only_with_trigger.py took 0.197 seconds
[2024-05-09T05:39:10.377+0000] {processor.py:161} INFO - Started process (PID=1017) to work on /home/airflow/.local/lib/python3.12/site-packages/airflow/example_dags/example_latest_only_with_trigger.py
[2024-05-09T05:39:10.378+0000] {processor.py:830} INFO - Processing file /home/airflow/.local/lib/python3.12/site-packages/airflow/example_dags/example_latest_only_with_trigger.py for tasks to queue
[2024-05-09T05:39:10.380+0000] {logging_mixin.py:188} INFO - [2024-05-09T05:39:10.380+0000] {dagbag.py:545} INFO - Filling up the DagBag from /home/airflow/.local/lib/python3.12/site-packages/airflow/example_dags/example_latest_only_with_trigger.py
[2024-05-09T05:39:10.386+0000] {processor.py:840} INFO - DAG(s) 'latest_only_with_trigger' retrieved from /home/airflow/.local/lib/python3.12/site-packages/airflow/example_dags/example_latest_only_with_trigger.py
[2024-05-09T05:39:10.408+0000] {logging_mixin.py:188} INFO - [2024-05-09T05:39:10.407+0000] {dag.py:3096} INFO - Sync 1 DAGs
[2024-05-09T05:39:10.431+0000] {logging_mixin.py:188} INFO - [2024-05-09T05:39:10.431+0000] {dag.py:3954} INFO - Setting next_dagrun for latest_only_with_trigger to 2024-05-09 00:00:00+00:00, run_after=2024-05-09 04:00:00+00:00
[2024-05-09T05:39:10.450+0000] {processor.py:183} INFO - Processing /home/airflow/.local/lib/python3.12/site-packages/airflow/example_dags/example_latest_only_with_trigger.py took 0.079 seconds
[2024-05-09T05:39:41.101+0000] {processor.py:161} INFO - Started process (PID=1279) to work on /home/airflow/.local/lib/python3.12/site-packages/airflow/example_dags/example_latest_only_with_trigger.py
[2024-05-09T05:39:41.102+0000] {processor.py:830} INFO - Processing file /home/airflow/.local/lib/python3.12/site-packages/airflow/example_dags/example_latest_only_with_trigger.py for tasks to queue
[2024-05-09T05:39:41.104+0000] {logging_mixin.py:188} INFO - [2024-05-09T05:39:41.103+0000] {dagbag.py:545} INFO - Filling up the DagBag from /home/airflow/.local/lib/python3.12/site-packages/airflow/example_dags/example_latest_only_with_trigger.py
[2024-05-09T05:39:41.108+0000] {processor.py:840} INFO - DAG(s) 'latest_only_with_trigger' retrieved from /home/airflow/.local/lib/python3.12/site-packages/airflow/example_dags/example_latest_only_with_trigger.py
[2024-05-09T05:39:41.129+0000] {logging_mixin.py:188} INFO - [2024-05-09T05:39:41.129+0000] {dag.py:3096} INFO - Sync 1 DAGs
[2024-05-09T05:39:41.161+0000] {logging_mixin.py:188} INFO - [2024-05-09T05:39:41.161+0000] {dag.py:3954} INFO - Setting next_dagrun for latest_only_with_trigger to 2024-05-09 00:00:00+00:00, run_after=2024-05-09 04:00:00+00:00
[2024-05-09T05:39:41.188+0000] {processor.py:183} INFO - Processing /home/airflow/.local/lib/python3.12/site-packages/airflow/example_dags/example_latest_only_with_trigger.py took 0.092 seconds
[2024-05-09T05:40:28.358+0000] {processor.py:161} INFO - Started process (PID=231) to work on /home/airflow/.local/lib/python3.12/site-packages/airflow/example_dags/example_latest_only_with_trigger.py
[2024-05-09T05:40:28.359+0000] {processor.py:830} INFO - Processing file /home/airflow/.local/lib/python3.12/site-packages/airflow/example_dags/example_latest_only_with_trigger.py for tasks to queue
[2024-05-09T05:40:28.360+0000] {logging_mixin.py:188} INFO - [2024-05-09T05:40:28.360+0000] {dagbag.py:545} INFO - Filling up the DagBag from /home/airflow/.local/lib/python3.12/site-packages/airflow/example_dags/example_latest_only_with_trigger.py
[2024-05-09T05:40:28.367+0000] {processor.py:840} INFO - DAG(s) 'latest_only_with_trigger' retrieved from /home/airflow/.local/lib/python3.12/site-packages/airflow/example_dags/example_latest_only_with_trigger.py
[2024-05-09T05:40:28.490+0000] {logging_mixin.py:188} INFO - [2024-05-09T05:40:28.490+0000] {dag.py:3096} INFO - Sync 1 DAGs
[2024-05-09T05:40:28.509+0000] {logging_mixin.py:188} INFO - [2024-05-09T05:40:28.509+0000] {dag.py:3954} INFO - Setting next_dagrun for latest_only_with_trigger to 2024-05-09 00:00:00+00:00, run_after=2024-05-09 04:00:00+00:00
[2024-05-09T05:40:28.524+0000] {processor.py:183} INFO - Processing /home/airflow/.local/lib/python3.12/site-packages/airflow/example_dags/example_latest_only_with_trigger.py took 0.171 seconds
[2024-05-09T05:40:58.669+0000] {processor.py:161} INFO - Started process (PID=493) to work on /home/airflow/.local/lib/python3.12/site-packages/airflow/example_dags/example_latest_only_with_trigger.py
[2024-05-09T05:40:58.670+0000] {processor.py:830} INFO - Processing file /home/airflow/.local/lib/python3.12/site-packages/airflow/example_dags/example_latest_only_with_trigger.py for tasks to queue
[2024-05-09T05:40:58.671+0000] {logging_mixin.py:188} INFO - [2024-05-09T05:40:58.671+0000] {dagbag.py:545} INFO - Filling up the DagBag from /home/airflow/.local/lib/python3.12/site-packages/airflow/example_dags/example_latest_only_with_trigger.py
[2024-05-09T05:40:58.677+0000] {processor.py:840} INFO - DAG(s) 'latest_only_with_trigger' retrieved from /home/airflow/.local/lib/python3.12/site-packages/airflow/example_dags/example_latest_only_with_trigger.py
[2024-05-09T05:40:58.701+0000] {logging_mixin.py:188} INFO - [2024-05-09T05:40:58.701+0000] {dag.py:3096} INFO - Sync 1 DAGs
[2024-05-09T05:40:58.729+0000] {logging_mixin.py:188} INFO - [2024-05-09T05:40:58.729+0000] {dag.py:3954} INFO - Setting next_dagrun for latest_only_with_trigger to 2024-05-09 00:00:00+00:00, run_after=2024-05-09 04:00:00+00:00
[2024-05-09T05:40:58.759+0000] {processor.py:183} INFO - Processing /home/airflow/.local/lib/python3.12/site-packages/airflow/example_dags/example_latest_only_with_trigger.py took 0.096 seconds
[2024-05-09T05:41:29.807+0000] {processor.py:161} INFO - Started process (PID=753) to work on /home/airflow/.local/lib/python3.12/site-packages/airflow/example_dags/example_latest_only_with_trigger.py
[2024-05-09T05:41:29.811+0000] {processor.py:830} INFO - Processing file /home/airflow/.local/lib/python3.12/site-packages/airflow/example_dags/example_latest_only_with_trigger.py for tasks to queue
[2024-05-09T05:41:29.815+0000] {logging_mixin.py:188} INFO - [2024-05-09T05:41:29.814+0000] {dagbag.py:545} INFO - Filling up the DagBag from /home/airflow/.local/lib/python3.12/site-packages/airflow/example_dags/example_latest_only_with_trigger.py
[2024-05-09T05:41:29.822+0000] {processor.py:840} INFO - DAG(s) 'latest_only_with_trigger' retrieved from /home/airflow/.local/lib/python3.12/site-packages/airflow/example_dags/example_latest_only_with_trigger.py
[2024-05-09T05:41:29.859+0000] {logging_mixin.py:188} INFO - [2024-05-09T05:41:29.859+0000] {dag.py:3096} INFO - Sync 1 DAGs
[2024-05-09T05:41:29.911+0000] {logging_mixin.py:188} INFO - [2024-05-09T05:41:29.911+0000] {dag.py:3954} INFO - Setting next_dagrun for latest_only_with_trigger to 2024-05-09 00:00:00+00:00, run_after=2024-05-09 04:00:00+00:00
[2024-05-09T05:41:29.941+0000] {processor.py:183} INFO - Processing /home/airflow/.local/lib/python3.12/site-packages/airflow/example_dags/example_latest_only_with_trigger.py took 0.143 seconds
[2024-05-09T05:42:01.126+0000] {processor.py:161} INFO - Started process (PID=1077) to work on /home/airflow/.local/lib/python3.12/site-packages/airflow/example_dags/example_latest_only_with_trigger.py
[2024-05-09T05:42:01.129+0000] {processor.py:830} INFO - Processing file /home/airflow/.local/lib/python3.12/site-packages/airflow/example_dags/example_latest_only_with_trigger.py for tasks to queue
[2024-05-09T05:42:01.134+0000] {logging_mixin.py:188} INFO - [2024-05-09T05:42:01.133+0000] {dagbag.py:545} INFO - Filling up the DagBag from /home/airflow/.local/lib/python3.12/site-packages/airflow/example_dags/example_latest_only_with_trigger.py
[2024-05-09T05:42:01.151+0000] {processor.py:840} INFO - DAG(s) 'latest_only_with_trigger' retrieved from /home/airflow/.local/lib/python3.12/site-packages/airflow/example_dags/example_latest_only_with_trigger.py
[2024-05-09T05:42:01.224+0000] {logging_mixin.py:188} INFO - [2024-05-09T05:42:01.224+0000] {dag.py:3096} INFO - Sync 1 DAGs
[2024-05-09T05:42:01.304+0000] {logging_mixin.py:188} INFO - [2024-05-09T05:42:01.303+0000] {dag.py:3954} INFO - Setting next_dagrun for latest_only_with_trigger to 2024-05-09 00:00:00+00:00, run_after=2024-05-09 04:00:00+00:00
[2024-05-09T05:42:01.371+0000] {processor.py:183} INFO - Processing /home/airflow/.local/lib/python3.12/site-packages/airflow/example_dags/example_latest_only_with_trigger.py took 0.265 seconds
