[2024-05-09T05:37:37.799+0000] {processor.py:161} INFO - Started process (PID=221) to work on /home/airflow/.local/lib/python3.12/site-packages/airflow/example_dags/example_complex.py
[2024-05-09T05:37:37.800+0000] {processor.py:830} INFO - Processing file /home/airflow/.local/lib/python3.12/site-packages/airflow/example_dags/example_complex.py for tasks to queue
[2024-05-09T05:37:37.802+0000] {logging_mixin.py:188} INFO - [2024-05-09T05:37:37.801+0000] {dagbag.py:545} INFO - Filling up the DagBag from /home/airflow/.local/lib/python3.12/site-packages/airflow/example_dags/example_complex.py
[2024-05-09T05:37:37.823+0000] {processor.py:840} INFO - DAG(s) 'example_complex' retrieved from /home/airflow/.local/lib/python3.12/site-packages/airflow/example_dags/example_complex.py
[2024-05-09T05:37:37.835+0000] {logging_mixin.py:188} INFO - [2024-05-09T05:37:37.834+0000] {dag.py:3096} INFO - Sync 1 DAGs
[2024-05-09T05:37:37.847+0000] {logging_mixin.py:188} INFO - [2024-05-09T05:37:37.847+0000] {dag.py:3954} INFO - Setting next_dagrun for example_complex to None, run_after=None
[2024-05-09T05:37:37.868+0000] {processor.py:183} INFO - Processing /home/airflow/.local/lib/python3.12/site-packages/airflow/example_dags/example_complex.py took 0.077 seconds
[2024-05-09T05:38:08.036+0000] {processor.py:161} INFO - Started process (PID=481) to work on /home/airflow/.local/lib/python3.12/site-packages/airflow/example_dags/example_complex.py
[2024-05-09T05:38:08.037+0000] {processor.py:830} INFO - Processing file /home/airflow/.local/lib/python3.12/site-packages/airflow/example_dags/example_complex.py for tasks to queue
[2024-05-09T05:38:08.039+0000] {logging_mixin.py:188} INFO - [2024-05-09T05:38:08.039+0000] {dagbag.py:545} INFO - Filling up the DagBag from /home/airflow/.local/lib/python3.12/site-packages/airflow/example_dags/example_complex.py
[2024-05-09T05:38:08.050+0000] {processor.py:840} INFO - DAG(s) 'example_complex' retrieved from /home/airflow/.local/lib/python3.12/site-packages/airflow/example_dags/example_complex.py
[2024-05-09T05:38:08.062+0000] {logging_mixin.py:188} INFO - [2024-05-09T05:38:08.062+0000] {dag.py:3096} INFO - Sync 1 DAGs
[2024-05-09T05:38:08.085+0000] {logging_mixin.py:188} INFO - [2024-05-09T05:38:08.085+0000] {dag.py:3954} INFO - Setting next_dagrun for example_complex to None, run_after=None
[2024-05-09T05:38:08.107+0000] {processor.py:183} INFO - Processing /home/airflow/.local/lib/python3.12/site-packages/airflow/example_dags/example_complex.py took 0.078 seconds
[2024-05-09T05:38:39.268+0000] {processor.py:161} INFO - Started process (PID=743) to work on /home/airflow/.local/lib/python3.12/site-packages/airflow/example_dags/example_complex.py
[2024-05-09T05:38:39.269+0000] {processor.py:830} INFO - Processing file /home/airflow/.local/lib/python3.12/site-packages/airflow/example_dags/example_complex.py for tasks to queue
[2024-05-09T05:38:39.272+0000] {logging_mixin.py:188} INFO - [2024-05-09T05:38:39.271+0000] {dagbag.py:545} INFO - Filling up the DagBag from /home/airflow/.local/lib/python3.12/site-packages/airflow/example_dags/example_complex.py
[2024-05-09T05:38:39.294+0000] {processor.py:840} INFO - DAG(s) 'example_complex' retrieved from /home/airflow/.local/lib/python3.12/site-packages/airflow/example_dags/example_complex.py
[2024-05-09T05:38:39.437+0000] {logging_mixin.py:188} INFO - [2024-05-09T05:38:39.437+0000] {dag.py:3096} INFO - Sync 1 DAGs
[2024-05-09T05:38:39.449+0000] {logging_mixin.py:188} INFO - [2024-05-09T05:38:39.448+0000] {dag.py:3954} INFO - Setting next_dagrun for example_complex to None, run_after=None
[2024-05-09T05:38:39.472+0000] {processor.py:183} INFO - Processing /home/airflow/.local/lib/python3.12/site-packages/airflow/example_dags/example_complex.py took 0.214 seconds
[2024-05-09T05:39:10.247+0000] {processor.py:161} INFO - Started process (PID=1007) to work on /home/airflow/.local/lib/python3.12/site-packages/airflow/example_dags/example_complex.py
[2024-05-09T05:39:10.247+0000] {processor.py:830} INFO - Processing file /home/airflow/.local/lib/python3.12/site-packages/airflow/example_dags/example_complex.py for tasks to queue
[2024-05-09T05:39:10.249+0000] {logging_mixin.py:188} INFO - [2024-05-09T05:39:10.249+0000] {dagbag.py:545} INFO - Filling up the DagBag from /home/airflow/.local/lib/python3.12/site-packages/airflow/example_dags/example_complex.py
[2024-05-09T05:39:10.262+0000] {processor.py:840} INFO - DAG(s) 'example_complex' retrieved from /home/airflow/.local/lib/python3.12/site-packages/airflow/example_dags/example_complex.py
[2024-05-09T05:39:10.314+0000] {logging_mixin.py:188} INFO - [2024-05-09T05:39:10.314+0000] {dag.py:3096} INFO - Sync 1 DAGs
[2024-05-09T05:39:10.333+0000] {logging_mixin.py:188} INFO - [2024-05-09T05:39:10.333+0000] {dag.py:3954} INFO - Setting next_dagrun for example_complex to None, run_after=None
[2024-05-09T05:39:10.357+0000] {processor.py:183} INFO - Processing /home/airflow/.local/lib/python3.12/site-packages/airflow/example_dags/example_complex.py took 0.116 seconds
[2024-05-09T05:39:41.001+0000] {processor.py:161} INFO - Started process (PID=1269) to work on /home/airflow/.local/lib/python3.12/site-packages/airflow/example_dags/example_complex.py
[2024-05-09T05:39:41.002+0000] {processor.py:830} INFO - Processing file /home/airflow/.local/lib/python3.12/site-packages/airflow/example_dags/example_complex.py for tasks to queue
[2024-05-09T05:39:41.003+0000] {logging_mixin.py:188} INFO - [2024-05-09T05:39:41.003+0000] {dagbag.py:545} INFO - Filling up the DagBag from /home/airflow/.local/lib/python3.12/site-packages/airflow/example_dags/example_complex.py
[2024-05-09T05:39:41.014+0000] {processor.py:840} INFO - DAG(s) 'example_complex' retrieved from /home/airflow/.local/lib/python3.12/site-packages/airflow/example_dags/example_complex.py
[2024-05-09T05:39:41.049+0000] {logging_mixin.py:188} INFO - [2024-05-09T05:39:41.049+0000] {dag.py:3096} INFO - Sync 1 DAGs
[2024-05-09T05:39:41.063+0000] {logging_mixin.py:188} INFO - [2024-05-09T05:39:41.062+0000] {dag.py:3954} INFO - Setting next_dagrun for example_complex to None, run_after=None
[2024-05-09T05:39:41.083+0000] {processor.py:183} INFO - Processing /home/airflow/.local/lib/python3.12/site-packages/airflow/example_dags/example_complex.py took 0.087 seconds
[2024-05-09T05:40:28.161+0000] {processor.py:161} INFO - Started process (PID=221) to work on /home/airflow/.local/lib/python3.12/site-packages/airflow/example_dags/example_complex.py
[2024-05-09T05:40:28.162+0000] {processor.py:830} INFO - Processing file /home/airflow/.local/lib/python3.12/site-packages/airflow/example_dags/example_complex.py for tasks to queue
[2024-05-09T05:40:28.164+0000] {logging_mixin.py:188} INFO - [2024-05-09T05:40:28.164+0000] {dagbag.py:545} INFO - Filling up the DagBag from /home/airflow/.local/lib/python3.12/site-packages/airflow/example_dags/example_complex.py
[2024-05-09T05:40:28.183+0000] {processor.py:840} INFO - DAG(s) 'example_complex' retrieved from /home/airflow/.local/lib/python3.12/site-packages/airflow/example_dags/example_complex.py
[2024-05-09T05:40:28.310+0000] {logging_mixin.py:188} INFO - [2024-05-09T05:40:28.309+0000] {dag.py:3096} INFO - Sync 1 DAGs
[2024-05-09T05:40:28.320+0000] {logging_mixin.py:188} INFO - [2024-05-09T05:40:28.320+0000] {dag.py:3954} INFO - Setting next_dagrun for example_complex to None, run_after=None
[2024-05-09T05:40:28.337+0000] {processor.py:183} INFO - Processing /home/airflow/.local/lib/python3.12/site-packages/airflow/example_dags/example_complex.py took 0.184 seconds
[2024-05-09T05:40:58.557+0000] {processor.py:161} INFO - Started process (PID=481) to work on /home/airflow/.local/lib/python3.12/site-packages/airflow/example_dags/example_complex.py
[2024-05-09T05:40:58.558+0000] {processor.py:830} INFO - Processing file /home/airflow/.local/lib/python3.12/site-packages/airflow/example_dags/example_complex.py for tasks to queue
[2024-05-09T05:40:58.560+0000] {logging_mixin.py:188} INFO - [2024-05-09T05:40:58.559+0000] {dagbag.py:545} INFO - Filling up the DagBag from /home/airflow/.local/lib/python3.12/site-packages/airflow/example_dags/example_complex.py
[2024-05-09T05:40:58.571+0000] {processor.py:840} INFO - DAG(s) 'example_complex' retrieved from /home/airflow/.local/lib/python3.12/site-packages/airflow/example_dags/example_complex.py
[2024-05-09T05:40:58.608+0000] {logging_mixin.py:188} INFO - [2024-05-09T05:40:58.608+0000] {dag.py:3096} INFO - Sync 1 DAGs
[2024-05-09T05:40:58.624+0000] {logging_mixin.py:188} INFO - [2024-05-09T05:40:58.624+0000] {dag.py:3954} INFO - Setting next_dagrun for example_complex to None, run_after=None
[2024-05-09T05:40:58.642+0000] {processor.py:183} INFO - Processing /home/airflow/.local/lib/python3.12/site-packages/airflow/example_dags/example_complex.py took 0.092 seconds
[2024-05-09T05:41:29.652+0000] {processor.py:161} INFO - Started process (PID=743) to work on /home/airflow/.local/lib/python3.12/site-packages/airflow/example_dags/example_complex.py
[2024-05-09T05:41:29.657+0000] {processor.py:830} INFO - Processing file /home/airflow/.local/lib/python3.12/site-packages/airflow/example_dags/example_complex.py for tasks to queue
[2024-05-09T05:41:29.659+0000] {logging_mixin.py:188} INFO - [2024-05-09T05:41:29.659+0000] {dagbag.py:545} INFO - Filling up the DagBag from /home/airflow/.local/lib/python3.12/site-packages/airflow/example_dags/example_complex.py
[2024-05-09T05:41:29.674+0000] {processor.py:840} INFO - DAG(s) 'example_complex' retrieved from /home/airflow/.local/lib/python3.12/site-packages/airflow/example_dags/example_complex.py
[2024-05-09T05:41:29.722+0000] {logging_mixin.py:188} INFO - [2024-05-09T05:41:29.722+0000] {dag.py:3096} INFO - Sync 1 DAGs
[2024-05-09T05:41:29.740+0000] {logging_mixin.py:188} INFO - [2024-05-09T05:41:29.740+0000] {dag.py:3954} INFO - Setting next_dagrun for example_complex to None, run_after=None
[2024-05-09T05:41:29.770+0000] {processor.py:183} INFO - Processing /home/airflow/.local/lib/python3.12/site-packages/airflow/example_dags/example_complex.py took 0.129 seconds
[2024-05-09T05:42:00.875+0000] {processor.py:161} INFO - Started process (PID=1071) to work on /home/airflow/.local/lib/python3.12/site-packages/airflow/example_dags/example_complex.py
[2024-05-09T05:42:00.876+0000] {processor.py:830} INFO - Processing file /home/airflow/.local/lib/python3.12/site-packages/airflow/example_dags/example_complex.py for tasks to queue
[2024-05-09T05:42:00.880+0000] {logging_mixin.py:188} INFO - [2024-05-09T05:42:00.879+0000] {dagbag.py:545} INFO - Filling up the DagBag from /home/airflow/.local/lib/python3.12/site-packages/airflow/example_dags/example_complex.py
[2024-05-09T05:42:00.903+0000] {processor.py:840} INFO - DAG(s) 'example_complex' retrieved from /home/airflow/.local/lib/python3.12/site-packages/airflow/example_dags/example_complex.py
[2024-05-09T05:42:00.997+0000] {logging_mixin.py:188} INFO - [2024-05-09T05:42:00.996+0000] {dag.py:3096} INFO - Sync 1 DAGs
[2024-05-09T05:42:01.037+0000] {logging_mixin.py:188} INFO - [2024-05-09T05:42:01.037+0000] {dag.py:3954} INFO - Setting next_dagrun for example_complex to None, run_after=None
[2024-05-09T05:42:01.091+0000] {processor.py:183} INFO - Processing /home/airflow/.local/lib/python3.12/site-packages/airflow/example_dags/example_complex.py took 0.230 seconds
