[2024-05-09T05:37:39.868+0000] {processor.py:161} INFO - Started process (PID=384) to work on /home/airflow/.local/lib/python3.12/site-packages/airflow/example_dags/example_branch_python_dop_operator_3.py
[2024-05-09T05:37:39.869+0000] {processor.py:830} INFO - Processing file /home/airflow/.local/lib/python3.12/site-packages/airflow/example_dags/example_branch_python_dop_operator_3.py for tasks to queue
[2024-05-09T05:37:39.870+0000] {logging_mixin.py:188} INFO - [2024-05-09T05:37:39.870+0000] {dagbag.py:545} INFO - Filling up the DagBag from /home/airflow/.local/lib/python3.12/site-packages/airflow/example_dags/example_branch_python_dop_operator_3.py
[2024-05-09T05:37:39.879+0000] {processor.py:840} INFO - DAG(s) 'example_branch_dop_operator_v3' retrieved from /home/airflow/.local/lib/python3.12/site-packages/airflow/example_dags/example_branch_python_dop_operator_3.py
[2024-05-09T05:37:39.891+0000] {logging_mixin.py:188} INFO - [2024-05-09T05:37:39.890+0000] {dag.py:3096} INFO - Sync 1 DAGs
[2024-05-09T05:37:39.917+0000] {logging_mixin.py:188} INFO - [2024-05-09T05:37:39.916+0000] {dag.py:3954} INFO - Setting next_dagrun for example_branch_dop_operator_v3 to 2024-05-09 05:36:00+00:00, run_after=2024-05-09 05:37:00+00:00
[2024-05-09T05:37:39.936+0000] {processor.py:183} INFO - Processing /home/airflow/.local/lib/python3.12/site-packages/airflow/example_dags/example_branch_python_dop_operator_3.py took 0.074 seconds
[2024-05-09T05:38:10.195+0000] {processor.py:161} INFO - Started process (PID=648) to work on /home/airflow/.local/lib/python3.12/site-packages/airflow/example_dags/example_branch_python_dop_operator_3.py
[2024-05-09T05:38:10.196+0000] {processor.py:830} INFO - Processing file /home/airflow/.local/lib/python3.12/site-packages/airflow/example_dags/example_branch_python_dop_operator_3.py for tasks to queue
[2024-05-09T05:38:10.197+0000] {logging_mixin.py:188} INFO - [2024-05-09T05:38:10.197+0000] {dagbag.py:545} INFO - Filling up the DagBag from /home/airflow/.local/lib/python3.12/site-packages/airflow/example_dags/example_branch_python_dop_operator_3.py
[2024-05-09T05:38:10.205+0000] {processor.py:840} INFO - DAG(s) 'example_branch_dop_operator_v3' retrieved from /home/airflow/.local/lib/python3.12/site-packages/airflow/example_dags/example_branch_python_dop_operator_3.py
[2024-05-09T05:38:10.218+0000] {logging_mixin.py:188} INFO - [2024-05-09T05:38:10.218+0000] {dag.py:3096} INFO - Sync 1 DAGs
[2024-05-09T05:38:10.245+0000] {logging_mixin.py:188} INFO - [2024-05-09T05:38:10.245+0000] {dag.py:3954} INFO - Setting next_dagrun for example_branch_dop_operator_v3 to 2024-05-09 05:37:00+00:00, run_after=2024-05-09 05:38:00+00:00
[2024-05-09T05:38:10.264+0000] {processor.py:183} INFO - Processing /home/airflow/.local/lib/python3.12/site-packages/airflow/example_dags/example_branch_python_dop_operator_3.py took 0.075 seconds
[2024-05-09T05:38:43.818+0000] {processor.py:161} INFO - Started process (PID=908) to work on /home/airflow/.local/lib/python3.12/site-packages/airflow/example_dags/example_branch_python_dop_operator_3.py
[2024-05-09T05:38:43.819+0000] {processor.py:830} INFO - Processing file /home/airflow/.local/lib/python3.12/site-packages/airflow/example_dags/example_branch_python_dop_operator_3.py for tasks to queue
[2024-05-09T05:38:43.822+0000] {logging_mixin.py:188} INFO - [2024-05-09T05:38:43.822+0000] {dagbag.py:545} INFO - Filling up the DagBag from /home/airflow/.local/lib/python3.12/site-packages/airflow/example_dags/example_branch_python_dop_operator_3.py
[2024-05-09T05:38:43.836+0000] {processor.py:840} INFO - DAG(s) 'example_branch_dop_operator_v3' retrieved from /home/airflow/.local/lib/python3.12/site-packages/airflow/example_dags/example_branch_python_dop_operator_3.py
[2024-05-09T05:38:43.959+0000] {logging_mixin.py:188} INFO - [2024-05-09T05:38:43.959+0000] {dag.py:3096} INFO - Sync 1 DAGs
[2024-05-09T05:38:43.998+0000] {logging_mixin.py:188} INFO - [2024-05-09T05:38:43.998+0000] {dag.py:3954} INFO - Setting next_dagrun for example_branch_dop_operator_v3 to 2024-05-09 05:37:00+00:00, run_after=2024-05-09 05:38:00+00:00
[2024-05-09T05:38:44.032+0000] {processor.py:183} INFO - Processing /home/airflow/.local/lib/python3.12/site-packages/airflow/example_dags/example_branch_python_dop_operator_3.py took 0.223 seconds
[2024-05-09T05:39:14.132+0000] {processor.py:161} INFO - Started process (PID=1170) to work on /home/airflow/.local/lib/python3.12/site-packages/airflow/example_dags/example_branch_python_dop_operator_3.py
[2024-05-09T05:39:14.133+0000] {processor.py:830} INFO - Processing file /home/airflow/.local/lib/python3.12/site-packages/airflow/example_dags/example_branch_python_dop_operator_3.py for tasks to queue
[2024-05-09T05:39:14.134+0000] {logging_mixin.py:188} INFO - [2024-05-09T05:39:14.134+0000] {dagbag.py:545} INFO - Filling up the DagBag from /home/airflow/.local/lib/python3.12/site-packages/airflow/example_dags/example_branch_python_dop_operator_3.py
[2024-05-09T05:39:14.143+0000] {processor.py:840} INFO - DAG(s) 'example_branch_dop_operator_v3' retrieved from /home/airflow/.local/lib/python3.12/site-packages/airflow/example_dags/example_branch_python_dop_operator_3.py
[2024-05-09T05:39:14.168+0000] {logging_mixin.py:188} INFO - [2024-05-09T05:39:14.168+0000] {dag.py:3096} INFO - Sync 1 DAGs
[2024-05-09T05:39:14.197+0000] {logging_mixin.py:188} INFO - [2024-05-09T05:39:14.196+0000] {dag.py:3954} INFO - Setting next_dagrun for example_branch_dop_operator_v3 to 2024-05-09 05:38:00+00:00, run_after=2024-05-09 05:39:00+00:00
[2024-05-09T05:39:14.219+0000] {processor.py:183} INFO - Processing /home/airflow/.local/lib/python3.12/site-packages/airflow/example_dags/example_branch_python_dop_operator_3.py took 0.093 seconds
[2024-05-09T05:39:45.166+0000] {processor.py:161} INFO - Started process (PID=1432) to work on /home/airflow/.local/lib/python3.12/site-packages/airflow/example_dags/example_branch_python_dop_operator_3.py
[2024-05-09T05:39:45.167+0000] {processor.py:830} INFO - Processing file /home/airflow/.local/lib/python3.12/site-packages/airflow/example_dags/example_branch_python_dop_operator_3.py for tasks to queue
[2024-05-09T05:39:45.169+0000] {logging_mixin.py:188} INFO - [2024-05-09T05:39:45.168+0000] {dagbag.py:545} INFO - Filling up the DagBag from /home/airflow/.local/lib/python3.12/site-packages/airflow/example_dags/example_branch_python_dop_operator_3.py
[2024-05-09T05:39:45.176+0000] {processor.py:840} INFO - DAG(s) 'example_branch_dop_operator_v3' retrieved from /home/airflow/.local/lib/python3.12/site-packages/airflow/example_dags/example_branch_python_dop_operator_3.py
[2024-05-09T05:39:45.194+0000] {logging_mixin.py:188} INFO - [2024-05-09T05:39:45.194+0000] {dag.py:3096} INFO - Sync 1 DAGs
[2024-05-09T05:39:45.216+0000] {logging_mixin.py:188} INFO - [2024-05-09T05:39:45.216+0000] {dag.py:3954} INFO - Setting next_dagrun for example_branch_dop_operator_v3 to 2024-05-09 05:38:00+00:00, run_after=2024-05-09 05:39:00+00:00
[2024-05-09T05:39:45.234+0000] {processor.py:183} INFO - Processing /home/airflow/.local/lib/python3.12/site-packages/airflow/example_dags/example_branch_python_dop_operator_3.py took 0.074 seconds
[2024-05-09T05:40:32.124+0000] {processor.py:161} INFO - Started process (PID=386) to work on /home/airflow/.local/lib/python3.12/site-packages/airflow/example_dags/example_branch_python_dop_operator_3.py
[2024-05-09T05:40:32.125+0000] {processor.py:830} INFO - Processing file /home/airflow/.local/lib/python3.12/site-packages/airflow/example_dags/example_branch_python_dop_operator_3.py for tasks to queue
[2024-05-09T05:40:32.127+0000] {logging_mixin.py:188} INFO - [2024-05-09T05:40:32.127+0000] {dagbag.py:545} INFO - Filling up the DagBag from /home/airflow/.local/lib/python3.12/site-packages/airflow/example_dags/example_branch_python_dop_operator_3.py
[2024-05-09T05:40:32.138+0000] {processor.py:840} INFO - DAG(s) 'example_branch_dop_operator_v3' retrieved from /home/airflow/.local/lib/python3.12/site-packages/airflow/example_dags/example_branch_python_dop_operator_3.py
[2024-05-09T05:40:32.264+0000] {logging_mixin.py:188} INFO - [2024-05-09T05:40:32.264+0000] {dag.py:3096} INFO - Sync 1 DAGs
[2024-05-09T05:40:32.287+0000] {logging_mixin.py:188} INFO - [2024-05-09T05:40:32.287+0000] {dag.py:3954} INFO - Setting next_dagrun for example_branch_dop_operator_v3 to 2024-05-09 05:39:00+00:00, run_after=2024-05-09 05:40:00+00:00
[2024-05-09T05:40:32.304+0000] {processor.py:183} INFO - Processing /home/airflow/.local/lib/python3.12/site-packages/airflow/example_dags/example_branch_python_dop_operator_3.py took 0.186 seconds
[2024-05-09T05:41:03.019+0000] {processor.py:161} INFO - Started process (PID=646) to work on /home/airflow/.local/lib/python3.12/site-packages/airflow/example_dags/example_branch_python_dop_operator_3.py
[2024-05-09T05:41:03.019+0000] {processor.py:830} INFO - Processing file /home/airflow/.local/lib/python3.12/site-packages/airflow/example_dags/example_branch_python_dop_operator_3.py for tasks to queue
[2024-05-09T05:41:03.021+0000] {logging_mixin.py:188} INFO - [2024-05-09T05:41:03.021+0000] {dagbag.py:545} INFO - Filling up the DagBag from /home/airflow/.local/lib/python3.12/site-packages/airflow/example_dags/example_branch_python_dop_operator_3.py
[2024-05-09T05:41:03.030+0000] {processor.py:840} INFO - DAG(s) 'example_branch_dop_operator_v3' retrieved from /home/airflow/.local/lib/python3.12/site-packages/airflow/example_dags/example_branch_python_dop_operator_3.py
[2024-05-09T05:41:03.051+0000] {logging_mixin.py:188} INFO - [2024-05-09T05:41:03.050+0000] {dag.py:3096} INFO - Sync 1 DAGs
[2024-05-09T05:41:03.076+0000] {logging_mixin.py:188} INFO - [2024-05-09T05:41:03.076+0000] {dag.py:3954} INFO - Setting next_dagrun for example_branch_dop_operator_v3 to 2024-05-09 05:40:00+00:00, run_after=2024-05-09 05:41:00+00:00
[2024-05-09T05:41:03.095+0000] {processor.py:183} INFO - Processing /home/airflow/.local/lib/python3.12/site-packages/airflow/example_dags/example_branch_python_dop_operator_3.py took 0.083 seconds
[2024-05-09T05:41:33.613+0000] {processor.py:161} INFO - Started process (PID=908) to work on /home/airflow/.local/lib/python3.12/site-packages/airflow/example_dags/example_branch_python_dop_operator_3.py
[2024-05-09T05:41:33.617+0000] {processor.py:830} INFO - Processing file /home/airflow/.local/lib/python3.12/site-packages/airflow/example_dags/example_branch_python_dop_operator_3.py for tasks to queue
[2024-05-09T05:41:33.620+0000] {logging_mixin.py:188} INFO - [2024-05-09T05:41:33.619+0000] {dagbag.py:545} INFO - Filling up the DagBag from /home/airflow/.local/lib/python3.12/site-packages/airflow/example_dags/example_branch_python_dop_operator_3.py
[2024-05-09T05:41:33.631+0000] {processor.py:840} INFO - DAG(s) 'example_branch_dop_operator_v3' retrieved from /home/airflow/.local/lib/python3.12/site-packages/airflow/example_dags/example_branch_python_dop_operator_3.py
[2024-05-09T05:41:33.658+0000] {logging_mixin.py:188} INFO - [2024-05-09T05:41:33.658+0000] {dag.py:3096} INFO - Sync 1 DAGs
[2024-05-09T05:41:33.707+0000] {logging_mixin.py:188} INFO - [2024-05-09T05:41:33.707+0000] {dag.py:3954} INFO - Setting next_dagrun for example_branch_dop_operator_v3 to 2024-05-09 05:40:00+00:00, run_after=2024-05-09 05:41:00+00:00
[2024-05-09T05:41:33.741+0000] {processor.py:183} INFO - Processing /home/airflow/.local/lib/python3.12/site-packages/airflow/example_dags/example_branch_python_dop_operator_3.py took 0.138 seconds
