[2024-05-09T05:37:38.984+0000] {processor.py:161} INFO - Started process (PID=311) to work on /home/airflow/.local/lib/python3.12/site-packages/airflow/example_dags/example_branch_operator.py
[2024-05-09T05:37:38.985+0000] {processor.py:830} INFO - Processing file /home/airflow/.local/lib/python3.12/site-packages/airflow/example_dags/example_branch_operator.py for tasks to queue
[2024-05-09T05:37:38.987+0000] {logging_mixin.py:188} INFO - [2024-05-09T05:37:38.986+0000] {dagbag.py:545} INFO - Filling up the DagBag from /home/airflow/.local/lib/python3.12/site-packages/airflow/example_dags/example_branch_operator.py
[2024-05-09T05:37:39.015+0000] {processor.py:840} INFO - DAG(s) 'example_branch_operator' retrieved from /home/airflow/.local/lib/python3.12/site-packages/airflow/example_dags/example_branch_operator.py
[2024-05-09T05:37:39.027+0000] {logging_mixin.py:188} INFO - [2024-05-09T05:37:39.026+0000] {dag.py:3096} INFO - Sync 1 DAGs
[2024-05-09T05:37:39.049+0000] {logging_mixin.py:188} INFO - [2024-05-09T05:37:39.049+0000] {dag.py:3954} INFO - Setting next_dagrun for example_branch_operator to 2024-05-08 00:00:00+00:00, run_after=2024-05-09 00:00:00+00:00
[2024-05-09T05:37:39.065+0000] {processor.py:183} INFO - Processing /home/airflow/.local/lib/python3.12/site-packages/airflow/example_dags/example_branch_operator.py took 0.087 seconds
[2024-05-09T05:38:09.259+0000] {processor.py:161} INFO - Started process (PID=571) to work on /home/airflow/.local/lib/python3.12/site-packages/airflow/example_dags/example_branch_operator.py
[2024-05-09T05:38:09.260+0000] {processor.py:830} INFO - Processing file /home/airflow/.local/lib/python3.12/site-packages/airflow/example_dags/example_branch_operator.py for tasks to queue
[2024-05-09T05:38:09.262+0000] {logging_mixin.py:188} INFO - [2024-05-09T05:38:09.261+0000] {dagbag.py:545} INFO - Filling up the DagBag from /home/airflow/.local/lib/python3.12/site-packages/airflow/example_dags/example_branch_operator.py
[2024-05-09T05:38:09.288+0000] {processor.py:840} INFO - DAG(s) 'example_branch_operator' retrieved from /home/airflow/.local/lib/python3.12/site-packages/airflow/example_dags/example_branch_operator.py
[2024-05-09T05:38:09.301+0000] {logging_mixin.py:188} INFO - [2024-05-09T05:38:09.301+0000] {dag.py:3096} INFO - Sync 1 DAGs
[2024-05-09T05:38:09.332+0000] {logging_mixin.py:188} INFO - [2024-05-09T05:38:09.332+0000] {dag.py:3954} INFO - Setting next_dagrun for example_branch_operator to 2024-05-08 00:00:00+00:00, run_after=2024-05-09 00:00:00+00:00
[2024-05-09T05:38:09.349+0000] {processor.py:183} INFO - Processing /home/airflow/.local/lib/python3.12/site-packages/airflow/example_dags/example_branch_operator.py took 0.097 seconds
[2024-05-09T05:38:41.696+0000] {processor.py:161} INFO - Started process (PID=835) to work on /home/airflow/.local/lib/python3.12/site-packages/airflow/example_dags/example_branch_operator.py
[2024-05-09T05:38:41.697+0000] {processor.py:830} INFO - Processing file /home/airflow/.local/lib/python3.12/site-packages/airflow/example_dags/example_branch_operator.py for tasks to queue
[2024-05-09T05:38:41.699+0000] {logging_mixin.py:188} INFO - [2024-05-09T05:38:41.699+0000] {dagbag.py:545} INFO - Filling up the DagBag from /home/airflow/.local/lib/python3.12/site-packages/airflow/example_dags/example_branch_operator.py
[2024-05-09T05:38:41.727+0000] {processor.py:840} INFO - DAG(s) 'example_branch_operator' retrieved from /home/airflow/.local/lib/python3.12/site-packages/airflow/example_dags/example_branch_operator.py
[2024-05-09T05:38:41.918+0000] {logging_mixin.py:188} INFO - [2024-05-09T05:38:41.917+0000] {dag.py:3096} INFO - Sync 1 DAGs
[2024-05-09T05:38:41.949+0000] {logging_mixin.py:188} INFO - [2024-05-09T05:38:41.949+0000] {dag.py:3954} INFO - Setting next_dagrun for example_branch_operator to 2024-05-08 00:00:00+00:00, run_after=2024-05-09 00:00:00+00:00
[2024-05-09T05:38:41.985+0000] {processor.py:183} INFO - Processing /home/airflow/.local/lib/python3.12/site-packages/airflow/example_dags/example_branch_operator.py took 0.296 seconds
[2024-05-09T05:39:12.680+0000] {processor.py:161} INFO - Started process (PID=1097) to work on /home/airflow/.local/lib/python3.12/site-packages/airflow/example_dags/example_branch_operator.py
[2024-05-09T05:39:12.681+0000] {processor.py:830} INFO - Processing file /home/airflow/.local/lib/python3.12/site-packages/airflow/example_dags/example_branch_operator.py for tasks to queue
[2024-05-09T05:39:12.683+0000] {logging_mixin.py:188} INFO - [2024-05-09T05:39:12.683+0000] {dagbag.py:545} INFO - Filling up the DagBag from /home/airflow/.local/lib/python3.12/site-packages/airflow/example_dags/example_branch_operator.py
[2024-05-09T05:39:12.699+0000] {processor.py:840} INFO - DAG(s) 'example_branch_operator' retrieved from /home/airflow/.local/lib/python3.12/site-packages/airflow/example_dags/example_branch_operator.py
[2024-05-09T05:39:12.745+0000] {logging_mixin.py:188} INFO - [2024-05-09T05:39:12.745+0000] {dag.py:3096} INFO - Sync 1 DAGs
[2024-05-09T05:39:12.782+0000] {logging_mixin.py:188} INFO - [2024-05-09T05:39:12.782+0000] {dag.py:3954} INFO - Setting next_dagrun for example_branch_operator to 2024-05-08 00:00:00+00:00, run_after=2024-05-09 00:00:00+00:00
[2024-05-09T05:39:12.810+0000] {processor.py:183} INFO - Processing /home/airflow/.local/lib/python3.12/site-packages/airflow/example_dags/example_branch_operator.py took 0.136 seconds
[2024-05-09T05:39:43.004+0000] {processor.py:161} INFO - Started process (PID=1357) to work on /home/airflow/.local/lib/python3.12/site-packages/airflow/example_dags/example_branch_operator.py
[2024-05-09T05:39:43.005+0000] {processor.py:830} INFO - Processing file /home/airflow/.local/lib/python3.12/site-packages/airflow/example_dags/example_branch_operator.py for tasks to queue
[2024-05-09T05:39:43.007+0000] {logging_mixin.py:188} INFO - [2024-05-09T05:39:43.006+0000] {dagbag.py:545} INFO - Filling up the DagBag from /home/airflow/.local/lib/python3.12/site-packages/airflow/example_dags/example_branch_operator.py
[2024-05-09T05:39:43.029+0000] {processor.py:840} INFO - DAG(s) 'example_branch_operator' retrieved from /home/airflow/.local/lib/python3.12/site-packages/airflow/example_dags/example_branch_operator.py
[2024-05-09T05:39:43.064+0000] {logging_mixin.py:188} INFO - [2024-05-09T05:39:43.063+0000] {dag.py:3096} INFO - Sync 1 DAGs
[2024-05-09T05:39:43.086+0000] {logging_mixin.py:188} INFO - [2024-05-09T05:39:43.085+0000] {dag.py:3954} INFO - Setting next_dagrun for example_branch_operator to 2024-05-08 00:00:00+00:00, run_after=2024-05-09 00:00:00+00:00
[2024-05-09T05:39:43.102+0000] {processor.py:183} INFO - Processing /home/airflow/.local/lib/python3.12/site-packages/airflow/example_dags/example_branch_operator.py took 0.103 seconds
[2024-05-09T05:40:30.468+0000] {processor.py:161} INFO - Started process (PID=311) to work on /home/airflow/.local/lib/python3.12/site-packages/airflow/example_dags/example_branch_operator.py
[2024-05-09T05:40:30.469+0000] {processor.py:830} INFO - Processing file /home/airflow/.local/lib/python3.12/site-packages/airflow/example_dags/example_branch_operator.py for tasks to queue
[2024-05-09T05:40:30.471+0000] {logging_mixin.py:188} INFO - [2024-05-09T05:40:30.471+0000] {dagbag.py:545} INFO - Filling up the DagBag from /home/airflow/.local/lib/python3.12/site-packages/airflow/example_dags/example_branch_operator.py
[2024-05-09T05:40:30.494+0000] {processor.py:840} INFO - DAG(s) 'example_branch_operator' retrieved from /home/airflow/.local/lib/python3.12/site-packages/airflow/example_dags/example_branch_operator.py
[2024-05-09T05:40:30.613+0000] {logging_mixin.py:188} INFO - [2024-05-09T05:40:30.613+0000] {dag.py:3096} INFO - Sync 1 DAGs
[2024-05-09T05:40:30.636+0000] {logging_mixin.py:188} INFO - [2024-05-09T05:40:30.636+0000] {dag.py:3954} INFO - Setting next_dagrun for example_branch_operator to 2024-05-08 00:00:00+00:00, run_after=2024-05-09 00:00:00+00:00
[2024-05-09T05:40:30.655+0000] {processor.py:183} INFO - Processing /home/airflow/.local/lib/python3.12/site-packages/airflow/example_dags/example_branch_operator.py took 0.195 seconds
[2024-05-09T05:41:00.754+0000] {processor.py:161} INFO - Started process (PID=576) to work on /home/airflow/.local/lib/python3.12/site-packages/airflow/example_dags/example_branch_operator.py
[2024-05-09T05:41:00.755+0000] {processor.py:830} INFO - Processing file /home/airflow/.local/lib/python3.12/site-packages/airflow/example_dags/example_branch_operator.py for tasks to queue
[2024-05-09T05:41:00.758+0000] {logging_mixin.py:188} INFO - [2024-05-09T05:41:00.757+0000] {dagbag.py:545} INFO - Filling up the DagBag from /home/airflow/.local/lib/python3.12/site-packages/airflow/example_dags/example_branch_operator.py
[2024-05-09T05:41:00.778+0000] {processor.py:840} INFO - DAG(s) 'example_branch_operator' retrieved from /home/airflow/.local/lib/python3.12/site-packages/airflow/example_dags/example_branch_operator.py
[2024-05-09T05:41:00.809+0000] {logging_mixin.py:188} INFO - [2024-05-09T05:41:00.809+0000] {dag.py:3096} INFO - Sync 1 DAGs
[2024-05-09T05:41:00.832+0000] {logging_mixin.py:188} INFO - [2024-05-09T05:41:00.831+0000] {dag.py:3954} INFO - Setting next_dagrun for example_branch_operator to 2024-05-08 00:00:00+00:00, run_after=2024-05-09 00:00:00+00:00
[2024-05-09T05:41:00.861+0000] {processor.py:183} INFO - Processing /home/airflow/.local/lib/python3.12/site-packages/airflow/example_dags/example_branch_operator.py took 0.112 seconds
[2024-05-09T05:41:31.340+0000] {processor.py:161} INFO - Started process (PID=840) to work on /home/airflow/.local/lib/python3.12/site-packages/airflow/example_dags/example_branch_operator.py
[2024-05-09T05:41:31.341+0000] {processor.py:830} INFO - Processing file /home/airflow/.local/lib/python3.12/site-packages/airflow/example_dags/example_branch_operator.py for tasks to queue
[2024-05-09T05:41:31.343+0000] {logging_mixin.py:188} INFO - [2024-05-09T05:41:31.343+0000] {dagbag.py:545} INFO - Filling up the DagBag from /home/airflow/.local/lib/python3.12/site-packages/airflow/example_dags/example_branch_operator.py
[2024-05-09T05:41:31.367+0000] {processor.py:840} INFO - DAG(s) 'example_branch_operator' retrieved from /home/airflow/.local/lib/python3.12/site-packages/airflow/example_dags/example_branch_operator.py
[2024-05-09T05:41:31.411+0000] {logging_mixin.py:188} INFO - [2024-05-09T05:41:31.411+0000] {dag.py:3096} INFO - Sync 1 DAGs
[2024-05-09T05:41:31.447+0000] {logging_mixin.py:188} INFO - [2024-05-09T05:41:31.447+0000] {dag.py:3954} INFO - Setting next_dagrun for example_branch_operator to 2024-05-08 00:00:00+00:00, run_after=2024-05-09 00:00:00+00:00
[2024-05-09T05:41:31.478+0000] {processor.py:183} INFO - Processing /home/airflow/.local/lib/python3.12/site-packages/airflow/example_dags/example_branch_operator.py took 0.145 seconds
