[2024-05-09T05:37:39.179+0000] {processor.py:161} INFO - Started process (PID=329) to work on /home/airflow/.local/lib/python3.12/site-packages/airflow/example_dags/example_sensors.py
[2024-05-09T05:37:39.180+0000] {processor.py:830} INFO - Processing file /home/airflow/.local/lib/python3.12/site-packages/airflow/example_dags/example_sensors.py for tasks to queue
[2024-05-09T05:37:39.182+0000] {logging_mixin.py:188} INFO - [2024-05-09T05:37:39.181+0000] {dagbag.py:545} INFO - Filling up the DagBag from /home/airflow/.local/lib/python3.12/site-packages/airflow/example_dags/example_sensors.py
[2024-05-09T05:37:39.198+0000] {processor.py:840} INFO - DAG(s) 'example_sensors' retrieved from /home/airflow/.local/lib/python3.12/site-packages/airflow/example_dags/example_sensors.py
[2024-05-09T05:37:39.211+0000] {logging_mixin.py:188} INFO - [2024-05-09T05:37:39.211+0000] {dag.py:3096} INFO - Sync 1 DAGs
[2024-05-09T05:37:39.228+0000] {logging_mixin.py:188} INFO - [2024-05-09T05:37:39.228+0000] {dag.py:3954} INFO - Setting next_dagrun for example_sensors to None, run_after=None
[2024-05-09T05:37:39.247+0000] {processor.py:183} INFO - Processing /home/airflow/.local/lib/python3.12/site-packages/airflow/example_dags/example_sensors.py took 0.073 seconds
[2024-05-09T05:38:09.475+0000] {processor.py:161} INFO - Started process (PID=591) to work on /home/airflow/.local/lib/python3.12/site-packages/airflow/example_dags/example_sensors.py
[2024-05-09T05:38:09.476+0000] {processor.py:830} INFO - Processing file /home/airflow/.local/lib/python3.12/site-packages/airflow/example_dags/example_sensors.py for tasks to queue
[2024-05-09T05:38:09.478+0000] {logging_mixin.py:188} INFO - [2024-05-09T05:38:09.478+0000] {dagbag.py:545} INFO - Filling up the DagBag from /home/airflow/.local/lib/python3.12/site-packages/airflow/example_dags/example_sensors.py
[2024-05-09T05:38:09.492+0000] {processor.py:840} INFO - DAG(s) 'example_sensors' retrieved from /home/airflow/.local/lib/python3.12/site-packages/airflow/example_dags/example_sensors.py
[2024-05-09T05:38:09.506+0000] {logging_mixin.py:188} INFO - [2024-05-09T05:38:09.506+0000] {dag.py:3096} INFO - Sync 1 DAGs
[2024-05-09T05:38:09.528+0000] {logging_mixin.py:188} INFO - [2024-05-09T05:38:09.528+0000] {dag.py:3954} INFO - Setting next_dagrun for example_sensors to None, run_after=None
[2024-05-09T05:38:09.551+0000] {processor.py:183} INFO - Processing /home/airflow/.local/lib/python3.12/site-packages/airflow/example_dags/example_sensors.py took 0.085 seconds
[2024-05-09T05:38:42.331+0000] {processor.py:161} INFO - Started process (PID=853) to work on /home/airflow/.local/lib/python3.12/site-packages/airflow/example_dags/example_sensors.py
[2024-05-09T05:38:42.332+0000] {processor.py:830} INFO - Processing file /home/airflow/.local/lib/python3.12/site-packages/airflow/example_dags/example_sensors.py for tasks to queue
[2024-05-09T05:38:42.334+0000] {logging_mixin.py:188} INFO - [2024-05-09T05:38:42.333+0000] {dagbag.py:545} INFO - Filling up the DagBag from /home/airflow/.local/lib/python3.12/site-packages/airflow/example_dags/example_sensors.py
[2024-05-09T05:38:42.343+0000] {processor.py:840} INFO - DAG(s) 'example_sensors' retrieved from /home/airflow/.local/lib/python3.12/site-packages/airflow/example_dags/example_sensors.py
[2024-05-09T05:38:42.473+0000] {logging_mixin.py:188} INFO - [2024-05-09T05:38:42.472+0000] {dag.py:3096} INFO - Sync 1 DAGs
[2024-05-09T05:38:42.492+0000] {logging_mixin.py:188} INFO - [2024-05-09T05:38:42.491+0000] {dag.py:3954} INFO - Setting next_dagrun for example_sensors to None, run_after=None
[2024-05-09T05:38:42.525+0000] {processor.py:183} INFO - Processing /home/airflow/.local/lib/python3.12/site-packages/airflow/example_dags/example_sensors.py took 0.200 seconds
[2024-05-09T05:39:12.948+0000] {processor.py:161} INFO - Started process (PID=1115) to work on /home/airflow/.local/lib/python3.12/site-packages/airflow/example_dags/example_sensors.py
[2024-05-09T05:39:12.952+0000] {processor.py:830} INFO - Processing file /home/airflow/.local/lib/python3.12/site-packages/airflow/example_dags/example_sensors.py for tasks to queue
[2024-05-09T05:39:12.955+0000] {logging_mixin.py:188} INFO - [2024-05-09T05:39:12.955+0000] {dagbag.py:545} INFO - Filling up the DagBag from /home/airflow/.local/lib/python3.12/site-packages/airflow/example_dags/example_sensors.py
[2024-05-09T05:39:12.972+0000] {processor.py:840} INFO - DAG(s) 'example_sensors' retrieved from /home/airflow/.local/lib/python3.12/site-packages/airflow/example_dags/example_sensors.py
[2024-05-09T05:39:13.016+0000] {logging_mixin.py:188} INFO - [2024-05-09T05:39:13.015+0000] {dag.py:3096} INFO - Sync 1 DAGs
[2024-05-09T05:39:13.037+0000] {logging_mixin.py:188} INFO - [2024-05-09T05:39:13.037+0000] {dag.py:3954} INFO - Setting next_dagrun for example_sensors to None, run_after=None
[2024-05-09T05:39:13.067+0000] {processor.py:183} INFO - Processing /home/airflow/.local/lib/python3.12/site-packages/airflow/example_dags/example_sensors.py took 0.132 seconds
[2024-05-09T05:39:43.213+0000] {processor.py:161} INFO - Started process (PID=1377) to work on /home/airflow/.local/lib/python3.12/site-packages/airflow/example_dags/example_sensors.py
[2024-05-09T05:39:43.214+0000] {processor.py:830} INFO - Processing file /home/airflow/.local/lib/python3.12/site-packages/airflow/example_dags/example_sensors.py for tasks to queue
[2024-05-09T05:39:43.215+0000] {logging_mixin.py:188} INFO - [2024-05-09T05:39:43.215+0000] {dagbag.py:545} INFO - Filling up the DagBag from /home/airflow/.local/lib/python3.12/site-packages/airflow/example_dags/example_sensors.py
[2024-05-09T05:39:43.224+0000] {processor.py:840} INFO - DAG(s) 'example_sensors' retrieved from /home/airflow/.local/lib/python3.12/site-packages/airflow/example_dags/example_sensors.py
[2024-05-09T05:39:43.250+0000] {logging_mixin.py:188} INFO - [2024-05-09T05:39:43.250+0000] {dag.py:3096} INFO - Sync 1 DAGs
[2024-05-09T05:39:43.262+0000] {logging_mixin.py:188} INFO - [2024-05-09T05:39:43.262+0000] {dag.py:3954} INFO - Setting next_dagrun for example_sensors to None, run_after=None
[2024-05-09T05:39:43.286+0000] {processor.py:183} INFO - Processing /home/airflow/.local/lib/python3.12/site-packages/airflow/example_dags/example_sensors.py took 0.078 seconds
[2024-05-09T05:40:30.852+0000] {processor.py:161} INFO - Started process (PID=329) to work on /home/airflow/.local/lib/python3.12/site-packages/airflow/example_dags/example_sensors.py
[2024-05-09T05:40:30.853+0000] {processor.py:830} INFO - Processing file /home/airflow/.local/lib/python3.12/site-packages/airflow/example_dags/example_sensors.py for tasks to queue
[2024-05-09T05:40:30.855+0000] {logging_mixin.py:188} INFO - [2024-05-09T05:40:30.855+0000] {dagbag.py:545} INFO - Filling up the DagBag from /home/airflow/.local/lib/python3.12/site-packages/airflow/example_dags/example_sensors.py
[2024-05-09T05:40:30.871+0000] {processor.py:840} INFO - DAG(s) 'example_sensors' retrieved from /home/airflow/.local/lib/python3.12/site-packages/airflow/example_dags/example_sensors.py
[2024-05-09T05:40:30.978+0000] {logging_mixin.py:188} INFO - [2024-05-09T05:40:30.977+0000] {dag.py:3096} INFO - Sync 1 DAGs
[2024-05-09T05:40:30.988+0000] {logging_mixin.py:188} INFO - [2024-05-09T05:40:30.988+0000] {dag.py:3954} INFO - Setting next_dagrun for example_sensors to None, run_after=None
[2024-05-09T05:40:31.011+0000] {processor.py:183} INFO - Processing /home/airflow/.local/lib/python3.12/site-packages/airflow/example_dags/example_sensors.py took 0.166 seconds
[2024-05-09T05:41:02.039+0000] {processor.py:161} INFO - Started process (PID=593) to work on /home/airflow/.local/lib/python3.12/site-packages/airflow/example_dags/example_sensors.py
[2024-05-09T05:41:02.041+0000] {processor.py:830} INFO - Processing file /home/airflow/.local/lib/python3.12/site-packages/airflow/example_dags/example_sensors.py for tasks to queue
[2024-05-09T05:41:02.044+0000] {logging_mixin.py:188} INFO - [2024-05-09T05:41:02.043+0000] {dagbag.py:545} INFO - Filling up the DagBag from /home/airflow/.local/lib/python3.12/site-packages/airflow/example_dags/example_sensors.py
[2024-05-09T05:41:02.064+0000] {processor.py:840} INFO - DAG(s) 'example_sensors' retrieved from /home/airflow/.local/lib/python3.12/site-packages/airflow/example_dags/example_sensors.py
[2024-05-09T05:41:02.110+0000] {logging_mixin.py:188} INFO - [2024-05-09T05:41:02.110+0000] {dag.py:3096} INFO - Sync 1 DAGs
[2024-05-09T05:41:02.131+0000] {logging_mixin.py:188} INFO - [2024-05-09T05:41:02.130+0000] {dag.py:3954} INFO - Setting next_dagrun for example_sensors to None, run_after=None
[2024-05-09T05:41:02.160+0000] {processor.py:183} INFO - Processing /home/airflow/.local/lib/python3.12/site-packages/airflow/example_dags/example_sensors.py took 0.133 seconds
[2024-05-09T05:41:32.523+0000] {processor.py:161} INFO - Started process (PID=855) to work on /home/airflow/.local/lib/python3.12/site-packages/airflow/example_dags/example_sensors.py
[2024-05-09T05:41:32.528+0000] {processor.py:830} INFO - Processing file /home/airflow/.local/lib/python3.12/site-packages/airflow/example_dags/example_sensors.py for tasks to queue
[2024-05-09T05:41:32.533+0000] {logging_mixin.py:188} INFO - [2024-05-09T05:41:32.532+0000] {dagbag.py:545} INFO - Filling up the DagBag from /home/airflow/.local/lib/python3.12/site-packages/airflow/example_dags/example_sensors.py
[2024-05-09T05:41:32.548+0000] {processor.py:840} INFO - DAG(s) 'example_sensors' retrieved from /home/airflow/.local/lib/python3.12/site-packages/airflow/example_dags/example_sensors.py
[2024-05-09T05:41:32.601+0000] {logging_mixin.py:188} INFO - [2024-05-09T05:41:32.601+0000] {dag.py:3096} INFO - Sync 1 DAGs
[2024-05-09T05:41:32.623+0000] {logging_mixin.py:188} INFO - [2024-05-09T05:41:32.623+0000] {dag.py:3954} INFO - Setting next_dagrun for example_sensors to None, run_after=None
[2024-05-09T05:41:32.658+0000] {processor.py:183} INFO - Processing /home/airflow/.local/lib/python3.12/site-packages/airflow/example_dags/example_sensors.py took 0.143 seconds
