[2024-05-09T05:37:37.536+0000] {processor.py:161} INFO - Started process (PID=199) to work on /home/airflow/.local/lib/python3.12/site-packages/airflow/example_dags/example_setup_teardown.py
[2024-05-09T05:37:37.537+0000] {processor.py:830} INFO - Processing file /home/airflow/.local/lib/python3.12/site-packages/airflow/example_dags/example_setup_teardown.py for tasks to queue
[2024-05-09T05:37:37.538+0000] {logging_mixin.py:188} INFO - [2024-05-09T05:37:37.538+0000] {dagbag.py:545} INFO - Filling up the DagBag from /home/airflow/.local/lib/python3.12/site-packages/airflow/example_dags/example_setup_teardown.py
[2024-05-09T05:37:37.550+0000] {processor.py:840} INFO - DAG(s) 'example_setup_teardown' retrieved from /home/airflow/.local/lib/python3.12/site-packages/airflow/example_dags/example_setup_teardown.py
[2024-05-09T05:37:37.562+0000] {logging_mixin.py:188} INFO - [2024-05-09T05:37:37.562+0000] {dag.py:3096} INFO - Sync 1 DAGs
[2024-05-09T05:37:37.589+0000] {logging_mixin.py:188} INFO - [2024-05-09T05:37:37.589+0000] {dag.py:3954} INFO - Setting next_dagrun for example_setup_teardown to 2024-05-08 00:00:00+00:00, run_after=2024-05-09 00:00:00+00:00
[2024-05-09T05:37:37.607+0000] {processor.py:183} INFO - Processing /home/airflow/.local/lib/python3.12/site-packages/airflow/example_dags/example_setup_teardown.py took 0.076 seconds
[2024-05-09T05:38:07.738+0000] {processor.py:161} INFO - Started process (PID=461) to work on /home/airflow/.local/lib/python3.12/site-packages/airflow/example_dags/example_setup_teardown.py
[2024-05-09T05:38:07.739+0000] {processor.py:830} INFO - Processing file /home/airflow/.local/lib/python3.12/site-packages/airflow/example_dags/example_setup_teardown.py for tasks to queue
[2024-05-09T05:38:07.742+0000] {logging_mixin.py:188} INFO - [2024-05-09T05:38:07.741+0000] {dagbag.py:545} INFO - Filling up the DagBag from /home/airflow/.local/lib/python3.12/site-packages/airflow/example_dags/example_setup_teardown.py
[2024-05-09T05:38:07.749+0000] {processor.py:840} INFO - DAG(s) 'example_setup_teardown' retrieved from /home/airflow/.local/lib/python3.12/site-packages/airflow/example_dags/example_setup_teardown.py
[2024-05-09T05:38:07.765+0000] {logging_mixin.py:188} INFO - [2024-05-09T05:38:07.765+0000] {dag.py:3096} INFO - Sync 1 DAGs
[2024-05-09T05:38:07.798+0000] {logging_mixin.py:188} INFO - [2024-05-09T05:38:07.798+0000] {dag.py:3954} INFO - Setting next_dagrun for example_setup_teardown to 2024-05-08 00:00:00+00:00, run_after=2024-05-09 00:00:00+00:00
[2024-05-09T05:38:07.820+0000] {processor.py:183} INFO - Processing /home/airflow/.local/lib/python3.12/site-packages/airflow/example_dags/example_setup_teardown.py took 0.090 seconds
[2024-05-09T05:38:38.774+0000] {processor.py:161} INFO - Started process (PID=725) to work on /home/airflow/.local/lib/python3.12/site-packages/airflow/example_dags/example_setup_teardown.py
[2024-05-09T05:38:38.774+0000] {processor.py:830} INFO - Processing file /home/airflow/.local/lib/python3.12/site-packages/airflow/example_dags/example_setup_teardown.py for tasks to queue
[2024-05-09T05:38:38.777+0000] {logging_mixin.py:188} INFO - [2024-05-09T05:38:38.776+0000] {dagbag.py:545} INFO - Filling up the DagBag from /home/airflow/.local/lib/python3.12/site-packages/airflow/example_dags/example_setup_teardown.py
[2024-05-09T05:38:38.784+0000] {processor.py:840} INFO - DAG(s) 'example_setup_teardown' retrieved from /home/airflow/.local/lib/python3.12/site-packages/airflow/example_dags/example_setup_teardown.py
[2024-05-09T05:38:38.899+0000] {logging_mixin.py:188} INFO - [2024-05-09T05:38:38.898+0000] {dag.py:3096} INFO - Sync 1 DAGs
[2024-05-09T05:38:38.919+0000] {logging_mixin.py:188} INFO - [2024-05-09T05:38:38.919+0000] {dag.py:3954} INFO - Setting next_dagrun for example_setup_teardown to 2024-05-08 00:00:00+00:00, run_after=2024-05-09 00:00:00+00:00
[2024-05-09T05:38:38.943+0000] {processor.py:183} INFO - Processing /home/airflow/.local/lib/python3.12/site-packages/airflow/example_dags/example_setup_teardown.py took 0.175 seconds
[2024-05-09T05:39:08.986+0000] {processor.py:161} INFO - Started process (PID=985) to work on /home/airflow/.local/lib/python3.12/site-packages/airflow/example_dags/example_setup_teardown.py
[2024-05-09T05:39:08.987+0000] {processor.py:830} INFO - Processing file /home/airflow/.local/lib/python3.12/site-packages/airflow/example_dags/example_setup_teardown.py for tasks to queue
[2024-05-09T05:39:08.989+0000] {logging_mixin.py:188} INFO - [2024-05-09T05:39:08.989+0000] {dagbag.py:545} INFO - Filling up the DagBag from /home/airflow/.local/lib/python3.12/site-packages/airflow/example_dags/example_setup_teardown.py
[2024-05-09T05:39:08.998+0000] {processor.py:840} INFO - DAG(s) 'example_setup_teardown' retrieved from /home/airflow/.local/lib/python3.12/site-packages/airflow/example_dags/example_setup_teardown.py
[2024-05-09T05:39:09.026+0000] {logging_mixin.py:188} INFO - [2024-05-09T05:39:09.026+0000] {dag.py:3096} INFO - Sync 1 DAGs
[2024-05-09T05:39:09.052+0000] {logging_mixin.py:188} INFO - [2024-05-09T05:39:09.051+0000] {dag.py:3954} INFO - Setting next_dagrun for example_setup_teardown to 2024-05-08 00:00:00+00:00, run_after=2024-05-09 00:00:00+00:00
[2024-05-09T05:39:09.078+0000] {processor.py:183} INFO - Processing /home/airflow/.local/lib/python3.12/site-packages/airflow/example_dags/example_setup_teardown.py took 0.100 seconds
[2024-05-09T05:39:39.712+0000] {processor.py:161} INFO - Started process (PID=1247) to work on /home/airflow/.local/lib/python3.12/site-packages/airflow/example_dags/example_setup_teardown.py
[2024-05-09T05:39:39.713+0000] {processor.py:830} INFO - Processing file /home/airflow/.local/lib/python3.12/site-packages/airflow/example_dags/example_setup_teardown.py for tasks to queue
[2024-05-09T05:39:39.714+0000] {logging_mixin.py:188} INFO - [2024-05-09T05:39:39.714+0000] {dagbag.py:545} INFO - Filling up the DagBag from /home/airflow/.local/lib/python3.12/site-packages/airflow/example_dags/example_setup_teardown.py
[2024-05-09T05:39:39.720+0000] {processor.py:840} INFO - DAG(s) 'example_setup_teardown' retrieved from /home/airflow/.local/lib/python3.12/site-packages/airflow/example_dags/example_setup_teardown.py
[2024-05-09T05:39:39.742+0000] {logging_mixin.py:188} INFO - [2024-05-09T05:39:39.741+0000] {dag.py:3096} INFO - Sync 1 DAGs
[2024-05-09T05:39:39.764+0000] {logging_mixin.py:188} INFO - [2024-05-09T05:39:39.764+0000] {dag.py:3954} INFO - Setting next_dagrun for example_setup_teardown to 2024-05-08 00:00:00+00:00, run_after=2024-05-09 00:00:00+00:00
[2024-05-09T05:39:39.781+0000] {processor.py:183} INFO - Processing /home/airflow/.local/lib/python3.12/site-packages/airflow/example_dags/example_setup_teardown.py took 0.075 seconds
[2024-05-09T05:40:27.612+0000] {processor.py:161} INFO - Started process (PID=201) to work on /home/airflow/.local/lib/python3.12/site-packages/airflow/example_dags/example_setup_teardown.py
[2024-05-09T05:40:27.613+0000] {processor.py:830} INFO - Processing file /home/airflow/.local/lib/python3.12/site-packages/airflow/example_dags/example_setup_teardown.py for tasks to queue
[2024-05-09T05:40:27.614+0000] {logging_mixin.py:188} INFO - [2024-05-09T05:40:27.614+0000] {dagbag.py:545} INFO - Filling up the DagBag from /home/airflow/.local/lib/python3.12/site-packages/airflow/example_dags/example_setup_teardown.py
[2024-05-09T05:40:27.623+0000] {processor.py:840} INFO - DAG(s) 'example_setup_teardown' retrieved from /home/airflow/.local/lib/python3.12/site-packages/airflow/example_dags/example_setup_teardown.py
[2024-05-09T05:40:27.846+0000] {logging_mixin.py:188} INFO - [2024-05-09T05:40:27.846+0000] {dag.py:3096} INFO - Sync 1 DAGs
[2024-05-09T05:40:27.866+0000] {logging_mixin.py:188} INFO - [2024-05-09T05:40:27.866+0000] {dag.py:3954} INFO - Setting next_dagrun for example_setup_teardown to 2024-05-08 00:00:00+00:00, run_after=2024-05-09 00:00:00+00:00
[2024-05-09T05:40:27.886+0000] {processor.py:183} INFO - Processing /home/airflow/.local/lib/python3.12/site-packages/airflow/example_dags/example_setup_teardown.py took 0.280 seconds
[2024-05-09T05:40:58.302+0000] {processor.py:161} INFO - Started process (PID=461) to work on /home/airflow/.local/lib/python3.12/site-packages/airflow/example_dags/example_setup_teardown.py
[2024-05-09T05:40:58.303+0000] {processor.py:830} INFO - Processing file /home/airflow/.local/lib/python3.12/site-packages/airflow/example_dags/example_setup_teardown.py for tasks to queue
[2024-05-09T05:40:58.305+0000] {logging_mixin.py:188} INFO - [2024-05-09T05:40:58.304+0000] {dagbag.py:545} INFO - Filling up the DagBag from /home/airflow/.local/lib/python3.12/site-packages/airflow/example_dags/example_setup_teardown.py
[2024-05-09T05:40:58.311+0000] {processor.py:840} INFO - DAG(s) 'example_setup_teardown' retrieved from /home/airflow/.local/lib/python3.12/site-packages/airflow/example_dags/example_setup_teardown.py
[2024-05-09T05:40:58.332+0000] {logging_mixin.py:188} INFO - [2024-05-09T05:40:58.332+0000] {dag.py:3096} INFO - Sync 1 DAGs
[2024-05-09T05:40:58.353+0000] {logging_mixin.py:188} INFO - [2024-05-09T05:40:58.352+0000] {dag.py:3954} INFO - Setting next_dagrun for example_setup_teardown to 2024-05-08 00:00:00+00:00, run_after=2024-05-09 00:00:00+00:00
[2024-05-09T05:40:58.368+0000] {processor.py:183} INFO - Processing /home/airflow/.local/lib/python3.12/site-packages/airflow/example_dags/example_setup_teardown.py took 0.071 seconds
[2024-05-09T05:41:29.281+0000] {processor.py:161} INFO - Started process (PID=723) to work on /home/airflow/.local/lib/python3.12/site-packages/airflow/example_dags/example_setup_teardown.py
[2024-05-09T05:41:29.286+0000] {processor.py:830} INFO - Processing file /home/airflow/.local/lib/python3.12/site-packages/airflow/example_dags/example_setup_teardown.py for tasks to queue
[2024-05-09T05:41:29.290+0000] {logging_mixin.py:188} INFO - [2024-05-09T05:41:29.289+0000] {dagbag.py:545} INFO - Filling up the DagBag from /home/airflow/.local/lib/python3.12/site-packages/airflow/example_dags/example_setup_teardown.py
[2024-05-09T05:41:29.308+0000] {processor.py:840} INFO - DAG(s) 'example_setup_teardown' retrieved from /home/airflow/.local/lib/python3.12/site-packages/airflow/example_dags/example_setup_teardown.py
[2024-05-09T05:41:29.367+0000] {logging_mixin.py:188} INFO - [2024-05-09T05:41:29.366+0000] {dag.py:3096} INFO - Sync 1 DAGs
[2024-05-09T05:41:29.435+0000] {logging_mixin.py:188} INFO - [2024-05-09T05:41:29.435+0000] {dag.py:3954} INFO - Setting next_dagrun for example_setup_teardown to 2024-05-08 00:00:00+00:00, run_after=2024-05-09 00:00:00+00:00
[2024-05-09T05:41:29.474+0000] {processor.py:183} INFO - Processing /home/airflow/.local/lib/python3.12/site-packages/airflow/example_dags/example_setup_teardown.py took 0.209 seconds
[2024-05-09T05:42:00.375+0000] {processor.py:161} INFO - Started process (PID=985) to work on /home/airflow/.local/lib/python3.12/site-packages/airflow/example_dags/example_setup_teardown.py
[2024-05-09T05:42:00.376+0000] {processor.py:830} INFO - Processing file /home/airflow/.local/lib/python3.12/site-packages/airflow/example_dags/example_setup_teardown.py for tasks to queue
[2024-05-09T05:42:00.378+0000] {logging_mixin.py:188} INFO - [2024-05-09T05:42:00.378+0000] {dagbag.py:545} INFO - Filling up the DagBag from /home/airflow/.local/lib/python3.12/site-packages/airflow/example_dags/example_setup_teardown.py
[2024-05-09T05:42:00.389+0000] {processor.py:840} INFO - DAG(s) 'example_setup_teardown' retrieved from /home/airflow/.local/lib/python3.12/site-packages/airflow/example_dags/example_setup_teardown.py
[2024-05-09T05:42:00.417+0000] {logging_mixin.py:188} INFO - [2024-05-09T05:42:00.417+0000] {dag.py:3096} INFO - Sync 1 DAGs
[2024-05-09T05:42:00.443+0000] {logging_mixin.py:188} INFO - [2024-05-09T05:42:00.442+0000] {dag.py:3954} INFO - Setting next_dagrun for example_setup_teardown to 2024-05-08 00:00:00+00:00, run_after=2024-05-09 00:00:00+00:00
[2024-05-09T05:42:00.462+0000] {processor.py:183} INFO - Processing /home/airflow/.local/lib/python3.12/site-packages/airflow/example_dags/example_setup_teardown.py took 0.095 seconds
