[2024-05-09T05:37:37.276+0000] {processor.py:161} INFO - Started process (PID=176) to work on /home/airflow/.local/lib/python3.12/site-packages/airflow/example_dags/example_bash_operator.py
[2024-05-09T05:37:37.276+0000] {processor.py:830} INFO - Processing file /home/airflow/.local/lib/python3.12/site-packages/airflow/example_dags/example_bash_operator.py for tasks to queue
[2024-05-09T05:37:37.277+0000] {logging_mixin.py:188} INFO - [2024-05-09T05:37:37.277+0000] {dagbag.py:545} INFO - Filling up the DagBag from /home/airflow/.local/lib/python3.12/site-packages/airflow/example_dags/example_bash_operator.py
[2024-05-09T05:37:37.290+0000] {processor.py:840} INFO - DAG(s) 'example_bash_operator' retrieved from /home/airflow/.local/lib/python3.12/site-packages/airflow/example_dags/example_bash_operator.py
[2024-05-09T05:37:37.300+0000] {logging_mixin.py:188} INFO - [2024-05-09T05:37:37.300+0000] {dag.py:3096} INFO - Sync 1 DAGs
[2024-05-09T05:37:37.322+0000] {logging_mixin.py:188} INFO - [2024-05-09T05:37:37.322+0000] {dag.py:3954} INFO - Setting next_dagrun for example_bash_operator to 2024-05-08 00:00:00+00:00, run_after=2024-05-09 00:00:00+00:00
[2024-05-09T05:37:37.345+0000] {processor.py:183} INFO - Processing /home/airflow/.local/lib/python3.12/site-packages/airflow/example_dags/example_bash_operator.py took 0.075 seconds
[2024-05-09T05:38:07.454+0000] {processor.py:161} INFO - Started process (PID=438) to work on /home/airflow/.local/lib/python3.12/site-packages/airflow/example_dags/example_bash_operator.py
[2024-05-09T05:38:07.455+0000] {processor.py:830} INFO - Processing file /home/airflow/.local/lib/python3.12/site-packages/airflow/example_dags/example_bash_operator.py for tasks to queue
[2024-05-09T05:38:07.458+0000] {logging_mixin.py:188} INFO - [2024-05-09T05:38:07.457+0000] {dagbag.py:545} INFO - Filling up the DagBag from /home/airflow/.local/lib/python3.12/site-packages/airflow/example_dags/example_bash_operator.py
[2024-05-09T05:38:07.475+0000] {processor.py:840} INFO - DAG(s) 'example_bash_operator' retrieved from /home/airflow/.local/lib/python3.12/site-packages/airflow/example_dags/example_bash_operator.py
[2024-05-09T05:38:07.491+0000] {logging_mixin.py:188} INFO - [2024-05-09T05:38:07.491+0000] {dag.py:3096} INFO - Sync 1 DAGs
[2024-05-09T05:38:07.526+0000] {logging_mixin.py:188} INFO - [2024-05-09T05:38:07.526+0000] {dag.py:3954} INFO - Setting next_dagrun for example_bash_operator to 2024-05-08 00:00:00+00:00, run_after=2024-05-09 00:00:00+00:00
[2024-05-09T05:38:07.556+0000] {processor.py:183} INFO - Processing /home/airflow/.local/lib/python3.12/site-packages/airflow/example_dags/example_bash_operator.py took 0.111 seconds
[2024-05-09T05:38:38.087+0000] {processor.py:161} INFO - Started process (PID=700) to work on /home/airflow/.local/lib/python3.12/site-packages/airflow/example_dags/example_bash_operator.py
[2024-05-09T05:38:38.088+0000] {processor.py:830} INFO - Processing file /home/airflow/.local/lib/python3.12/site-packages/airflow/example_dags/example_bash_operator.py for tasks to queue
[2024-05-09T05:38:38.089+0000] {logging_mixin.py:188} INFO - [2024-05-09T05:38:38.089+0000] {dagbag.py:545} INFO - Filling up the DagBag from /home/airflow/.local/lib/python3.12/site-packages/airflow/example_dags/example_bash_operator.py
[2024-05-09T05:38:38.100+0000] {processor.py:840} INFO - DAG(s) 'example_bash_operator' retrieved from /home/airflow/.local/lib/python3.12/site-packages/airflow/example_dags/example_bash_operator.py
[2024-05-09T05:38:38.234+0000] {logging_mixin.py:188} INFO - [2024-05-09T05:38:38.234+0000] {dag.py:3096} INFO - Sync 1 DAGs
[2024-05-09T05:38:38.262+0000] {logging_mixin.py:188} INFO - [2024-05-09T05:38:38.262+0000] {dag.py:3954} INFO - Setting next_dagrun for example_bash_operator to 2024-05-08 00:00:00+00:00, run_after=2024-05-09 00:00:00+00:00
[2024-05-09T05:38:38.290+0000] {processor.py:183} INFO - Processing /home/airflow/.local/lib/python3.12/site-packages/airflow/example_dags/example_bash_operator.py took 0.208 seconds
[2024-05-09T05:39:08.648+0000] {processor.py:161} INFO - Started process (PID=960) to work on /home/airflow/.local/lib/python3.12/site-packages/airflow/example_dags/example_bash_operator.py
[2024-05-09T05:39:08.649+0000] {processor.py:830} INFO - Processing file /home/airflow/.local/lib/python3.12/site-packages/airflow/example_dags/example_bash_operator.py for tasks to queue
[2024-05-09T05:39:08.651+0000] {logging_mixin.py:188} INFO - [2024-05-09T05:39:08.651+0000] {dagbag.py:545} INFO - Filling up the DagBag from /home/airflow/.local/lib/python3.12/site-packages/airflow/example_dags/example_bash_operator.py
[2024-05-09T05:39:08.669+0000] {processor.py:840} INFO - DAG(s) 'example_bash_operator' retrieved from /home/airflow/.local/lib/python3.12/site-packages/airflow/example_dags/example_bash_operator.py
[2024-05-09T05:39:08.710+0000] {logging_mixin.py:188} INFO - [2024-05-09T05:39:08.709+0000] {dag.py:3096} INFO - Sync 1 DAGs
[2024-05-09T05:39:08.747+0000] {logging_mixin.py:188} INFO - [2024-05-09T05:39:08.747+0000] {dag.py:3954} INFO - Setting next_dagrun for example_bash_operator to 2024-05-08 00:00:00+00:00, run_after=2024-05-09 00:00:00+00:00
[2024-05-09T05:39:08.772+0000] {processor.py:183} INFO - Processing /home/airflow/.local/lib/python3.12/site-packages/airflow/example_dags/example_bash_operator.py took 0.133 seconds
[2024-05-09T05:39:39.450+0000] {processor.py:161} INFO - Started process (PID=1222) to work on /home/airflow/.local/lib/python3.12/site-packages/airflow/example_dags/example_bash_operator.py
[2024-05-09T05:39:39.451+0000] {processor.py:830} INFO - Processing file /home/airflow/.local/lib/python3.12/site-packages/airflow/example_dags/example_bash_operator.py for tasks to queue
[2024-05-09T05:39:39.452+0000] {logging_mixin.py:188} INFO - [2024-05-09T05:39:39.452+0000] {dagbag.py:545} INFO - Filling up the DagBag from /home/airflow/.local/lib/python3.12/site-packages/airflow/example_dags/example_bash_operator.py
[2024-05-09T05:39:39.465+0000] {processor.py:840} INFO - DAG(s) 'example_bash_operator' retrieved from /home/airflow/.local/lib/python3.12/site-packages/airflow/example_dags/example_bash_operator.py
[2024-05-09T05:39:39.497+0000] {logging_mixin.py:188} INFO - [2024-05-09T05:39:39.496+0000] {dag.py:3096} INFO - Sync 1 DAGs
[2024-05-09T05:39:39.526+0000] {logging_mixin.py:188} INFO - [2024-05-09T05:39:39.525+0000] {dag.py:3954} INFO - Setting next_dagrun for example_bash_operator to 2024-05-08 00:00:00+00:00, run_after=2024-05-09 00:00:00+00:00
[2024-05-09T05:39:39.544+0000] {processor.py:183} INFO - Processing /home/airflow/.local/lib/python3.12/site-packages/airflow/example_dags/example_bash_operator.py took 0.101 seconds
[2024-05-09T05:40:27.336+0000] {processor.py:161} INFO - Started process (PID=176) to work on /home/airflow/.local/lib/python3.12/site-packages/airflow/example_dags/example_bash_operator.py
[2024-05-09T05:40:27.337+0000] {processor.py:830} INFO - Processing file /home/airflow/.local/lib/python3.12/site-packages/airflow/example_dags/example_bash_operator.py for tasks to queue
[2024-05-09T05:40:27.339+0000] {logging_mixin.py:188} INFO - [2024-05-09T05:40:27.339+0000] {dagbag.py:545} INFO - Filling up the DagBag from /home/airflow/.local/lib/python3.12/site-packages/airflow/example_dags/example_bash_operator.py
[2024-05-09T05:40:27.356+0000] {processor.py:840} INFO - DAG(s) 'example_bash_operator' retrieved from /home/airflow/.local/lib/python3.12/site-packages/airflow/example_dags/example_bash_operator.py
[2024-05-09T05:40:27.369+0000] {logging_mixin.py:188} INFO - [2024-05-09T05:40:27.368+0000] {dag.py:3096} INFO - Sync 1 DAGs
[2024-05-09T05:40:27.401+0000] {logging_mixin.py:188} INFO - [2024-05-09T05:40:27.401+0000] {dag.py:3954} INFO - Setting next_dagrun for example_bash_operator to 2024-05-08 00:00:00+00:00, run_after=2024-05-09 00:00:00+00:00
[2024-05-09T05:40:27.419+0000] {processor.py:183} INFO - Processing /home/airflow/.local/lib/python3.12/site-packages/airflow/example_dags/example_bash_operator.py took 0.088 seconds
[2024-05-09T05:40:57.906+0000] {processor.py:161} INFO - Started process (PID=438) to work on /home/airflow/.local/lib/python3.12/site-packages/airflow/example_dags/example_bash_operator.py
[2024-05-09T05:40:57.907+0000] {processor.py:830} INFO - Processing file /home/airflow/.local/lib/python3.12/site-packages/airflow/example_dags/example_bash_operator.py for tasks to queue
[2024-05-09T05:40:57.908+0000] {logging_mixin.py:188} INFO - [2024-05-09T05:40:57.908+0000] {dagbag.py:545} INFO - Filling up the DagBag from /home/airflow/.local/lib/python3.12/site-packages/airflow/example_dags/example_bash_operator.py
[2024-05-09T05:40:57.919+0000] {processor.py:840} INFO - DAG(s) 'example_bash_operator' retrieved from /home/airflow/.local/lib/python3.12/site-packages/airflow/example_dags/example_bash_operator.py
[2024-05-09T05:40:58.026+0000] {logging_mixin.py:188} INFO - [2024-05-09T05:40:58.025+0000] {dag.py:3096} INFO - Sync 1 DAGs
[2024-05-09T05:40:58.049+0000] {logging_mixin.py:188} INFO - [2024-05-09T05:40:58.048+0000] {dag.py:3954} INFO - Setting next_dagrun for example_bash_operator to 2024-05-08 00:00:00+00:00, run_after=2024-05-09 00:00:00+00:00
[2024-05-09T05:40:58.070+0000] {processor.py:183} INFO - Processing /home/airflow/.local/lib/python3.12/site-packages/airflow/example_dags/example_bash_operator.py took 0.169 seconds
[2024-05-09T05:41:28.772+0000] {processor.py:161} INFO - Started process (PID=698) to work on /home/airflow/.local/lib/python3.12/site-packages/airflow/example_dags/example_bash_operator.py
[2024-05-09T05:41:28.778+0000] {processor.py:830} INFO - Processing file /home/airflow/.local/lib/python3.12/site-packages/airflow/example_dags/example_bash_operator.py for tasks to queue
[2024-05-09T05:41:28.782+0000] {logging_mixin.py:188} INFO - [2024-05-09T05:41:28.781+0000] {dagbag.py:545} INFO - Filling up the DagBag from /home/airflow/.local/lib/python3.12/site-packages/airflow/example_dags/example_bash_operator.py
[2024-05-09T05:41:28.811+0000] {processor.py:840} INFO - DAG(s) 'example_bash_operator' retrieved from /home/airflow/.local/lib/python3.12/site-packages/airflow/example_dags/example_bash_operator.py
[2024-05-09T05:41:28.868+0000] {logging_mixin.py:188} INFO - [2024-05-09T05:41:28.868+0000] {dag.py:3096} INFO - Sync 1 DAGs
[2024-05-09T05:41:28.907+0000] {logging_mixin.py:188} INFO - [2024-05-09T05:41:28.907+0000] {dag.py:3954} INFO - Setting next_dagrun for example_bash_operator to 2024-05-08 00:00:00+00:00, run_after=2024-05-09 00:00:00+00:00
[2024-05-09T05:41:28.939+0000] {processor.py:183} INFO - Processing /home/airflow/.local/lib/python3.12/site-packages/airflow/example_dags/example_bash_operator.py took 0.182 seconds
[2024-05-09T05:41:59.030+0000] {processor.py:161} INFO - Started process (PID=960) to work on /home/airflow/.local/lib/python3.12/site-packages/airflow/example_dags/example_bash_operator.py
[2024-05-09T05:41:59.030+0000] {processor.py:830} INFO - Processing file /home/airflow/.local/lib/python3.12/site-packages/airflow/example_dags/example_bash_operator.py for tasks to queue
[2024-05-09T05:41:59.032+0000] {logging_mixin.py:188} INFO - [2024-05-09T05:41:59.031+0000] {dagbag.py:545} INFO - Filling up the DagBag from /home/airflow/.local/lib/python3.12/site-packages/airflow/example_dags/example_bash_operator.py
[2024-05-09T05:41:59.042+0000] {processor.py:840} INFO - DAG(s) 'example_bash_operator' retrieved from /home/airflow/.local/lib/python3.12/site-packages/airflow/example_dags/example_bash_operator.py
[2024-05-09T05:41:59.076+0000] {logging_mixin.py:188} INFO - [2024-05-09T05:41:59.076+0000] {dag.py:3096} INFO - Sync 1 DAGs
[2024-05-09T05:41:59.101+0000] {logging_mixin.py:188} INFO - [2024-05-09T05:41:59.100+0000] {dag.py:3954} INFO - Setting next_dagrun for example_bash_operator to 2024-05-08 00:00:00+00:00, run_after=2024-05-09 00:00:00+00:00
[2024-05-09T05:41:59.121+0000] {processor.py:183} INFO - Processing /home/airflow/.local/lib/python3.12/site-packages/airflow/example_dags/example_bash_operator.py took 0.097 seconds
