[2024-05-09T05:37:38.989+0000] {processor.py:161} INFO - Started process (PID=314) to work on /home/airflow/.local/lib/python3.12/site-packages/airflow/example_dags/example_nested_branch_dag.py
[2024-05-09T05:37:38.990+0000] {processor.py:830} INFO - Processing file /home/airflow/.local/lib/python3.12/site-packages/airflow/example_dags/example_nested_branch_dag.py for tasks to queue
[2024-05-09T05:37:38.991+0000] {logging_mixin.py:188} INFO - [2024-05-09T05:37:38.991+0000] {dagbag.py:545} INFO - Filling up the DagBag from /home/airflow/.local/lib/python3.12/site-packages/airflow/example_dags/example_nested_branch_dag.py
[2024-05-09T05:37:39.003+0000] {processor.py:840} INFO - DAG(s) 'example_nested_branch_dag' retrieved from /home/airflow/.local/lib/python3.12/site-packages/airflow/example_dags/example_nested_branch_dag.py
[2024-05-09T05:37:39.019+0000] {logging_mixin.py:188} INFO - [2024-05-09T05:37:39.019+0000] {dag.py:3096} INFO - Sync 1 DAGs
[2024-05-09T05:37:39.043+0000] {logging_mixin.py:188} INFO - [2024-05-09T05:37:39.043+0000] {dag.py:3954} INFO - Setting next_dagrun for example_nested_branch_dag to 2024-05-08 00:00:00+00:00, run_after=2024-05-09 00:00:00+00:00
[2024-05-09T05:37:39.062+0000] {processor.py:183} INFO - Processing /home/airflow/.local/lib/python3.12/site-packages/airflow/example_dags/example_nested_branch_dag.py took 0.079 seconds
[2024-05-09T05:38:09.295+0000] {processor.py:161} INFO - Started process (PID=576) to work on /home/airflow/.local/lib/python3.12/site-packages/airflow/example_dags/example_nested_branch_dag.py
[2024-05-09T05:38:09.297+0000] {processor.py:830} INFO - Processing file /home/airflow/.local/lib/python3.12/site-packages/airflow/example_dags/example_nested_branch_dag.py for tasks to queue
[2024-05-09T05:38:09.299+0000] {logging_mixin.py:188} INFO - [2024-05-09T05:38:09.299+0000] {dagbag.py:545} INFO - Filling up the DagBag from /home/airflow/.local/lib/python3.12/site-packages/airflow/example_dags/example_nested_branch_dag.py
[2024-05-09T05:38:09.315+0000] {processor.py:840} INFO - DAG(s) 'example_nested_branch_dag' retrieved from /home/airflow/.local/lib/python3.12/site-packages/airflow/example_dags/example_nested_branch_dag.py
[2024-05-09T05:38:09.326+0000] {logging_mixin.py:188} INFO - [2024-05-09T05:38:09.326+0000] {dag.py:3096} INFO - Sync 1 DAGs
[2024-05-09T05:38:09.350+0000] {logging_mixin.py:188} INFO - [2024-05-09T05:38:09.350+0000] {dag.py:3954} INFO - Setting next_dagrun for example_nested_branch_dag to 2024-05-08 00:00:00+00:00, run_after=2024-05-09 00:00:00+00:00
[2024-05-09T05:38:09.375+0000] {processor.py:183} INFO - Processing /home/airflow/.local/lib/python3.12/site-packages/airflow/example_dags/example_nested_branch_dag.py took 0.087 seconds
[2024-05-09T05:38:42.027+0000] {processor.py:161} INFO - Started process (PID=840) to work on /home/airflow/.local/lib/python3.12/site-packages/airflow/example_dags/example_nested_branch_dag.py
[2024-05-09T05:38:42.032+0000] {processor.py:830} INFO - Processing file /home/airflow/.local/lib/python3.12/site-packages/airflow/example_dags/example_nested_branch_dag.py for tasks to queue
[2024-05-09T05:38:42.034+0000] {logging_mixin.py:188} INFO - [2024-05-09T05:38:42.034+0000] {dagbag.py:545} INFO - Filling up the DagBag from /home/airflow/.local/lib/python3.12/site-packages/airflow/example_dags/example_nested_branch_dag.py
[2024-05-09T05:38:42.052+0000] {processor.py:840} INFO - DAG(s) 'example_nested_branch_dag' retrieved from /home/airflow/.local/lib/python3.12/site-packages/airflow/example_dags/example_nested_branch_dag.py
[2024-05-09T05:38:42.240+0000] {logging_mixin.py:188} INFO - [2024-05-09T05:38:42.239+0000] {dag.py:3096} INFO - Sync 1 DAGs
[2024-05-09T05:38:42.274+0000] {logging_mixin.py:188} INFO - [2024-05-09T05:38:42.274+0000] {dag.py:3954} INFO - Setting next_dagrun for example_nested_branch_dag to 2024-05-08 00:00:00+00:00, run_after=2024-05-09 00:00:00+00:00
[2024-05-09T05:38:42.297+0000] {processor.py:183} INFO - Processing /home/airflow/.local/lib/python3.12/site-packages/airflow/example_dags/example_nested_branch_dag.py took 0.282 seconds
[2024-05-09T05:39:12.691+0000] {processor.py:161} INFO - Started process (PID=1100) to work on /home/airflow/.local/lib/python3.12/site-packages/airflow/example_dags/example_nested_branch_dag.py
[2024-05-09T05:39:12.692+0000] {processor.py:830} INFO - Processing file /home/airflow/.local/lib/python3.12/site-packages/airflow/example_dags/example_nested_branch_dag.py for tasks to queue
[2024-05-09T05:39:12.694+0000] {logging_mixin.py:188} INFO - [2024-05-09T05:39:12.694+0000] {dagbag.py:545} INFO - Filling up the DagBag from /home/airflow/.local/lib/python3.12/site-packages/airflow/example_dags/example_nested_branch_dag.py
[2024-05-09T05:39:12.708+0000] {processor.py:840} INFO - DAG(s) 'example_nested_branch_dag' retrieved from /home/airflow/.local/lib/python3.12/site-packages/airflow/example_dags/example_nested_branch_dag.py
[2024-05-09T05:39:12.732+0000] {logging_mixin.py:188} INFO - [2024-05-09T05:39:12.732+0000] {dag.py:3096} INFO - Sync 1 DAGs
[2024-05-09T05:39:12.755+0000] {logging_mixin.py:188} INFO - [2024-05-09T05:39:12.755+0000] {dag.py:3954} INFO - Setting next_dagrun for example_nested_branch_dag to 2024-05-08 00:00:00+00:00, run_after=2024-05-09 00:00:00+00:00
[2024-05-09T05:39:12.778+0000] {processor.py:183} INFO - Processing /home/airflow/.local/lib/python3.12/site-packages/airflow/example_dags/example_nested_branch_dag.py took 0.095 seconds
[2024-05-09T05:39:43.030+0000] {processor.py:161} INFO - Started process (PID=1362) to work on /home/airflow/.local/lib/python3.12/site-packages/airflow/example_dags/example_nested_branch_dag.py
[2024-05-09T05:39:43.031+0000] {processor.py:830} INFO - Processing file /home/airflow/.local/lib/python3.12/site-packages/airflow/example_dags/example_nested_branch_dag.py for tasks to queue
[2024-05-09T05:39:43.032+0000] {logging_mixin.py:188} INFO - [2024-05-09T05:39:43.032+0000] {dagbag.py:545} INFO - Filling up the DagBag from /home/airflow/.local/lib/python3.12/site-packages/airflow/example_dags/example_nested_branch_dag.py
[2024-05-09T05:39:43.043+0000] {processor.py:840} INFO - DAG(s) 'example_nested_branch_dag' retrieved from /home/airflow/.local/lib/python3.12/site-packages/airflow/example_dags/example_nested_branch_dag.py
[2024-05-09T05:39:43.065+0000] {logging_mixin.py:188} INFO - [2024-05-09T05:39:43.065+0000] {dag.py:3096} INFO - Sync 1 DAGs
[2024-05-09T05:39:43.087+0000] {logging_mixin.py:188} INFO - [2024-05-09T05:39:43.086+0000] {dag.py:3954} INFO - Setting next_dagrun for example_nested_branch_dag to 2024-05-08 00:00:00+00:00, run_after=2024-05-09 00:00:00+00:00
[2024-05-09T05:39:43.103+0000] {processor.py:183} INFO - Processing /home/airflow/.local/lib/python3.12/site-packages/airflow/example_dags/example_nested_branch_dag.py took 0.080 seconds
[2024-05-09T05:40:30.475+0000] {processor.py:161} INFO - Started process (PID=314) to work on /home/airflow/.local/lib/python3.12/site-packages/airflow/example_dags/example_nested_branch_dag.py
[2024-05-09T05:40:30.476+0000] {processor.py:830} INFO - Processing file /home/airflow/.local/lib/python3.12/site-packages/airflow/example_dags/example_nested_branch_dag.py for tasks to queue
[2024-05-09T05:40:30.478+0000] {logging_mixin.py:188} INFO - [2024-05-09T05:40:30.478+0000] {dagbag.py:545} INFO - Filling up the DagBag from /home/airflow/.local/lib/python3.12/site-packages/airflow/example_dags/example_nested_branch_dag.py
[2024-05-09T05:40:30.491+0000] {processor.py:840} INFO - DAG(s) 'example_nested_branch_dag' retrieved from /home/airflow/.local/lib/python3.12/site-packages/airflow/example_dags/example_nested_branch_dag.py
[2024-05-09T05:40:30.602+0000] {logging_mixin.py:188} INFO - [2024-05-09T05:40:30.602+0000] {dag.py:3096} INFO - Sync 1 DAGs
[2024-05-09T05:40:30.622+0000] {logging_mixin.py:188} INFO - [2024-05-09T05:40:30.621+0000] {dag.py:3954} INFO - Setting next_dagrun for example_nested_branch_dag to 2024-05-08 00:00:00+00:00, run_after=2024-05-09 00:00:00+00:00
[2024-05-09T05:40:30.640+0000] {processor.py:183} INFO - Processing /home/airflow/.local/lib/python3.12/site-packages/airflow/example_dags/example_nested_branch_dag.py took 0.173 seconds
[2024-05-09T05:41:00.678+0000] {processor.py:161} INFO - Started process (PID=571) to work on /home/airflow/.local/lib/python3.12/site-packages/airflow/example_dags/example_nested_branch_dag.py
[2024-05-09T05:41:00.680+0000] {processor.py:830} INFO - Processing file /home/airflow/.local/lib/python3.12/site-packages/airflow/example_dags/example_nested_branch_dag.py for tasks to queue
[2024-05-09T05:41:00.682+0000] {logging_mixin.py:188} INFO - [2024-05-09T05:41:00.681+0000] {dagbag.py:545} INFO - Filling up the DagBag from /home/airflow/.local/lib/python3.12/site-packages/airflow/example_dags/example_nested_branch_dag.py
[2024-05-09T05:41:00.696+0000] {processor.py:840} INFO - DAG(s) 'example_nested_branch_dag' retrieved from /home/airflow/.local/lib/python3.12/site-packages/airflow/example_dags/example_nested_branch_dag.py
[2024-05-09T05:41:00.720+0000] {logging_mixin.py:188} INFO - [2024-05-09T05:41:00.720+0000] {dag.py:3096} INFO - Sync 1 DAGs
[2024-05-09T05:41:00.744+0000] {logging_mixin.py:188} INFO - [2024-05-09T05:41:00.743+0000] {dag.py:3954} INFO - Setting next_dagrun for example_nested_branch_dag to 2024-05-08 00:00:00+00:00, run_after=2024-05-09 00:00:00+00:00
[2024-05-09T05:41:00.763+0000] {processor.py:183} INFO - Processing /home/airflow/.local/lib/python3.12/site-packages/airflow/example_dags/example_nested_branch_dag.py took 0.092 seconds
[2024-05-09T05:41:31.209+0000] {processor.py:161} INFO - Started process (PID=835) to work on /home/airflow/.local/lib/python3.12/site-packages/airflow/example_dags/example_nested_branch_dag.py
[2024-05-09T05:41:31.210+0000] {processor.py:830} INFO - Processing file /home/airflow/.local/lib/python3.12/site-packages/airflow/example_dags/example_nested_branch_dag.py for tasks to queue
[2024-05-09T05:41:31.212+0000] {logging_mixin.py:188} INFO - [2024-05-09T05:41:31.212+0000] {dagbag.py:545} INFO - Filling up the DagBag from /home/airflow/.local/lib/python3.12/site-packages/airflow/example_dags/example_nested_branch_dag.py
[2024-05-09T05:41:31.225+0000] {processor.py:840} INFO - DAG(s) 'example_nested_branch_dag' retrieved from /home/airflow/.local/lib/python3.12/site-packages/airflow/example_dags/example_nested_branch_dag.py
[2024-05-09T05:41:31.253+0000] {logging_mixin.py:188} INFO - [2024-05-09T05:41:31.253+0000] {dag.py:3096} INFO - Sync 1 DAGs
[2024-05-09T05:41:31.283+0000] {logging_mixin.py:188} INFO - [2024-05-09T05:41:31.283+0000] {dag.py:3954} INFO - Setting next_dagrun for example_nested_branch_dag to 2024-05-08 00:00:00+00:00, run_after=2024-05-09 00:00:00+00:00
[2024-05-09T05:41:31.307+0000] {processor.py:183} INFO - Processing /home/airflow/.local/lib/python3.12/site-packages/airflow/example_dags/example_nested_branch_dag.py took 0.105 seconds
