[2024-05-09T05:37:38.456+0000] {processor.py:161} INFO - Started process (PID=276) to work on /home/airflow/.local/lib/python3.12/site-packages/airflow/example_dags/example_sla_dag.py
[2024-05-09T05:37:38.456+0000] {processor.py:830} INFO - Processing file /home/airflow/.local/lib/python3.12/site-packages/airflow/example_dags/example_sla_dag.py for tasks to queue
[2024-05-09T05:37:38.458+0000] {logging_mixin.py:188} INFO - [2024-05-09T05:37:38.458+0000] {dagbag.py:545} INFO - Filling up the DagBag from /home/airflow/.local/lib/python3.12/site-packages/airflow/example_dags/example_sla_dag.py
[2024-05-09T05:37:38.469+0000] {processor.py:840} INFO - DAG(s) 'example_sla_dag' retrieved from /home/airflow/.local/lib/python3.12/site-packages/airflow/example_dags/example_sla_dag.py
[2024-05-09T05:37:38.481+0000] {logging_mixin.py:188} INFO - [2024-05-09T05:37:38.481+0000] {dag.py:3096} INFO - Sync 1 DAGs
[2024-05-09T05:37:38.514+0000] {logging_mixin.py:188} INFO - [2024-05-09T05:37:38.514+0000] {dag.py:3954} INFO - Setting next_dagrun for example_sla_dag to 2024-05-09 05:34:00+00:00, run_after=2024-05-09 05:36:00+00:00
[2024-05-09T05:37:38.534+0000] {processor.py:183} INFO - Processing /home/airflow/.local/lib/python3.12/site-packages/airflow/example_dags/example_sla_dag.py took 0.084 seconds
[2024-05-09T05:38:08.747+0000] {processor.py:161} INFO - Started process (PID=536) to work on /home/airflow/.local/lib/python3.12/site-packages/airflow/example_dags/example_sla_dag.py
[2024-05-09T05:38:08.748+0000] {processor.py:830} INFO - Processing file /home/airflow/.local/lib/python3.12/site-packages/airflow/example_dags/example_sla_dag.py for tasks to queue
[2024-05-09T05:38:08.750+0000] {logging_mixin.py:188} INFO - [2024-05-09T05:38:08.750+0000] {dagbag.py:545} INFO - Filling up the DagBag from /home/airflow/.local/lib/python3.12/site-packages/airflow/example_dags/example_sla_dag.py
[2024-05-09T05:38:08.761+0000] {processor.py:840} INFO - DAG(s) 'example_sla_dag' retrieved from /home/airflow/.local/lib/python3.12/site-packages/airflow/example_dags/example_sla_dag.py
[2024-05-09T05:38:08.774+0000] {logging_mixin.py:188} INFO - [2024-05-09T05:38:08.773+0000] {dag.py:3096} INFO - Sync 1 DAGs
[2024-05-09T05:38:08.802+0000] {logging_mixin.py:188} INFO - [2024-05-09T05:38:08.802+0000] {dag.py:3954} INFO - Setting next_dagrun for example_sla_dag to 2024-05-09 05:36:00+00:00, run_after=2024-05-09 05:38:00+00:00
[2024-05-09T05:38:08.825+0000] {processor.py:183} INFO - Processing /home/airflow/.local/lib/python3.12/site-packages/airflow/example_dags/example_sla_dag.py took 0.087 seconds
[2024-05-09T05:38:40.694+0000] {processor.py:161} INFO - Started process (PID=798) to work on /home/airflow/.local/lib/python3.12/site-packages/airflow/example_dags/example_sla_dag.py
[2024-05-09T05:38:40.695+0000] {processor.py:830} INFO - Processing file /home/airflow/.local/lib/python3.12/site-packages/airflow/example_dags/example_sla_dag.py for tasks to queue
[2024-05-09T05:38:40.697+0000] {logging_mixin.py:188} INFO - [2024-05-09T05:38:40.696+0000] {dagbag.py:545} INFO - Filling up the DagBag from /home/airflow/.local/lib/python3.12/site-packages/airflow/example_dags/example_sla_dag.py
[2024-05-09T05:38:40.706+0000] {processor.py:840} INFO - DAG(s) 'example_sla_dag' retrieved from /home/airflow/.local/lib/python3.12/site-packages/airflow/example_dags/example_sla_dag.py
[2024-05-09T05:38:40.839+0000] {logging_mixin.py:188} INFO - [2024-05-09T05:38:40.838+0000] {dag.py:3096} INFO - Sync 1 DAGs
[2024-05-09T05:38:40.863+0000] {logging_mixin.py:188} INFO - [2024-05-09T05:38:40.863+0000] {dag.py:3954} INFO - Setting next_dagrun for example_sla_dag to 2024-05-09 05:36:00+00:00, run_after=2024-05-09 05:38:00+00:00
[2024-05-09T05:38:40.886+0000] {processor.py:183} INFO - Processing /home/airflow/.local/lib/python3.12/site-packages/airflow/example_dags/example_sla_dag.py took 0.198 seconds
[2024-05-09T05:39:11.189+0000] {processor.py:161} INFO - Started process (PID=1062) to work on /home/airflow/.local/lib/python3.12/site-packages/airflow/example_dags/example_sla_dag.py
[2024-05-09T05:39:11.194+0000] {processor.py:830} INFO - Processing file /home/airflow/.local/lib/python3.12/site-packages/airflow/example_dags/example_sla_dag.py for tasks to queue
[2024-05-09T05:39:11.196+0000] {logging_mixin.py:188} INFO - [2024-05-09T05:39:11.195+0000] {dagbag.py:545} INFO - Filling up the DagBag from /home/airflow/.local/lib/python3.12/site-packages/airflow/example_dags/example_sla_dag.py
[2024-05-09T05:39:11.207+0000] {processor.py:840} INFO - DAG(s) 'example_sla_dag' retrieved from /home/airflow/.local/lib/python3.12/site-packages/airflow/example_dags/example_sla_dag.py
[2024-05-09T05:39:11.232+0000] {logging_mixin.py:188} INFO - [2024-05-09T05:39:11.231+0000] {dag.py:3096} INFO - Sync 1 DAGs
[2024-05-09T05:39:11.270+0000] {logging_mixin.py:188} INFO - [2024-05-09T05:39:11.270+0000] {dag.py:3954} INFO - Setting next_dagrun for example_sla_dag to 2024-05-09 05:36:00+00:00, run_after=2024-05-09 05:38:00+00:00
[2024-05-09T05:39:11.299+0000] {processor.py:183} INFO - Processing /home/airflow/.local/lib/python3.12/site-packages/airflow/example_dags/example_sla_dag.py took 0.118 seconds
[2024-05-09T05:39:41.574+0000] {processor.py:161} INFO - Started process (PID=1322) to work on /home/airflow/.local/lib/python3.12/site-packages/airflow/example_dags/example_sla_dag.py
[2024-05-09T05:39:41.575+0000] {processor.py:830} INFO - Processing file /home/airflow/.local/lib/python3.12/site-packages/airflow/example_dags/example_sla_dag.py for tasks to queue
[2024-05-09T05:39:41.577+0000] {logging_mixin.py:188} INFO - [2024-05-09T05:39:41.577+0000] {dagbag.py:545} INFO - Filling up the DagBag from /home/airflow/.local/lib/python3.12/site-packages/airflow/example_dags/example_sla_dag.py
[2024-05-09T05:39:41.588+0000] {processor.py:840} INFO - DAG(s) 'example_sla_dag' retrieved from /home/airflow/.local/lib/python3.12/site-packages/airflow/example_dags/example_sla_dag.py
[2024-05-09T05:39:41.607+0000] {logging_mixin.py:188} INFO - [2024-05-09T05:39:41.607+0000] {dag.py:3096} INFO - Sync 1 DAGs
[2024-05-09T05:39:41.633+0000] {logging_mixin.py:188} INFO - [2024-05-09T05:39:41.633+0000] {dag.py:3954} INFO - Setting next_dagrun for example_sla_dag to 2024-05-09 05:36:00+00:00, run_after=2024-05-09 05:38:00+00:00
[2024-05-09T05:39:41.653+0000] {processor.py:183} INFO - Processing /home/airflow/.local/lib/python3.12/site-packages/airflow/example_dags/example_sla_dag.py took 0.086 seconds
[2024-05-09T05:40:29.493+0000] {processor.py:161} INFO - Started process (PID=274) to work on /home/airflow/.local/lib/python3.12/site-packages/airflow/example_dags/example_sla_dag.py
[2024-05-09T05:40:29.494+0000] {processor.py:830} INFO - Processing file /home/airflow/.local/lib/python3.12/site-packages/airflow/example_dags/example_sla_dag.py for tasks to queue
[2024-05-09T05:40:29.496+0000] {logging_mixin.py:188} INFO - [2024-05-09T05:40:29.495+0000] {dagbag.py:545} INFO - Filling up the DagBag from /home/airflow/.local/lib/python3.12/site-packages/airflow/example_dags/example_sla_dag.py
[2024-05-09T05:40:29.506+0000] {processor.py:840} INFO - DAG(s) 'example_sla_dag' retrieved from /home/airflow/.local/lib/python3.12/site-packages/airflow/example_dags/example_sla_dag.py
[2024-05-09T05:40:29.617+0000] {logging_mixin.py:188} INFO - [2024-05-09T05:40:29.617+0000] {dag.py:3096} INFO - Sync 1 DAGs
[2024-05-09T05:40:29.638+0000] {logging_mixin.py:188} INFO - [2024-05-09T05:40:29.638+0000] {dag.py:3954} INFO - Setting next_dagrun for example_sla_dag to 2024-05-09 05:38:00+00:00, run_after=2024-05-09 05:40:00+00:00
[2024-05-09T05:40:29.658+0000] {processor.py:183} INFO - Processing /home/airflow/.local/lib/python3.12/site-packages/airflow/example_dags/example_sla_dag.py took 0.170 seconds
[2024-05-09T05:41:00.244+0000] {processor.py:161} INFO - Started process (PID=536) to work on /home/airflow/.local/lib/python3.12/site-packages/airflow/example_dags/example_sla_dag.py
[2024-05-09T05:41:00.245+0000] {processor.py:830} INFO - Processing file /home/airflow/.local/lib/python3.12/site-packages/airflow/example_dags/example_sla_dag.py for tasks to queue
[2024-05-09T05:41:00.246+0000] {logging_mixin.py:188} INFO - [2024-05-09T05:41:00.246+0000] {dagbag.py:545} INFO - Filling up the DagBag from /home/airflow/.local/lib/python3.12/site-packages/airflow/example_dags/example_sla_dag.py
[2024-05-09T05:41:00.255+0000] {processor.py:840} INFO - DAG(s) 'example_sla_dag' retrieved from /home/airflow/.local/lib/python3.12/site-packages/airflow/example_dags/example_sla_dag.py
[2024-05-09T05:41:00.278+0000] {logging_mixin.py:188} INFO - [2024-05-09T05:41:00.278+0000] {dag.py:3096} INFO - Sync 1 DAGs
[2024-05-09T05:41:00.305+0000] {logging_mixin.py:188} INFO - [2024-05-09T05:41:00.305+0000] {dag.py:3954} INFO - Setting next_dagrun for example_sla_dag to 2024-05-09 05:38:00+00:00, run_after=2024-05-09 05:40:00+00:00
[2024-05-09T05:41:00.322+0000] {processor.py:183} INFO - Processing /home/airflow/.local/lib/python3.12/site-packages/airflow/example_dags/example_sla_dag.py took 0.085 seconds
[2024-05-09T05:41:30.538+0000] {processor.py:161} INFO - Started process (PID=798) to work on /home/airflow/.local/lib/python3.12/site-packages/airflow/example_dags/example_sla_dag.py
[2024-05-09T05:41:30.540+0000] {processor.py:830} INFO - Processing file /home/airflow/.local/lib/python3.12/site-packages/airflow/example_dags/example_sla_dag.py for tasks to queue
[2024-05-09T05:41:30.542+0000] {logging_mixin.py:188} INFO - [2024-05-09T05:41:30.542+0000] {dagbag.py:545} INFO - Filling up the DagBag from /home/airflow/.local/lib/python3.12/site-packages/airflow/example_dags/example_sla_dag.py
[2024-05-09T05:41:30.557+0000] {processor.py:840} INFO - DAG(s) 'example_sla_dag' retrieved from /home/airflow/.local/lib/python3.12/site-packages/airflow/example_dags/example_sla_dag.py
[2024-05-09T05:41:30.587+0000] {logging_mixin.py:188} INFO - [2024-05-09T05:41:30.586+0000] {dag.py:3096} INFO - Sync 1 DAGs
[2024-05-09T05:41:30.632+0000] {logging_mixin.py:188} INFO - [2024-05-09T05:41:30.631+0000] {dag.py:3954} INFO - Setting next_dagrun for example_sla_dag to 2024-05-09 05:38:00+00:00, run_after=2024-05-09 05:40:00+00:00
[2024-05-09T05:41:30.663+0000] {processor.py:183} INFO - Processing /home/airflow/.local/lib/python3.12/site-packages/airflow/example_dags/example_sla_dag.py took 0.134 seconds
