[2024-05-09T05:37:39.547+0000] {processor.py:161} INFO - Started process (PID=359) to work on /home/airflow/.local/lib/python3.12/site-packages/airflow/example_dags/example_subdag_operator.py
[2024-05-09T05:37:39.547+0000] {processor.py:830} INFO - Processing file /home/airflow/.local/lib/python3.12/site-packages/airflow/example_dags/example_subdag_operator.py for tasks to queue
[2024-05-09T05:37:39.549+0000] {logging_mixin.py:188} INFO - [2024-05-09T05:37:39.548+0000] {dagbag.py:545} INFO - Filling up the DagBag from /home/airflow/.local/lib/python3.12/site-packages/airflow/example_dags/example_subdag_operator.py
[2024-05-09T05:37:39.569+0000] {processor.py:840} INFO - DAG(s) 'example_subdag_operator.section-1', 'example_subdag_operator.section-2', 'example_subdag_operator' retrieved from /home/airflow/.local/lib/python3.12/site-packages/airflow/example_dags/example_subdag_operator.py
[2024-05-09T05:37:39.572+0000] {logging_mixin.py:188} INFO - [2024-05-09T05:37:39.572+0000] {dag.py:3096} INFO - Sync 3 DAGs
[2024-05-09T05:37:39.596+0000] {logging_mixin.py:188} INFO - [2024-05-09T05:37:39.596+0000] {dag.py:3954} INFO - Setting next_dagrun for example_subdag_operator to 2022-01-01 00:00:00+00:00, run_after=2022-01-01 00:00:00+00:00
[2024-05-09T05:37:39.600+0000] {logging_mixin.py:188} INFO - [2024-05-09T05:37:39.600+0000] {dag.py:3954} INFO - Setting next_dagrun for example_subdag_operator.section-1 to None, run_after=None
[2024-05-09T05:37:39.602+0000] {logging_mixin.py:188} INFO - [2024-05-09T05:37:39.601+0000] {dag.py:3954} INFO - Setting next_dagrun for example_subdag_operator.section-2 to None, run_after=None
[2024-05-09T05:37:39.612+0000] {logging_mixin.py:188} INFO - [2024-05-09T05:37:39.611+0000] {dag.py:3096} INFO - Sync 2 DAGs
[2024-05-09T05:37:39.619+0000] {logging_mixin.py:188} INFO - [2024-05-09T05:37:39.619+0000] {dag.py:3954} INFO - Setting next_dagrun for example_subdag_operator.section-1 to None, run_after=None
[2024-05-09T05:37:39.619+0000] {logging_mixin.py:188} INFO - [2024-05-09T05:37:39.619+0000] {dag.py:3954} INFO - Setting next_dagrun for example_subdag_operator.section-2 to None, run_after=None
[2024-05-09T05:37:39.633+0000] {processor.py:183} INFO - Processing /home/airflow/.local/lib/python3.12/site-packages/airflow/example_dags/example_subdag_operator.py took 0.091 seconds
[2024-05-09T05:38:09.790+0000] {processor.py:161} INFO - Started process (PID=621) to work on /home/airflow/.local/lib/python3.12/site-packages/airflow/example_dags/example_subdag_operator.py
[2024-05-09T05:38:09.791+0000] {processor.py:830} INFO - Processing file /home/airflow/.local/lib/python3.12/site-packages/airflow/example_dags/example_subdag_operator.py for tasks to queue
[2024-05-09T05:38:09.793+0000] {logging_mixin.py:188} INFO - [2024-05-09T05:38:09.792+0000] {dagbag.py:545} INFO - Filling up the DagBag from /home/airflow/.local/lib/python3.12/site-packages/airflow/example_dags/example_subdag_operator.py
[2024-05-09T05:38:09.818+0000] {processor.py:840} INFO - DAG(s) 'example_subdag_operator.section-1', 'example_subdag_operator.section-2', 'example_subdag_operator' retrieved from /home/airflow/.local/lib/python3.12/site-packages/airflow/example_dags/example_subdag_operator.py
[2024-05-09T05:38:09.822+0000] {logging_mixin.py:188} INFO - [2024-05-09T05:38:09.821+0000] {dag.py:3096} INFO - Sync 3 DAGs
[2024-05-09T05:38:09.845+0000] {logging_mixin.py:188} INFO - [2024-05-09T05:38:09.845+0000] {dag.py:3954} INFO - Setting next_dagrun for example_subdag_operator to 2022-01-01 00:00:00+00:00, run_after=2022-01-01 00:00:00+00:00
[2024-05-09T05:38:09.849+0000] {logging_mixin.py:188} INFO - [2024-05-09T05:38:09.849+0000] {dag.py:3954} INFO - Setting next_dagrun for example_subdag_operator.section-1 to None, run_after=None
[2024-05-09T05:38:09.850+0000] {logging_mixin.py:188} INFO - [2024-05-09T05:38:09.850+0000] {dag.py:3954} INFO - Setting next_dagrun for example_subdag_operator.section-2 to None, run_after=None
[2024-05-09T05:38:09.857+0000] {logging_mixin.py:188} INFO - [2024-05-09T05:38:09.857+0000] {dag.py:3096} INFO - Sync 2 DAGs
[2024-05-09T05:38:09.864+0000] {logging_mixin.py:188} INFO - [2024-05-09T05:38:09.864+0000] {dag.py:3954} INFO - Setting next_dagrun for example_subdag_operator.section-1 to None, run_after=None
[2024-05-09T05:38:09.864+0000] {logging_mixin.py:188} INFO - [2024-05-09T05:38:09.864+0000] {dag.py:3954} INFO - Setting next_dagrun for example_subdag_operator.section-2 to None, run_after=None
[2024-05-09T05:38:09.878+0000] {processor.py:183} INFO - Processing /home/airflow/.local/lib/python3.12/site-packages/airflow/example_dags/example_subdag_operator.py took 0.097 seconds
[2024-05-09T05:38:43.222+0000] {processor.py:161} INFO - Started process (PID=885) to work on /home/airflow/.local/lib/python3.12/site-packages/airflow/example_dags/example_subdag_operator.py
[2024-05-09T05:38:43.222+0000] {processor.py:830} INFO - Processing file /home/airflow/.local/lib/python3.12/site-packages/airflow/example_dags/example_subdag_operator.py for tasks to queue
[2024-05-09T05:38:43.224+0000] {logging_mixin.py:188} INFO - [2024-05-09T05:38:43.224+0000] {dagbag.py:545} INFO - Filling up the DagBag from /home/airflow/.local/lib/python3.12/site-packages/airflow/example_dags/example_subdag_operator.py
[2024-05-09T05:38:43.248+0000] {processor.py:840} INFO - DAG(s) 'example_subdag_operator.section-1', 'example_subdag_operator.section-2', 'example_subdag_operator' retrieved from /home/airflow/.local/lib/python3.12/site-packages/airflow/example_dags/example_subdag_operator.py
[2024-05-09T05:38:43.351+0000] {logging_mixin.py:188} INFO - [2024-05-09T05:38:43.350+0000] {dag.py:3096} INFO - Sync 3 DAGs
[2024-05-09T05:38:43.369+0000] {logging_mixin.py:188} INFO - [2024-05-09T05:38:43.368+0000] {dag.py:3954} INFO - Setting next_dagrun for example_subdag_operator to 2022-01-01 00:00:00+00:00, run_after=2022-01-01 00:00:00+00:00
[2024-05-09T05:38:43.372+0000] {logging_mixin.py:188} INFO - [2024-05-09T05:38:43.372+0000] {dag.py:3954} INFO - Setting next_dagrun for example_subdag_operator.section-1 to None, run_after=None
[2024-05-09T05:38:43.373+0000] {logging_mixin.py:188} INFO - [2024-05-09T05:38:43.373+0000] {dag.py:3954} INFO - Setting next_dagrun for example_subdag_operator.section-2 to None, run_after=None
[2024-05-09T05:38:43.381+0000] {logging_mixin.py:188} INFO - [2024-05-09T05:38:43.381+0000] {dag.py:3096} INFO - Sync 2 DAGs
[2024-05-09T05:38:43.386+0000] {logging_mixin.py:188} INFO - [2024-05-09T05:38:43.386+0000] {dag.py:3954} INFO - Setting next_dagrun for example_subdag_operator.section-1 to None, run_after=None
[2024-05-09T05:38:43.386+0000] {logging_mixin.py:188} INFO - [2024-05-09T05:38:43.386+0000] {dag.py:3954} INFO - Setting next_dagrun for example_subdag_operator.section-2 to None, run_after=None
[2024-05-09T05:38:43.399+0000] {processor.py:183} INFO - Processing /home/airflow/.local/lib/python3.12/site-packages/airflow/example_dags/example_subdag_operator.py took 0.183 seconds
[2024-05-09T05:39:13.584+0000] {processor.py:161} INFO - Started process (PID=1145) to work on /home/airflow/.local/lib/python3.12/site-packages/airflow/example_dags/example_subdag_operator.py
[2024-05-09T05:39:13.585+0000] {processor.py:830} INFO - Processing file /home/airflow/.local/lib/python3.12/site-packages/airflow/example_dags/example_subdag_operator.py for tasks to queue
[2024-05-09T05:39:13.588+0000] {logging_mixin.py:188} INFO - [2024-05-09T05:39:13.588+0000] {dagbag.py:545} INFO - Filling up the DagBag from /home/airflow/.local/lib/python3.12/site-packages/airflow/example_dags/example_subdag_operator.py
[2024-05-09T05:39:13.615+0000] {processor.py:840} INFO - DAG(s) 'example_subdag_operator.section-1', 'example_subdag_operator.section-2', 'example_subdag_operator' retrieved from /home/airflow/.local/lib/python3.12/site-packages/airflow/example_dags/example_subdag_operator.py
[2024-05-09T05:39:13.631+0000] {logging_mixin.py:188} INFO - [2024-05-09T05:39:13.631+0000] {dag.py:3096} INFO - Sync 3 DAGs
[2024-05-09T05:39:13.654+0000] {logging_mixin.py:188} INFO - [2024-05-09T05:39:13.654+0000] {dag.py:3954} INFO - Setting next_dagrun for example_subdag_operator to 2022-01-01 00:00:00+00:00, run_after=2022-01-01 00:00:00+00:00
[2024-05-09T05:39:13.659+0000] {logging_mixin.py:188} INFO - [2024-05-09T05:39:13.659+0000] {dag.py:3954} INFO - Setting next_dagrun for example_subdag_operator.section-1 to None, run_after=None
[2024-05-09T05:39:13.660+0000] {logging_mixin.py:188} INFO - [2024-05-09T05:39:13.660+0000] {dag.py:3954} INFO - Setting next_dagrun for example_subdag_operator.section-2 to None, run_after=None
[2024-05-09T05:39:13.669+0000] {logging_mixin.py:188} INFO - [2024-05-09T05:39:13.668+0000] {dag.py:3096} INFO - Sync 2 DAGs
[2024-05-09T05:39:13.675+0000] {logging_mixin.py:188} INFO - [2024-05-09T05:39:13.675+0000] {dag.py:3954} INFO - Setting next_dagrun for example_subdag_operator.section-1 to None, run_after=None
[2024-05-09T05:39:13.675+0000] {logging_mixin.py:188} INFO - [2024-05-09T05:39:13.675+0000] {dag.py:3954} INFO - Setting next_dagrun for example_subdag_operator.section-2 to None, run_after=None
[2024-05-09T05:39:13.691+0000] {processor.py:183} INFO - Processing /home/airflow/.local/lib/python3.12/site-packages/airflow/example_dags/example_subdag_operator.py took 0.116 seconds
[2024-05-09T05:39:43.781+0000] {processor.py:161} INFO - Started process (PID=1409) to work on /home/airflow/.local/lib/python3.12/site-packages/airflow/example_dags/example_subdag_operator.py
[2024-05-09T05:39:43.782+0000] {processor.py:830} INFO - Processing file /home/airflow/.local/lib/python3.12/site-packages/airflow/example_dags/example_subdag_operator.py for tasks to queue
[2024-05-09T05:39:43.785+0000] {logging_mixin.py:188} INFO - [2024-05-09T05:39:43.784+0000] {dagbag.py:545} INFO - Filling up the DagBag from /home/airflow/.local/lib/python3.12/site-packages/airflow/example_dags/example_subdag_operator.py
[2024-05-09T05:39:43.809+0000] {processor.py:840} INFO - DAG(s) 'example_subdag_operator.section-1', 'example_subdag_operator.section-2', 'example_subdag_operator' retrieved from /home/airflow/.local/lib/python3.12/site-packages/airflow/example_dags/example_subdag_operator.py
[2024-05-09T05:39:43.824+0000] {logging_mixin.py:188} INFO - [2024-05-09T05:39:43.824+0000] {dag.py:3096} INFO - Sync 3 DAGs
[2024-05-09T05:39:43.842+0000] {logging_mixin.py:188} INFO - [2024-05-09T05:39:43.842+0000] {dag.py:3954} INFO - Setting next_dagrun for example_subdag_operator to 2022-01-01 00:00:00+00:00, run_after=2022-01-01 00:00:00+00:00
[2024-05-09T05:39:43.845+0000] {logging_mixin.py:188} INFO - [2024-05-09T05:39:43.845+0000] {dag.py:3954} INFO - Setting next_dagrun for example_subdag_operator.section-1 to None, run_after=None
[2024-05-09T05:39:43.846+0000] {logging_mixin.py:188} INFO - [2024-05-09T05:39:43.846+0000] {dag.py:3954} INFO - Setting next_dagrun for example_subdag_operator.section-2 to None, run_after=None
[2024-05-09T05:39:43.852+0000] {logging_mixin.py:188} INFO - [2024-05-09T05:39:43.852+0000] {dag.py:3096} INFO - Sync 2 DAGs
[2024-05-09T05:39:43.856+0000] {logging_mixin.py:188} INFO - [2024-05-09T05:39:43.856+0000] {dag.py:3954} INFO - Setting next_dagrun for example_subdag_operator.section-1 to None, run_after=None
[2024-05-09T05:39:43.856+0000] {logging_mixin.py:188} INFO - [2024-05-09T05:39:43.856+0000] {dag.py:3954} INFO - Setting next_dagrun for example_subdag_operator.section-2 to None, run_after=None
[2024-05-09T05:39:43.870+0000] {processor.py:183} INFO - Processing /home/airflow/.local/lib/python3.12/site-packages/airflow/example_dags/example_subdag_operator.py took 0.095 seconds
[2024-05-09T05:40:31.493+0000] {processor.py:161} INFO - Started process (PID=359) to work on /home/airflow/.local/lib/python3.12/site-packages/airflow/example_dags/example_subdag_operator.py
[2024-05-09T05:40:31.494+0000] {processor.py:830} INFO - Processing file /home/airflow/.local/lib/python3.12/site-packages/airflow/example_dags/example_subdag_operator.py for tasks to queue
[2024-05-09T05:40:31.496+0000] {logging_mixin.py:188} INFO - [2024-05-09T05:40:31.495+0000] {dagbag.py:545} INFO - Filling up the DagBag from /home/airflow/.local/lib/python3.12/site-packages/airflow/example_dags/example_subdag_operator.py
[2024-05-09T05:40:31.519+0000] {processor.py:840} INFO - DAG(s) 'example_subdag_operator.section-1', 'example_subdag_operator.section-2', 'example_subdag_operator' retrieved from /home/airflow/.local/lib/python3.12/site-packages/airflow/example_dags/example_subdag_operator.py
[2024-05-09T05:40:31.638+0000] {logging_mixin.py:188} INFO - [2024-05-09T05:40:31.637+0000] {dag.py:3096} INFO - Sync 3 DAGs
[2024-05-09T05:40:31.665+0000] {logging_mixin.py:188} INFO - [2024-05-09T05:40:31.665+0000] {dag.py:3954} INFO - Setting next_dagrun for example_subdag_operator to 2022-01-01 00:00:00+00:00, run_after=2022-01-01 00:00:00+00:00
[2024-05-09T05:40:31.668+0000] {logging_mixin.py:188} INFO - [2024-05-09T05:40:31.668+0000] {dag.py:3954} INFO - Setting next_dagrun for example_subdag_operator.section-1 to None, run_after=None
[2024-05-09T05:40:31.670+0000] {logging_mixin.py:188} INFO - [2024-05-09T05:40:31.670+0000] {dag.py:3954} INFO - Setting next_dagrun for example_subdag_operator.section-2 to None, run_after=None
[2024-05-09T05:40:31.679+0000] {logging_mixin.py:188} INFO - [2024-05-09T05:40:31.679+0000] {dag.py:3096} INFO - Sync 2 DAGs
[2024-05-09T05:40:31.684+0000] {logging_mixin.py:188} INFO - [2024-05-09T05:40:31.684+0000] {dag.py:3954} INFO - Setting next_dagrun for example_subdag_operator.section-1 to None, run_after=None
[2024-05-09T05:40:31.685+0000] {logging_mixin.py:188} INFO - [2024-05-09T05:40:31.685+0000] {dag.py:3954} INFO - Setting next_dagrun for example_subdag_operator.section-2 to None, run_after=None
[2024-05-09T05:40:31.700+0000] {processor.py:183} INFO - Processing /home/airflow/.local/lib/python3.12/site-packages/airflow/example_dags/example_subdag_operator.py took 0.212 seconds
[2024-05-09T05:41:02.655+0000] {processor.py:161} INFO - Started process (PID=621) to work on /home/airflow/.local/lib/python3.12/site-packages/airflow/example_dags/example_subdag_operator.py
[2024-05-09T05:41:02.657+0000] {processor.py:830} INFO - Processing file /home/airflow/.local/lib/python3.12/site-packages/airflow/example_dags/example_subdag_operator.py for tasks to queue
[2024-05-09T05:41:02.659+0000] {logging_mixin.py:188} INFO - [2024-05-09T05:41:02.659+0000] {dagbag.py:545} INFO - Filling up the DagBag from /home/airflow/.local/lib/python3.12/site-packages/airflow/example_dags/example_subdag_operator.py
[2024-05-09T05:41:02.692+0000] {processor.py:840} INFO - DAG(s) 'example_subdag_operator.section-1', 'example_subdag_operator.section-2', 'example_subdag_operator' retrieved from /home/airflow/.local/lib/python3.12/site-packages/airflow/example_dags/example_subdag_operator.py
[2024-05-09T05:41:02.714+0000] {logging_mixin.py:188} INFO - [2024-05-09T05:41:02.713+0000] {dag.py:3096} INFO - Sync 3 DAGs
[2024-05-09T05:41:02.739+0000] {logging_mixin.py:188} INFO - [2024-05-09T05:41:02.738+0000] {dag.py:3954} INFO - Setting next_dagrun for example_subdag_operator to 2022-01-01 00:00:00+00:00, run_after=2022-01-01 00:00:00+00:00
[2024-05-09T05:41:02.744+0000] {logging_mixin.py:188} INFO - [2024-05-09T05:41:02.743+0000] {dag.py:3954} INFO - Setting next_dagrun for example_subdag_operator.section-1 to None, run_after=None
[2024-05-09T05:41:02.745+0000] {logging_mixin.py:188} INFO - [2024-05-09T05:41:02.745+0000] {dag.py:3954} INFO - Setting next_dagrun for example_subdag_operator.section-2 to None, run_after=None
[2024-05-09T05:41:02.752+0000] {logging_mixin.py:188} INFO - [2024-05-09T05:41:02.752+0000] {dag.py:3096} INFO - Sync 2 DAGs
[2024-05-09T05:41:02.758+0000] {logging_mixin.py:188} INFO - [2024-05-09T05:41:02.758+0000] {dag.py:3954} INFO - Setting next_dagrun for example_subdag_operator.section-1 to None, run_after=None
[2024-05-09T05:41:02.759+0000] {logging_mixin.py:188} INFO - [2024-05-09T05:41:02.759+0000] {dag.py:3954} INFO - Setting next_dagrun for example_subdag_operator.section-2 to None, run_after=None
[2024-05-09T05:41:02.775+0000] {processor.py:183} INFO - Processing /home/airflow/.local/lib/python3.12/site-packages/airflow/example_dags/example_subdag_operator.py took 0.132 seconds
[2024-05-09T05:41:33.048+0000] {processor.py:161} INFO - Started process (PID=883) to work on /home/airflow/.local/lib/python3.12/site-packages/airflow/example_dags/example_subdag_operator.py
[2024-05-09T05:41:33.053+0000] {processor.py:830} INFO - Processing file /home/airflow/.local/lib/python3.12/site-packages/airflow/example_dags/example_subdag_operator.py for tasks to queue
[2024-05-09T05:41:33.056+0000] {logging_mixin.py:188} INFO - [2024-05-09T05:41:33.056+0000] {dagbag.py:545} INFO - Filling up the DagBag from /home/airflow/.local/lib/python3.12/site-packages/airflow/example_dags/example_subdag_operator.py
[2024-05-09T05:41:33.096+0000] {processor.py:840} INFO - DAG(s) 'example_subdag_operator.section-1', 'example_subdag_operator.section-2', 'example_subdag_operator' retrieved from /home/airflow/.local/lib/python3.12/site-packages/airflow/example_dags/example_subdag_operator.py
[2024-05-09T05:41:33.135+0000] {logging_mixin.py:188} INFO - [2024-05-09T05:41:33.134+0000] {dag.py:3096} INFO - Sync 3 DAGs
[2024-05-09T05:41:33.207+0000] {logging_mixin.py:188} INFO - [2024-05-09T05:41:33.206+0000] {dag.py:3954} INFO - Setting next_dagrun for example_subdag_operator to 2022-01-01 00:00:00+00:00, run_after=2022-01-01 00:00:00+00:00
[2024-05-09T05:41:33.220+0000] {logging_mixin.py:188} INFO - [2024-05-09T05:41:33.219+0000] {dag.py:3954} INFO - Setting next_dagrun for example_subdag_operator.section-1 to None, run_after=None
[2024-05-09T05:41:33.224+0000] {logging_mixin.py:188} INFO - [2024-05-09T05:41:33.224+0000] {dag.py:3954} INFO - Setting next_dagrun for example_subdag_operator.section-2 to None, run_after=None
[2024-05-09T05:41:33.242+0000] {logging_mixin.py:188} INFO - [2024-05-09T05:41:33.242+0000] {dag.py:3096} INFO - Sync 2 DAGs
[2024-05-09T05:41:33.257+0000] {logging_mixin.py:188} INFO - [2024-05-09T05:41:33.256+0000] {dag.py:3954} INFO - Setting next_dagrun for example_subdag_operator.section-1 to None, run_after=None
[2024-05-09T05:41:33.257+0000] {logging_mixin.py:188} INFO - [2024-05-09T05:41:33.257+0000] {dag.py:3954} INFO - Setting next_dagrun for example_subdag_operator.section-2 to None, run_after=None
[2024-05-09T05:41:33.291+0000] {processor.py:183} INFO - Processing /home/airflow/.local/lib/python3.12/site-packages/airflow/example_dags/example_subdag_operator.py took 0.253 seconds
