[2024-05-09T05:37:38.561+0000] {processor.py:161} INFO - Started process (PID=284) to work on /home/airflow/.local/lib/python3.12/site-packages/airflow/example_dags/tutorial.py
[2024-05-09T05:37:38.562+0000] {processor.py:830} INFO - Processing file /home/airflow/.local/lib/python3.12/site-packages/airflow/example_dags/tutorial.py for tasks to queue
[2024-05-09T05:37:38.564+0000] {logging_mixin.py:188} INFO - [2024-05-09T05:37:38.564+0000] {dagbag.py:545} INFO - Filling up the DagBag from /home/airflow/.local/lib/python3.12/site-packages/airflow/example_dags/tutorial.py
[2024-05-09T05:37:38.577+0000] {processor.py:840} INFO - DAG(s) 'tutorial' retrieved from /home/airflow/.local/lib/python3.12/site-packages/airflow/example_dags/tutorial.py
[2024-05-09T05:37:38.591+0000] {logging_mixin.py:188} INFO - [2024-05-09T05:37:38.591+0000] {dag.py:3096} INFO - Sync 1 DAGs
[2024-05-09T05:37:38.621+0000] {logging_mixin.py:188} INFO - [2024-05-09T05:37:38.621+0000] {dag.py:3954} INFO - Setting next_dagrun for tutorial to 2024-05-08 00:00:00+00:00, run_after=2024-05-09 00:00:00+00:00
[2024-05-09T05:37:38.642+0000] {processor.py:183} INFO - Processing /home/airflow/.local/lib/python3.12/site-packages/airflow/example_dags/tutorial.py took 0.088 seconds
[2024-05-09T05:38:08.857+0000] {processor.py:161} INFO - Started process (PID=546) to work on /home/airflow/.local/lib/python3.12/site-packages/airflow/example_dags/tutorial.py
[2024-05-09T05:38:08.858+0000] {processor.py:830} INFO - Processing file /home/airflow/.local/lib/python3.12/site-packages/airflow/example_dags/tutorial.py for tasks to queue
[2024-05-09T05:38:08.860+0000] {logging_mixin.py:188} INFO - [2024-05-09T05:38:08.860+0000] {dagbag.py:545} INFO - Filling up the DagBag from /home/airflow/.local/lib/python3.12/site-packages/airflow/example_dags/tutorial.py
[2024-05-09T05:38:08.869+0000] {processor.py:840} INFO - DAG(s) 'tutorial' retrieved from /home/airflow/.local/lib/python3.12/site-packages/airflow/example_dags/tutorial.py
[2024-05-09T05:38:08.885+0000] {logging_mixin.py:188} INFO - [2024-05-09T05:38:08.884+0000] {dag.py:3096} INFO - Sync 1 DAGs
[2024-05-09T05:38:08.912+0000] {logging_mixin.py:188} INFO - [2024-05-09T05:38:08.912+0000] {dag.py:3954} INFO - Setting next_dagrun for tutorial to 2024-05-08 00:00:00+00:00, run_after=2024-05-09 00:00:00+00:00
[2024-05-09T05:38:08.931+0000] {processor.py:183} INFO - Processing /home/airflow/.local/lib/python3.12/site-packages/airflow/example_dags/tutorial.py took 0.081 seconds
[2024-05-09T05:38:40.917+0000] {processor.py:161} INFO - Started process (PID=808) to work on /home/airflow/.local/lib/python3.12/site-packages/airflow/example_dags/tutorial.py
[2024-05-09T05:38:40.918+0000] {processor.py:830} INFO - Processing file /home/airflow/.local/lib/python3.12/site-packages/airflow/example_dags/tutorial.py for tasks to queue
[2024-05-09T05:38:40.920+0000] {logging_mixin.py:188} INFO - [2024-05-09T05:38:40.919+0000] {dagbag.py:545} INFO - Filling up the DagBag from /home/airflow/.local/lib/python3.12/site-packages/airflow/example_dags/tutorial.py
[2024-05-09T05:38:40.927+0000] {processor.py:840} INFO - DAG(s) 'tutorial' retrieved from /home/airflow/.local/lib/python3.12/site-packages/airflow/example_dags/tutorial.py
[2024-05-09T05:38:41.089+0000] {logging_mixin.py:188} INFO - [2024-05-09T05:38:41.089+0000] {dag.py:3096} INFO - Sync 1 DAGs
[2024-05-09T05:38:41.112+0000] {logging_mixin.py:188} INFO - [2024-05-09T05:38:41.112+0000] {dag.py:3954} INFO - Setting next_dagrun for tutorial to 2024-05-08 00:00:00+00:00, run_after=2024-05-09 00:00:00+00:00
[2024-05-09T05:38:41.132+0000] {processor.py:183} INFO - Processing /home/airflow/.local/lib/python3.12/site-packages/airflow/example_dags/tutorial.py took 0.222 seconds
[2024-05-09T05:39:11.349+0000] {processor.py:161} INFO - Started process (PID=1070) to work on /home/airflow/.local/lib/python3.12/site-packages/airflow/example_dags/tutorial.py
[2024-05-09T05:39:11.350+0000] {processor.py:830} INFO - Processing file /home/airflow/.local/lib/python3.12/site-packages/airflow/example_dags/tutorial.py for tasks to queue
[2024-05-09T05:39:11.352+0000] {logging_mixin.py:188} INFO - [2024-05-09T05:39:11.352+0000] {dagbag.py:545} INFO - Filling up the DagBag from /home/airflow/.local/lib/python3.12/site-packages/airflow/example_dags/tutorial.py
[2024-05-09T05:39:11.361+0000] {processor.py:840} INFO - DAG(s) 'tutorial' retrieved from /home/airflow/.local/lib/python3.12/site-packages/airflow/example_dags/tutorial.py
[2024-05-09T05:39:11.392+0000] {logging_mixin.py:188} INFO - [2024-05-09T05:39:11.392+0000] {dag.py:3096} INFO - Sync 1 DAGs
[2024-05-09T05:39:11.420+0000] {logging_mixin.py:188} INFO - [2024-05-09T05:39:11.420+0000] {dag.py:3954} INFO - Setting next_dagrun for tutorial to 2024-05-08 00:00:00+00:00, run_after=2024-05-09 00:00:00+00:00
[2024-05-09T05:39:11.441+0000] {processor.py:183} INFO - Processing /home/airflow/.local/lib/python3.12/site-packages/airflow/example_dags/tutorial.py took 0.104 seconds
[2024-05-09T05:39:41.679+0000] {processor.py:161} INFO - Started process (PID=1332) to work on /home/airflow/.local/lib/python3.12/site-packages/airflow/example_dags/tutorial.py
[2024-05-09T05:39:41.680+0000] {processor.py:830} INFO - Processing file /home/airflow/.local/lib/python3.12/site-packages/airflow/example_dags/tutorial.py for tasks to queue
[2024-05-09T05:39:41.682+0000] {logging_mixin.py:188} INFO - [2024-05-09T05:39:41.681+0000] {dagbag.py:545} INFO - Filling up the DagBag from /home/airflow/.local/lib/python3.12/site-packages/airflow/example_dags/tutorial.py
[2024-05-09T05:39:41.688+0000] {processor.py:840} INFO - DAG(s) 'tutorial' retrieved from /home/airflow/.local/lib/python3.12/site-packages/airflow/example_dags/tutorial.py
[2024-05-09T05:39:41.709+0000] {logging_mixin.py:188} INFO - [2024-05-09T05:39:41.709+0000] {dag.py:3096} INFO - Sync 1 DAGs
[2024-05-09T05:39:41.732+0000] {logging_mixin.py:188} INFO - [2024-05-09T05:39:41.732+0000] {dag.py:3954} INFO - Setting next_dagrun for tutorial to 2024-05-08 00:00:00+00:00, run_after=2024-05-09 00:00:00+00:00
[2024-05-09T05:39:41.750+0000] {processor.py:183} INFO - Processing /home/airflow/.local/lib/python3.12/site-packages/airflow/example_dags/tutorial.py took 0.076 seconds
[2024-05-09T05:40:29.682+0000] {processor.py:161} INFO - Started process (PID=284) to work on /home/airflow/.local/lib/python3.12/site-packages/airflow/example_dags/tutorial.py
[2024-05-09T05:40:29.683+0000] {processor.py:830} INFO - Processing file /home/airflow/.local/lib/python3.12/site-packages/airflow/example_dags/tutorial.py for tasks to queue
[2024-05-09T05:40:29.685+0000] {logging_mixin.py:188} INFO - [2024-05-09T05:40:29.685+0000] {dagbag.py:545} INFO - Filling up the DagBag from /home/airflow/.local/lib/python3.12/site-packages/airflow/example_dags/tutorial.py
[2024-05-09T05:40:29.694+0000] {processor.py:840} INFO - DAG(s) 'tutorial' retrieved from /home/airflow/.local/lib/python3.12/site-packages/airflow/example_dags/tutorial.py
[2024-05-09T05:40:29.802+0000] {logging_mixin.py:188} INFO - [2024-05-09T05:40:29.802+0000] {dag.py:3096} INFO - Sync 1 DAGs
[2024-05-09T05:40:29.821+0000] {logging_mixin.py:188} INFO - [2024-05-09T05:40:29.821+0000] {dag.py:3954} INFO - Setting next_dagrun for tutorial to 2024-05-08 00:00:00+00:00, run_after=2024-05-09 00:00:00+00:00
[2024-05-09T05:40:29.842+0000] {processor.py:183} INFO - Processing /home/airflow/.local/lib/python3.12/site-packages/airflow/example_dags/tutorial.py took 0.165 seconds
[2024-05-09T05:41:00.349+0000] {processor.py:161} INFO - Started process (PID=546) to work on /home/airflow/.local/lib/python3.12/site-packages/airflow/example_dags/tutorial.py
[2024-05-09T05:41:00.350+0000] {processor.py:830} INFO - Processing file /home/airflow/.local/lib/python3.12/site-packages/airflow/example_dags/tutorial.py for tasks to queue
[2024-05-09T05:41:00.352+0000] {logging_mixin.py:188} INFO - [2024-05-09T05:41:00.351+0000] {dagbag.py:545} INFO - Filling up the DagBag from /home/airflow/.local/lib/python3.12/site-packages/airflow/example_dags/tutorial.py
[2024-05-09T05:41:00.358+0000] {processor.py:840} INFO - DAG(s) 'tutorial' retrieved from /home/airflow/.local/lib/python3.12/site-packages/airflow/example_dags/tutorial.py
[2024-05-09T05:41:00.378+0000] {logging_mixin.py:188} INFO - [2024-05-09T05:41:00.378+0000] {dag.py:3096} INFO - Sync 1 DAGs
[2024-05-09T05:41:00.400+0000] {logging_mixin.py:188} INFO - [2024-05-09T05:41:00.400+0000] {dag.py:3954} INFO - Setting next_dagrun for tutorial to 2024-05-08 00:00:00+00:00, run_after=2024-05-09 00:00:00+00:00
[2024-05-09T05:41:00.420+0000] {processor.py:183} INFO - Processing /home/airflow/.local/lib/python3.12/site-packages/airflow/example_dags/tutorial.py took 0.077 seconds
[2024-05-09T05:41:30.705+0000] {processor.py:161} INFO - Started process (PID=808) to work on /home/airflow/.local/lib/python3.12/site-packages/airflow/example_dags/tutorial.py
[2024-05-09T05:41:30.706+0000] {processor.py:830} INFO - Processing file /home/airflow/.local/lib/python3.12/site-packages/airflow/example_dags/tutorial.py for tasks to queue
[2024-05-09T05:41:30.708+0000] {logging_mixin.py:188} INFO - [2024-05-09T05:41:30.708+0000] {dagbag.py:545} INFO - Filling up the DagBag from /home/airflow/.local/lib/python3.12/site-packages/airflow/example_dags/tutorial.py
[2024-05-09T05:41:30.717+0000] {processor.py:840} INFO - DAG(s) 'tutorial' retrieved from /home/airflow/.local/lib/python3.12/site-packages/airflow/example_dags/tutorial.py
[2024-05-09T05:41:30.746+0000] {logging_mixin.py:188} INFO - [2024-05-09T05:41:30.746+0000] {dag.py:3096} INFO - Sync 1 DAGs
[2024-05-09T05:41:30.783+0000] {logging_mixin.py:188} INFO - [2024-05-09T05:41:30.782+0000] {dag.py:3954} INFO - Setting next_dagrun for tutorial to 2024-05-08 00:00:00+00:00, run_after=2024-05-09 00:00:00+00:00
[2024-05-09T05:41:30.812+0000] {processor.py:183} INFO - Processing /home/airflow/.local/lib/python3.12/site-packages/airflow/example_dags/tutorial.py took 0.118 seconds
