[2024-05-09T05:37:39.459+0000] {processor.py:161} INFO - Started process (PID=354) to work on /home/airflow/.local/lib/python3.12/site-packages/airflow/example_dags/tutorial_taskflow_api.py
[2024-05-09T05:37:39.459+0000] {processor.py:830} INFO - Processing file /home/airflow/.local/lib/python3.12/site-packages/airflow/example_dags/tutorial_taskflow_api.py for tasks to queue
[2024-05-09T05:37:39.461+0000] {logging_mixin.py:188} INFO - [2024-05-09T05:37:39.461+0000] {dagbag.py:545} INFO - Filling up the DagBag from /home/airflow/.local/lib/python3.12/site-packages/airflow/example_dags/tutorial_taskflow_api.py
[2024-05-09T05:37:39.469+0000] {processor.py:840} INFO - DAG(s) 'tutorial_taskflow_api' retrieved from /home/airflow/.local/lib/python3.12/site-packages/airflow/example_dags/tutorial_taskflow_api.py
[2024-05-09T05:37:39.479+0000] {logging_mixin.py:188} INFO - [2024-05-09T05:37:39.479+0000] {dag.py:3096} INFO - Sync 1 DAGs
[2024-05-09T05:37:39.497+0000] {logging_mixin.py:188} INFO - [2024-05-09T05:37:39.497+0000] {dag.py:3954} INFO - Setting next_dagrun for tutorial_taskflow_api to None, run_after=None
[2024-05-09T05:37:39.520+0000] {processor.py:183} INFO - Processing /home/airflow/.local/lib/python3.12/site-packages/airflow/example_dags/tutorial_taskflow_api.py took 0.067 seconds
[2024-05-09T05:38:09.693+0000] {processor.py:161} INFO - Started process (PID=611) to work on /home/airflow/.local/lib/python3.12/site-packages/airflow/example_dags/tutorial_taskflow_api.py
[2024-05-09T05:38:09.694+0000] {processor.py:830} INFO - Processing file /home/airflow/.local/lib/python3.12/site-packages/airflow/example_dags/tutorial_taskflow_api.py for tasks to queue
[2024-05-09T05:38:09.697+0000] {logging_mixin.py:188} INFO - [2024-05-09T05:38:09.696+0000] {dagbag.py:545} INFO - Filling up the DagBag from /home/airflow/.local/lib/python3.12/site-packages/airflow/example_dags/tutorial_taskflow_api.py
[2024-05-09T05:38:09.705+0000] {processor.py:840} INFO - DAG(s) 'tutorial_taskflow_api' retrieved from /home/airflow/.local/lib/python3.12/site-packages/airflow/example_dags/tutorial_taskflow_api.py
[2024-05-09T05:38:09.719+0000] {logging_mixin.py:188} INFO - [2024-05-09T05:38:09.718+0000] {dag.py:3096} INFO - Sync 1 DAGs
[2024-05-09T05:38:09.734+0000] {logging_mixin.py:188} INFO - [2024-05-09T05:38:09.734+0000] {dag.py:3954} INFO - Setting next_dagrun for tutorial_taskflow_api to None, run_after=None
[2024-05-09T05:38:09.757+0000] {processor.py:183} INFO - Processing /home/airflow/.local/lib/python3.12/site-packages/airflow/example_dags/tutorial_taskflow_api.py took 0.072 seconds
[2024-05-09T05:38:43.036+0000] {processor.py:161} INFO - Started process (PID=878) to work on /home/airflow/.local/lib/python3.12/site-packages/airflow/example_dags/tutorial_taskflow_api.py
[2024-05-09T05:38:43.038+0000] {processor.py:830} INFO - Processing file /home/airflow/.local/lib/python3.12/site-packages/airflow/example_dags/tutorial_taskflow_api.py for tasks to queue
[2024-05-09T05:38:43.040+0000] {logging_mixin.py:188} INFO - [2024-05-09T05:38:43.040+0000] {dagbag.py:545} INFO - Filling up the DagBag from /home/airflow/.local/lib/python3.12/site-packages/airflow/example_dags/tutorial_taskflow_api.py
[2024-05-09T05:38:43.048+0000] {processor.py:840} INFO - DAG(s) 'tutorial_taskflow_api' retrieved from /home/airflow/.local/lib/python3.12/site-packages/airflow/example_dags/tutorial_taskflow_api.py
[2024-05-09T05:38:43.163+0000] {logging_mixin.py:188} INFO - [2024-05-09T05:38:43.163+0000] {dag.py:3096} INFO - Sync 1 DAGs
[2024-05-09T05:38:43.173+0000] {logging_mixin.py:188} INFO - [2024-05-09T05:38:43.173+0000] {dag.py:3954} INFO - Setting next_dagrun for tutorial_taskflow_api to None, run_after=None
[2024-05-09T05:38:43.195+0000] {processor.py:183} INFO - Processing /home/airflow/.local/lib/python3.12/site-packages/airflow/example_dags/tutorial_taskflow_api.py took 0.165 seconds
[2024-05-09T05:39:13.436+0000] {processor.py:161} INFO - Started process (PID=1140) to work on /home/airflow/.local/lib/python3.12/site-packages/airflow/example_dags/tutorial_taskflow_api.py
[2024-05-09T05:39:13.441+0000] {processor.py:830} INFO - Processing file /home/airflow/.local/lib/python3.12/site-packages/airflow/example_dags/tutorial_taskflow_api.py for tasks to queue
[2024-05-09T05:39:13.445+0000] {logging_mixin.py:188} INFO - [2024-05-09T05:39:13.444+0000] {dagbag.py:545} INFO - Filling up the DagBag from /home/airflow/.local/lib/python3.12/site-packages/airflow/example_dags/tutorial_taskflow_api.py
[2024-05-09T05:39:13.458+0000] {processor.py:840} INFO - DAG(s) 'tutorial_taskflow_api' retrieved from /home/airflow/.local/lib/python3.12/site-packages/airflow/example_dags/tutorial_taskflow_api.py
[2024-05-09T05:39:13.490+0000] {logging_mixin.py:188} INFO - [2024-05-09T05:39:13.490+0000] {dag.py:3096} INFO - Sync 1 DAGs
[2024-05-09T05:39:13.516+0000] {logging_mixin.py:188} INFO - [2024-05-09T05:39:13.516+0000] {dag.py:3954} INFO - Setting next_dagrun for tutorial_taskflow_api to None, run_after=None
[2024-05-09T05:39:13.550+0000] {processor.py:183} INFO - Processing /home/airflow/.local/lib/python3.12/site-packages/airflow/example_dags/tutorial_taskflow_api.py took 0.124 seconds
[2024-05-09T05:39:43.618+0000] {processor.py:161} INFO - Started process (PID=1402) to work on /home/airflow/.local/lib/python3.12/site-packages/airflow/example_dags/tutorial_taskflow_api.py
[2024-05-09T05:39:43.619+0000] {processor.py:830} INFO - Processing file /home/airflow/.local/lib/python3.12/site-packages/airflow/example_dags/tutorial_taskflow_api.py for tasks to queue
[2024-05-09T05:39:43.620+0000] {logging_mixin.py:188} INFO - [2024-05-09T05:39:43.620+0000] {dagbag.py:545} INFO - Filling up the DagBag from /home/airflow/.local/lib/python3.12/site-packages/airflow/example_dags/tutorial_taskflow_api.py
[2024-05-09T05:39:43.626+0000] {processor.py:840} INFO - DAG(s) 'tutorial_taskflow_api' retrieved from /home/airflow/.local/lib/python3.12/site-packages/airflow/example_dags/tutorial_taskflow_api.py
[2024-05-09T05:39:43.646+0000] {logging_mixin.py:188} INFO - [2024-05-09T05:39:43.646+0000] {dag.py:3096} INFO - Sync 1 DAGs
[2024-05-09T05:39:43.659+0000] {logging_mixin.py:188} INFO - [2024-05-09T05:39:43.658+0000] {dag.py:3954} INFO - Setting next_dagrun for tutorial_taskflow_api to None, run_after=None
[2024-05-09T05:39:43.675+0000] {processor.py:183} INFO - Processing /home/airflow/.local/lib/python3.12/site-packages/airflow/example_dags/tutorial_taskflow_api.py took 0.063 seconds
[2024-05-09T05:40:31.305+0000] {processor.py:161} INFO - Started process (PID=354) to work on /home/airflow/.local/lib/python3.12/site-packages/airflow/example_dags/tutorial_taskflow_api.py
[2024-05-09T05:40:31.306+0000] {processor.py:830} INFO - Processing file /home/airflow/.local/lib/python3.12/site-packages/airflow/example_dags/tutorial_taskflow_api.py for tasks to queue
[2024-05-09T05:40:31.308+0000] {logging_mixin.py:188} INFO - [2024-05-09T05:40:31.308+0000] {dagbag.py:545} INFO - Filling up the DagBag from /home/airflow/.local/lib/python3.12/site-packages/airflow/example_dags/tutorial_taskflow_api.py
[2024-05-09T05:40:31.321+0000] {processor.py:840} INFO - DAG(s) 'tutorial_taskflow_api' retrieved from /home/airflow/.local/lib/python3.12/site-packages/airflow/example_dags/tutorial_taskflow_api.py
[2024-05-09T05:40:31.421+0000] {logging_mixin.py:188} INFO - [2024-05-09T05:40:31.421+0000] {dag.py:3096} INFO - Sync 1 DAGs
[2024-05-09T05:40:31.437+0000] {logging_mixin.py:188} INFO - [2024-05-09T05:40:31.436+0000] {dag.py:3954} INFO - Setting next_dagrun for tutorial_taskflow_api to None, run_after=None
[2024-05-09T05:40:31.464+0000] {processor.py:183} INFO - Processing /home/airflow/.local/lib/python3.12/site-packages/airflow/example_dags/tutorial_taskflow_api.py took 0.166 seconds
[2024-05-09T05:41:02.537+0000] {processor.py:161} INFO - Started process (PID=616) to work on /home/airflow/.local/lib/python3.12/site-packages/airflow/example_dags/tutorial_taskflow_api.py
[2024-05-09T05:41:02.538+0000] {processor.py:830} INFO - Processing file /home/airflow/.local/lib/python3.12/site-packages/airflow/example_dags/tutorial_taskflow_api.py for tasks to queue
[2024-05-09T05:41:02.541+0000] {logging_mixin.py:188} INFO - [2024-05-09T05:41:02.541+0000] {dagbag.py:545} INFO - Filling up the DagBag from /home/airflow/.local/lib/python3.12/site-packages/airflow/example_dags/tutorial_taskflow_api.py
[2024-05-09T05:41:02.552+0000] {processor.py:840} INFO - DAG(s) 'tutorial_taskflow_api' retrieved from /home/airflow/.local/lib/python3.12/site-packages/airflow/example_dags/tutorial_taskflow_api.py
[2024-05-09T05:41:02.586+0000] {logging_mixin.py:188} INFO - [2024-05-09T05:41:02.586+0000] {dag.py:3096} INFO - Sync 1 DAGs
[2024-05-09T05:41:02.609+0000] {logging_mixin.py:188} INFO - [2024-05-09T05:41:02.609+0000] {dag.py:3954} INFO - Setting next_dagrun for tutorial_taskflow_api to None, run_after=None
[2024-05-09T05:41:02.639+0000] {processor.py:183} INFO - Processing /home/airflow/.local/lib/python3.12/site-packages/airflow/example_dags/tutorial_taskflow_api.py took 0.113 seconds
[2024-05-09T05:41:32.898+0000] {processor.py:161} INFO - Started process (PID=878) to work on /home/airflow/.local/lib/python3.12/site-packages/airflow/example_dags/tutorial_taskflow_api.py
[2024-05-09T05:41:32.900+0000] {processor.py:830} INFO - Processing file /home/airflow/.local/lib/python3.12/site-packages/airflow/example_dags/tutorial_taskflow_api.py for tasks to queue
[2024-05-09T05:41:32.904+0000] {logging_mixin.py:188} INFO - [2024-05-09T05:41:32.903+0000] {dagbag.py:545} INFO - Filling up the DagBag from /home/airflow/.local/lib/python3.12/site-packages/airflow/example_dags/tutorial_taskflow_api.py
[2024-05-09T05:41:32.915+0000] {processor.py:840} INFO - DAG(s) 'tutorial_taskflow_api' retrieved from /home/airflow/.local/lib/python3.12/site-packages/airflow/example_dags/tutorial_taskflow_api.py
[2024-05-09T05:41:32.948+0000] {logging_mixin.py:188} INFO - [2024-05-09T05:41:32.947+0000] {dag.py:3096} INFO - Sync 1 DAGs
[2024-05-09T05:41:32.973+0000] {logging_mixin.py:188} INFO - [2024-05-09T05:41:32.972+0000] {dag.py:3954} INFO - Setting next_dagrun for tutorial_taskflow_api to None, run_after=None
[2024-05-09T05:41:33.007+0000] {processor.py:183} INFO - Processing /home/airflow/.local/lib/python3.12/site-packages/airflow/example_dags/tutorial_taskflow_api.py took 0.121 seconds
