[2024-05-09T06:08:38.874+0000] {local_task_job_runner.py:120} INFO - ::group::Pre task execution logs
[2024-05-09T06:08:38.915+0000] {taskinstance.py:2076} INFO - Dependencies all met for dep_context=non-requeueable deps ti=<TaskInstance: our_first_dag_v1.first_task scheduled__2024-05-08T00:00:00+00:00 [queued]>
[2024-05-09T06:08:38.925+0000] {taskinstance.py:2076} INFO - Dependencies all met for dep_context=requeueable deps ti=<TaskInstance: our_first_dag_v1.first_task scheduled__2024-05-08T00:00:00+00:00 [queued]>
[2024-05-09T06:08:38.925+0000] {taskinstance.py:2306} INFO - Starting attempt 1 of 6
[2024-05-09T06:08:38.938+0000] {taskinstance.py:2330} INFO - Executing <Task(BashOperator): first_task> on 2024-05-08 00:00:00+00:00
[2024-05-09T06:08:38.945+0000] {standard_task_runner.py:90} INFO - Running: ['***', 'tasks', 'run', 'our_first_dag_v1', 'first_task', 'scheduled__2024-05-08T00:00:00+00:00', '--job-id', '3', '--raw', '--subdir', 'DAGS_FOLDER/first_dag.py', '--cfg-path', '/tmp/tmpv0io2mni']
[2024-05-09T06:08:38.947+0000] {standard_task_runner.py:91} INFO - Job 3: Subtask first_task
[2024-05-09T06:08:38.948+0000] {logging_mixin.py:188} WARNING - /home/***/.local/lib/python3.12/site-packages/***/task/task_runner/standard_task_runner.py:61 DeprecationWarning: This process (pid=307) is multi-threaded, use of fork() may lead to deadlocks in the child.
[2024-05-09T06:08:38.949+0000] {standard_task_runner.py:63} INFO - Started process 308 to run task
[2024-05-09T06:08:38.992+0000] {task_command.py:426} INFO - Running <TaskInstance: our_first_dag_v1.first_task scheduled__2024-05-08T00:00:00+00:00 [running]> on host dab92a57e2e4
[2024-05-09T06:08:39.088+0000] {taskinstance.py:2648} INFO - Exporting env vars: AIRFLOW_CTX_DAG_OWNER='coder2j' AIRFLOW_CTX_DAG_ID='our_first_dag_v1' AIRFLOW_CTX_TASK_ID='first_task' AIRFLOW_CTX_EXECUTION_DATE='2024-05-08T00:00:00+00:00' AIRFLOW_CTX_TRY_NUMBER='1' AIRFLOW_CTX_DAG_RUN_ID='scheduled__2024-05-08T00:00:00+00:00'
[2024-05-09T06:08:39.089+0000] {taskinstance.py:430} INFO - ::endgroup::
[2024-05-09T06:08:39.132+0000] {subprocess.py:63} INFO - Tmp dir root location: /tmp
[2024-05-09T06:08:39.133+0000] {subprocess.py:75} INFO - Running command: ['/usr/bin/bash', '-c', 'echo hello world, this is the first task!']
[2024-05-09T06:08:39.146+0000] {subprocess.py:86} INFO - Output:
[2024-05-09T06:08:39.148+0000] {subprocess.py:93} INFO - hello world, this is the first task!
[2024-05-09T06:08:39.148+0000] {subprocess.py:97} INFO - Command exited with return code 0
[2024-05-09T06:08:39.149+0000] {taskinstance.py:441} INFO - ::group::Post task execution logs
[2024-05-09T06:08:39.174+0000] {taskinstance.py:1206} INFO - Marking task as SUCCESS. dag_id=our_first_dag_v1, task_id=first_task, run_id=scheduled__2024-05-08T00:00:00+00:00, execution_date=20240508T000000, start_date=20240509T060838, end_date=20240509T060839
[2024-05-09T06:08:39.203+0000] {local_task_job_runner.py:240} INFO - Task exited with return code 0
[2024-05-09T06:08:39.221+0000] {taskinstance.py:3498} INFO - 0 downstream tasks scheduled from follow-on schedule check
[2024-05-09T06:08:39.223+0000] {local_task_job_runner.py:222} INFO - ::endgroup::
