[2024-05-09T06:41:09.835+0000] {local_task_job_runner.py:120} INFO - ::group::Pre task execution logs
[2024-05-09T06:41:10.217+0000] {taskinstance.py:2076} INFO - Dependencies all met for dep_context=non-requeueable deps ti=<TaskInstance: python_operator_v5.Welcome scheduled__2024-05-05T00:00:00+00:00 [queued]>
[2024-05-09T06:41:10.368+0000] {taskinstance.py:2076} INFO - Dependencies all met for dep_context=requeueable deps ti=<TaskInstance: python_operator_v5.Welcome scheduled__2024-05-05T00:00:00+00:00 [queued]>
[2024-05-09T06:41:10.370+0000] {taskinstance.py:2306} INFO - Starting attempt 1 of 6
[2024-05-09T06:41:10.952+0000] {taskinstance.py:2330} INFO - Executing <Task(PythonOperator): Welcome> on 2024-05-05 00:00:00+00:00
[2024-05-09T06:41:11.037+0000] {logging_mixin.py:188} WARNING - /home/***/.local/lib/python3.12/site-packages/***/task/task_runner/standard_task_runner.py:61 DeprecationWarning: This process (pid=2037) is multi-threaded, use of fork() may lead to deadlocks in the child.
[2024-05-09T06:41:11.053+0000] {standard_task_runner.py:63} INFO - Started process 2042 to run task
[2024-05-09T06:41:11.038+0000] {standard_task_runner.py:90} INFO - Running: ['***', 'tasks', 'run', 'python_operator_v5', 'Welcome', 'scheduled__2024-05-05T00:00:00+00:00', '--job-id', '50', '--raw', '--subdir', 'DAGS_FOLDER/python_operator.py', '--cfg-path', '/tmp/tmp0rbw8lz6']
[2024-05-09T06:41:11.057+0000] {standard_task_runner.py:91} INFO - Job 50: Subtask Welcome
[2024-05-09T06:41:11.474+0000] {task_command.py:426} INFO - Running <TaskInstance: python_operator_v5.Welcome scheduled__2024-05-05T00:00:00+00:00 [running]> on host dab92a57e2e4
[2024-05-09T06:41:12.117+0000] {taskinstance.py:2648} INFO - Exporting env vars: AIRFLOW_CTX_DAG_OWNER='myself' AIRFLOW_CTX_DAG_ID='python_operator_v5' AIRFLOW_CTX_TASK_ID='Welcome' AIRFLOW_CTX_EXECUTION_DATE='2024-05-05T00:00:00+00:00' AIRFLOW_CTX_TRY_NUMBER='1' AIRFLOW_CTX_DAG_RUN_ID='scheduled__2024-05-05T00:00:00+00:00'
[2024-05-09T06:41:12.120+0000] {taskinstance.py:430} INFO - ::endgroup::
[2024-05-09T06:41:12.453+0000] {logging_mixin.py:188} INFO - 
****************************************************************
Hello World! My name is Rachii Ravindra, and I am 21 years old!
****************************************************************
[2024-05-09T06:41:12.454+0000] {python.py:237} INFO - Done. Returned value was: None
[2024-05-09T06:41:12.456+0000] {taskinstance.py:441} INFO - ::group::Post task execution logs
[2024-05-09T06:41:12.512+0000] {taskinstance.py:1206} INFO - Marking task as SUCCESS. dag_id=python_operator_v5, task_id=Welcome, run_id=scheduled__2024-05-05T00:00:00+00:00, execution_date=20240505T000000, start_date=20240509T064110, end_date=20240509T064112
[2024-05-09T06:41:12.623+0000] {local_task_job_runner.py:240} INFO - Task exited with return code 0
[2024-05-09T06:41:12.709+0000] {taskinstance.py:3498} INFO - 0 downstream tasks scheduled from follow-on schedule check
[2024-05-09T06:41:12.716+0000] {local_task_job_runner.py:222} INFO - ::endgroup::
